
 Performance counter stats for './mandelbrot_pth 0.175 0.375 -0.1 0.1 16 1' (10 runs):

          0.841774      task-clock (msec)         #    0.722 CPUs utilized            ( +-  0.58% )
                 1      context-switches          #    0.001 M/sec                  
                 1      cpu-migrations            #    0.001 M/sec                    ( +-  9.09% )
                62      page-faults               #    0.074 M/sec                    ( +-  0.66% )
   <not supported>      cycles                   
   <not supported>      stalled-cycles-frontend  
   <not supported>      stalled-cycles-backend   
   <not supported>      instructions             
   <not supported>      branches                 
   <not supported>      branch-misses            

       0.001166692 seconds time elapsed                                          ( +-  0.75% )


 Performance counter stats for './mandelbrot_pth 0.175 0.375 -0.1 0.1 32 1' (10 runs):

          1.915258      task-clock (msec)         #    0.862 CPUs utilized            ( +-  0.65% )
                 1      context-switches          #    0.522 K/sec                  
                 1      cpu-migrations            #    0.574 K/sec                    ( +-  9.09% )
                62      page-faults               #    0.033 M/sec                    ( +-  0.43% )
   <not supported>      cycles                   
   <not supported>      stalled-cycles-frontend  
   <not supported>      stalled-cycles-backend   
   <not supported>      instructions             
   <not supported>      branches                 
   <not supported>      branch-misses            

       0.002220675 seconds time elapsed                                          ( +-  0.70% )


 Performance counter stats for './mandelbrot_pth 0.175 0.375 -0.1 0.1 64 1' (10 runs):

          6.011863      task-clock (msec)         #    0.947 CPUs utilized            ( +-  0.18% )
                 1      context-switches          #    0.166 K/sec                  
                 1      cpu-migrations            #    0.166 K/sec                  
                62      page-faults               #    0.010 M/sec                    ( +-  0.42% )
   <not supported>      cycles                   
   <not supported>      stalled-cycles-frontend  
   <not supported>      stalled-cycles-backend   
   <not supported>      instructions             
   <not supported>      branches                 
   <not supported>      branch-misses            

       0.006349959 seconds time elapsed                                          ( +-  0.20% )


 Performance counter stats for './mandelbrot_pth 0.175 0.375 -0.1 0.1 128 1' (10 runs):

         22.360164      task-clock (msec)         #    0.984 CPUs utilized            ( +-  0.12% )
                 1      context-switches          #    0.045 K/sec                  
                 1      cpu-migrations            #    0.045 K/sec                  
                62      page-faults               #    0.003 M/sec                    ( +-  0.51% )
   <not supported>      cycles                   
   <not supported>      stalled-cycles-frontend  
   <not supported>      stalled-cycles-backend   
   <not supported>      instructions             
   <not supported>      branches                 
   <not supported>      branch-misses            

       0.022719607 seconds time elapsed                                          ( +-  0.11% )


 Performance counter stats for './mandelbrot_pth 0.175 0.375 -0.1 0.1 256 1' (10 runs):

         87.770132      task-clock (msec)         #    0.995 CPUs utilized            ( +-  0.05% )
                 1      context-switches          #    0.014 K/sec                    ( +- 16.67% )
                 1      cpu-migrations            #    0.011 K/sec                  
                62      page-faults               #    0.708 K/sec                    ( +-  0.38% )
   <not supported>      cycles                   
   <not supported>      stalled-cycles-frontend  
   <not supported>      stalled-cycles-backend   
   <not supported>      instructions             
   <not supported>      branches                 
   <not supported>      branch-misses            

       0.088200005 seconds time elapsed                                          ( +-  0.05% )


 Performance counter stats for './mandelbrot_pth 0.175 0.375 -0.1 0.1 512 1' (10 runs):

        348.231734      task-clock (msec)         #    0.999 CPUs utilized            ( +-  0.05% )
                 2      context-switches          #    0.005 K/sec                    ( +- 16.67% )
                 1      cpu-migrations            #    0.003 K/sec                  
                63      page-faults               #    0.181 K/sec                    ( +-  0.29% )
   <not supported>      cycles                   
   <not supported>      stalled-cycles-frontend  
   <not supported>      stalled-cycles-backend   
   <not supported>      instructions             
   <not supported>      branches                 
   <not supported>      branch-misses            

       0.348677672 seconds time elapsed                                          ( +-  0.05% )


 Performance counter stats for './mandelbrot_pth 0.175 0.375 -0.1 0.1 1024 1' (10 runs):

       1397.414829      task-clock (msec)         #    1.000 CPUs utilized            ( +-  0.72% )
                 4      context-switches          #    0.003 K/sec                    ( +- 11.43% )
                 1      cpu-migrations            #    0.001 K/sec                  
                62      page-faults               #    0.044 K/sec                    ( +-  0.38% )
   <not supported>      cycles                   
   <not supported>      stalled-cycles-frontend  
   <not supported>      stalled-cycles-backend   
   <not supported>      instructions             
   <not supported>      branches                 
   <not supported>      branch-misses            

       1.397820355 seconds time elapsed                                          ( +-  0.72% )


 Performance counter stats for './mandelbrot_pth 0.175 0.375 -0.1 0.1 2048 1' (10 runs):

       5536.673405      task-clock (msec)         #    1.000 CPUs utilized            ( +-  0.03% )
                11      context-switches          #    0.002 K/sec                    ( +-  1.65% )
                 1      cpu-migrations            #    0.000 K/sec                  
                62      page-faults               #    0.011 K/sec                    ( +-  0.65% )
   <not supported>      cycles                   
   <not supported>      stalled-cycles-frontend  
   <not supported>      stalled-cycles-backend   
   <not supported>      instructions             
   <not supported>      branches                 
   <not supported>      branch-misses            

       5.537191721 seconds time elapsed                                          ( +-  0.03% )


 Performance counter stats for './mandelbrot_pth 0.175 0.375 -0.1 0.1 4096 1' (10 runs):

      22416.036535      task-clock (msec)         #    1.000 CPUs utilized            ( +-  0.67% )
                40      context-switches          #    0.002 K/sec                    ( +-  0.92% )
                 1      cpu-migrations            #    0.000 K/sec                  
                63      page-faults               #    0.003 K/sec                    ( +-  0.35% )
   <not supported>      cycles                   
   <not supported>      stalled-cycles-frontend  
   <not supported>      stalled-cycles-backend   
   <not supported>      instructions             
   <not supported>      branches                 
   <not supported>      branch-misses            

      22.417108452 seconds time elapsed                                          ( +-  0.67% )


 Performance counter stats for './mandelbrot_pth 0.175 0.375 -0.1 0.1 8192 1' (10 runs):

      90758.073875      task-clock (msec)         #    1.000 CPUs utilized            ( +-  0.89% )
               161      context-switches          #    0.002 K/sec                    ( +-  0.92% )
                 1      cpu-migrations            #    0.000 K/sec                  
                62      page-faults               #    0.001 K/sec                    ( +-  0.36% )
   <not supported>      cycles                   
   <not supported>      stalled-cycles-frontend  
   <not supported>      stalled-cycles-backend   
   <not supported>      instructions             
   <not supported>      branches                 
   <not supported>      branch-misses            

      90.761347230 seconds time elapsed                                          ( +-  0.89% )


 Performance counter stats for './mandelbrot_pth 0.175 0.375 -0.1 0.1 16 2' (10 runs):

          1.082316      task-clock (msec)         #    0.906 CPUs utilized            ( +-  2.49% )
                 2      context-switches          #    0.002 M/sec                    ( +-  6.06% )
                 2      cpu-migrations            #    0.002 M/sec                    ( +-  4.76% )
                64      page-faults               #    0.059 M/sec                    ( +-  0.33% )
   <not supported>      cycles                   
   <not supported>      stalled-cycles-frontend  
   <not supported>      stalled-cycles-backend   
   <not supported>      instructions             
   <not supported>      branches                 
   <not supported>      branch-misses            

       0.001194326 seconds time elapsed                                          ( +-  2.68% )


 Performance counter stats for './mandelbrot_pth 0.175 0.375 -0.1 0.1 32 2' (10 runs):

          2.200513      task-clock (msec)         #    1.219 CPUs utilized            ( +-  1.50% )
                 2      context-switches          #    0.909 K/sec                  
                 2      cpu-migrations            #    0.909 K/sec                  
                64      page-faults               #    0.029 M/sec                    ( +-  0.66% )
   <not supported>      cycles                   
   <not supported>      stalled-cycles-frontend  
   <not supported>      stalled-cycles-backend   
   <not supported>      instructions             
   <not supported>      branches                 
   <not supported>      branch-misses            

       0.001805326 seconds time elapsed                                          ( +-  2.52% )


 Performance counter stats for './mandelbrot_pth 0.175 0.375 -0.1 0.1 64 2' (10 runs):

          6.297152      task-clock (msec)         #    1.685 CPUs utilized            ( +-  0.41% )
                 2      context-switches          #    0.381 K/sec                    ( +-  6.80% )
                 2      cpu-migrations            #    0.349 K/sec                    ( +-  6.06% )
                64      page-faults               #    0.010 M/sec                    ( +-  0.54% )
   <not supported>      cycles                   
   <not supported>      stalled-cycles-frontend  
   <not supported>      stalled-cycles-backend   
   <not supported>      instructions             
   <not supported>      branches                 
   <not supported>      branch-misses            

       0.003737870 seconds time elapsed                                          ( +-  0.52% )


 Performance counter stats for './mandelbrot_pth 0.175 0.375 -0.1 0.1 128 2' (10 runs):

         23.450178      task-clock (msec)         #    1.895 CPUs utilized            ( +-  0.64% )
                 4      context-switches          #    0.171 K/sec                    ( +-  9.13% )
                 2      cpu-migrations            #    0.085 K/sec                  
                64      page-faults               #    0.003 M/sec                    ( +-  0.41% )
   <not supported>      cycles                   
   <not supported>      stalled-cycles-frontend  
   <not supported>      stalled-cycles-backend   
   <not supported>      instructions             
   <not supported>      branches                 
   <not supported>      branch-misses            

       0.012372186 seconds time elapsed                                          ( +-  0.68% )


 Performance counter stats for './mandelbrot_pth 0.175 0.375 -0.1 0.1 256 2' (10 runs):

         88.447246      task-clock (msec)         #    1.966 CPUs utilized            ( +-  0.07% )
                 2      context-switches          #    0.024 K/sec                    ( +-  4.76% )
                 2      cpu-migrations            #    0.025 K/sec                    ( +-  6.06% )
                64      page-faults               #    0.727 K/sec                    ( +-  0.40% )
   <not supported>      cycles                   
   <not supported>      stalled-cycles-frontend  
   <not supported>      stalled-cycles-backend   
   <not supported>      instructions             
   <not supported>      branches                 
   <not supported>      branch-misses            

       0.044983998 seconds time elapsed                                          ( +-  0.19% )


 Performance counter stats for './mandelbrot_pth 0.175 0.375 -0.1 0.1 512 2' (10 runs):

        350.407340      task-clock (msec)         #    1.990 CPUs utilized            ( +-  0.06% )
                 4      context-switches          #    0.010 K/sec                    ( +- 14.29% )
                 2      cpu-migrations            #    0.006 K/sec                  
                65      page-faults               #    0.185 K/sec                    ( +-  0.24% )
   <not supported>      cycles                   
   <not supported>      stalled-cycles-frontend  
   <not supported>      stalled-cycles-backend   
   <not supported>      instructions             
   <not supported>      branches                 
   <not supported>      branch-misses            

       0.176101585 seconds time elapsed                                          ( +-  0.06% )


 Performance counter stats for './mandelbrot_pth 0.175 0.375 -0.1 0.1 1024 2' (10 runs):

       1416.556339      task-clock (msec)         #    1.997 CPUs utilized            ( +-  0.21% )
                 7      context-switches          #    0.005 K/sec                    ( +- 11.72% )
                 2      cpu-migrations            #    0.001 K/sec                  
                64      page-faults               #    0.045 K/sec                    ( +-  0.54% )
   <not supported>      cycles                   
   <not supported>      stalled-cycles-frontend  
   <not supported>      stalled-cycles-backend   
   <not supported>      instructions             
   <not supported>      branches                 
   <not supported>      branch-misses            

       0.709243311 seconds time elapsed                                          ( +-  0.21% )


 Performance counter stats for './mandelbrot_pth 0.175 0.375 -0.1 0.1 2048 2' (10 runs):

       5747.484496      task-clock (msec)         #    1.998 CPUs utilized            ( +-  0.81% )
               399      context-switches          #    0.069 K/sec                    ( +- 40.24% )
                 2      cpu-migrations            #    0.000 K/sec                  
                64      page-faults               #    0.011 K/sec                    ( +-  0.26% )
   <not supported>      cycles                   
   <not supported>      stalled-cycles-frontend  
   <not supported>      stalled-cycles-backend   
   <not supported>      instructions             
   <not supported>      branches                 
   <not supported>      branch-misses            

       2.876353943 seconds time elapsed                                          ( +-  0.81% )


 Performance counter stats for './mandelbrot_pth 0.175 0.375 -0.1 0.1 4096 2' (10 runs):

      23080.620185      task-clock (msec)         #    1.999 CPUs utilized            ( +-  0.54% )
               627      context-switches          #    0.027 K/sec                    ( +- 22.77% )
                 2      cpu-migrations            #    0.000 K/sec                  
                64      page-faults               #    0.003 K/sec                    ( +-  0.51% )
   <not supported>      cycles                   
   <not supported>      stalled-cycles-frontend  
   <not supported>      stalled-cycles-backend   
   <not supported>      instructions             
   <not supported>      branches                 
   <not supported>      branch-misses            

      11.544657017 seconds time elapsed                                          ( +-  0.55% )


 Performance counter stats for './mandelbrot_pth 0.175 0.375 -0.1 0.1 8192 2' (10 runs):

      93444.039479      task-clock (msec)         #    1.998 CPUs utilized            ( +-  0.70% )
             9,972      context-switches          #    0.107 K/sec                    ( +- 25.13% )
                 2      cpu-migrations            #    0.000 K/sec                  
                64      page-faults               #    0.001 K/sec                    ( +-  0.40% )
   <not supported>      cycles                   
   <not supported>      stalled-cycles-frontend  
   <not supported>      stalled-cycles-backend   
   <not supported>      instructions             
   <not supported>      branches                 
   <not supported>      branch-misses            

      46.759762595 seconds time elapsed                                          ( +-  0.70% )


 Performance counter stats for './mandelbrot_pth 0.175 0.375 -0.1 0.1 16 4' (10 runs):

          1.323612      task-clock (msec)         #    1.005 CPUs utilized            ( +-  2.37% )
                 5      context-switches          #    0.004 M/sec                    ( +-  6.67% )
                 4      cpu-migrations            #    0.003 M/sec                  
                68      page-faults               #    0.051 M/sec                    ( +-  0.46% )
   <not supported>      cycles                   
   <not supported>      stalled-cycles-frontend  
   <not supported>      stalled-cycles-backend   
   <not supported>      instructions             
   <not supported>      branches                 
   <not supported>      branch-misses            

       0.001316904 seconds time elapsed                                          ( +-  3.59% )


 Performance counter stats for './mandelbrot_pth 0.175 0.375 -0.1 0.1 32 4' (10 runs):

          2.449333      task-clock (msec)         #    1.460 CPUs utilized            ( +-  0.93% )
                 4      context-switches          #    0.002 M/sec                    ( +-  5.03% )
                 4      cpu-migrations            #    0.002 M/sec                  
                69      page-faults               #    0.028 M/sec                    ( +-  0.22% )
   <not supported>      cycles                   
   <not supported>      stalled-cycles-frontend  
   <not supported>      stalled-cycles-backend   
   <not supported>      instructions             
   <not supported>      branches                 
   <not supported>      branch-misses            

       0.001677337 seconds time elapsed                                          ( +-  3.37% )


 Performance counter stats for './mandelbrot_pth 0.175 0.375 -0.1 0.1 64 4' (10 runs):

          6.875177      task-clock (msec)         #    2.510 CPUs utilized            ( +-  0.71% )
                 5      context-switches          #    0.742 K/sec                    ( +-  5.43% )
                 4      cpu-migrations            #    0.596 K/sec                    ( +-  2.44% )
                68      page-faults               #    0.010 M/sec                    ( +-  0.37% )
   <not supported>      cycles                   
   <not supported>      stalled-cycles-frontend  
   <not supported>      stalled-cycles-backend   
   <not supported>      instructions             
   <not supported>      branches                 
   <not supported>      branch-misses            

       0.002739489 seconds time elapsed                                          ( +-  1.43% )


 Performance counter stats for './mandelbrot_pth 0.175 0.375 -0.1 0.1 128 4' (10 runs):

         24.330685      task-clock (msec)         #    3.528 CPUs utilized            ( +-  1.23% )
                 5      context-switches          #    0.222 K/sec                    ( +-  6.30% )
                 4      cpu-migrations            #    0.173 K/sec                    ( +-  3.17% )
                68      page-faults               #    0.003 M/sec                    ( +-  0.32% )
   <not supported>      cycles                   
   <not supported>      stalled-cycles-frontend  
   <not supported>      stalled-cycles-backend   
   <not supported>      instructions             
   <not supported>      branches                 
   <not supported>      branch-misses            

       0.006896187 seconds time elapsed                                          ( +-  1.51% )


 Performance counter stats for './mandelbrot_pth 0.175 0.375 -0.1 0.1 256 4' (10 runs):

         92.733538      task-clock (msec)         #    3.806 CPUs utilized            ( +-  0.22% )
                20      context-switches          #    0.217 K/sec                    ( +-  6.94% )
                 4      cpu-migrations            #    0.046 K/sec                    ( +-  4.96% )
                68      page-faults               #    0.733 K/sec                    ( +-  0.44% )
   <not supported>      cycles                   
   <not supported>      stalled-cycles-frontend  
   <not supported>      stalled-cycles-backend   
   <not supported>      instructions             
   <not supported>      branches                 
   <not supported>      branch-misses            

       0.024362108 seconds time elapsed                                          ( +-  0.30% )


 Performance counter stats for './mandelbrot_pth 0.175 0.375 -0.1 0.1 512 4' (10 runs):

        366.719857      task-clock (msec)         #    3.951 CPUs utilized            ( +-  0.44% )
                76      context-switches          #    0.207 K/sec                    ( +-  6.16% )
                 4      cpu-migrations            #    0.011 K/sec                    ( +-  2.44% )
                68      page-faults               #    0.185 K/sec                    ( +-  0.54% )
   <not supported>      cycles                   
   <not supported>      stalled-cycles-frontend  
   <not supported>      stalled-cycles-backend   
   <not supported>      instructions             
   <not supported>      branches                 
   <not supported>      branch-misses            

       0.092807013 seconds time elapsed                                          ( +-  0.44% )


 Performance counter stats for './mandelbrot_pth 0.175 0.375 -0.1 0.1 1024 4' (10 runs):

       1448.284548      task-clock (msec)         #    3.985 CPUs utilized            ( +-  0.68% )
               178      context-switches          #    0.123 K/sec                    ( +- 39.81% )
                 4      cpu-migrations            #    0.003 K/sec                  
                68      page-faults               #    0.047 K/sec                    ( +-  0.44% )
   <not supported>      cycles                   
   <not supported>      stalled-cycles-frontend  
   <not supported>      stalled-cycles-backend   
   <not supported>      instructions             
   <not supported>      branches                 
   <not supported>      branch-misses            

       0.363451894 seconds time elapsed                                          ( +-  0.69% )


 Performance counter stats for './mandelbrot_pth 0.175 0.375 -0.1 0.1 2048 4' (10 runs):

       5829.720076      task-clock (msec)         #    3.987 CPUs utilized            ( +-  0.67% )
             1,535      context-switches          #    0.263 K/sec                    ( +- 22.15% )
                 4      cpu-migrations            #    0.001 K/sec                    ( +-  3.17% )
                68      page-faults               #    0.012 K/sec                    ( +-  0.43% )
   <not supported>      cycles                   
   <not supported>      stalled-cycles-frontend  
   <not supported>      stalled-cycles-backend   
   <not supported>      instructions             
   <not supported>      branches                 
   <not supported>      branch-misses            

       1.462010418 seconds time elapsed                                          ( +-  0.69% )


 Performance counter stats for './mandelbrot_pth 0.175 0.375 -0.1 0.1 4096 4' (10 runs):

      23876.889545      task-clock (msec)         #    3.991 CPUs utilized            ( +-  0.70% )
             5,542      context-switches          #    0.232 K/sec                    ( +- 19.28% )
                 4      cpu-migrations            #    0.000 K/sec                  
                68      page-faults               #    0.003 K/sec                    ( +-  0.57% )
   <not supported>      cycles                   
   <not supported>      stalled-cycles-frontend  
   <not supported>      stalled-cycles-backend   
   <not supported>      instructions             
   <not supported>      branches                 
   <not supported>      branch-misses            

       5.982947986 seconds time elapsed                                          ( +-  0.73% )


 Performance counter stats for './mandelbrot_pth 0.175 0.375 -0.1 0.1 8192 4' (10 runs):

      97094.490606      task-clock (msec)         #    3.991 CPUs utilized            ( +-  0.25% )
            24,691      context-switches          #    0.254 K/sec                    ( +- 17.43% )
                 4      cpu-migrations            #    0.000 K/sec                    ( +-  2.44% )
                68      page-faults               #    0.001 K/sec                    ( +-  0.44% )
   <not supported>      cycles                   
   <not supported>      stalled-cycles-frontend  
   <not supported>      stalled-cycles-backend   
   <not supported>      instructions             
   <not supported>      branches                 
   <not supported>      branch-misses            

      24.329839287 seconds time elapsed                                          ( +-  0.24% )


 Performance counter stats for './mandelbrot_pth 0.175 0.375 -0.1 0.1 16 8' (10 runs):

          1.572365      task-clock (msec)         #    1.101 CPUs utilized            ( +-  2.80% )
                11      context-switches          #    0.007 M/sec                    ( +-  7.20% )
                 8      cpu-migrations            #    0.005 M/sec                    ( +-  4.05% )
                76      page-faults               #    0.048 M/sec                    ( +-  0.76% )
   <not supported>      cycles                   
   <not supported>      stalled-cycles-frontend  
   <not supported>      stalled-cycles-backend   
   <not supported>      instructions             
   <not supported>      branches                 
   <not supported>      branch-misses            

       0.001428656 seconds time elapsed                                          ( +-  4.21% )


 Performance counter stats for './mandelbrot_pth 0.175 0.375 -0.1 0.1 32 8' (10 runs):

          2.445464      task-clock (msec)         #    1.962 CPUs utilized            ( +-  1.39% )
                10      context-switches          #    0.004 M/sec                    ( +-  5.41% )
                 7      cpu-migrations            #    0.003 M/sec                    ( +-  2.21% )
                76      page-faults               #    0.031 M/sec                    ( +-  0.34% )
   <not supported>      cycles                   
   <not supported>      stalled-cycles-frontend  
   <not supported>      stalled-cycles-backend   
   <not supported>      instructions             
   <not supported>      branches                 
   <not supported>      branch-misses            

       0.001246200 seconds time elapsed                                          ( +-  2.39% )


 Performance counter stats for './mandelbrot_pth 0.175 0.375 -0.1 0.1 64 8' (10 runs):

          6.799473      task-clock (msec)         #    3.858 CPUs utilized            ( +-  0.76% )
                10      context-switches          #    0.001 M/sec                    ( +-  2.97% )
                 8      cpu-migrations            #    0.001 M/sec                    ( +-  3.73% )
                76      page-faults               #    0.011 M/sec                    ( +-  0.55% )
   <not supported>      cycles                   
   <not supported>      stalled-cycles-frontend  
   <not supported>      stalled-cycles-backend   
   <not supported>      instructions             
   <not supported>      branches                 
   <not supported>      branch-misses            

       0.001762240 seconds time elapsed                                          ( +-  2.25% )


 Performance counter stats for './mandelbrot_pth 0.175 0.375 -0.1 0.1 128 8' (10 runs):

         24.447250      task-clock (msec)         #    6.161 CPUs utilized            ( +-  0.53% )
                14      context-switches          #    0.569 K/sec                    ( +-  9.00% )
                 7      cpu-migrations            #    0.303 K/sec                    ( +-  2.21% )
                76      page-faults               #    0.003 M/sec                    ( +-  0.44% )
   <not supported>      cycles                   
   <not supported>      stalled-cycles-frontend  
   <not supported>      stalled-cycles-backend   
   <not supported>      instructions             
   <not supported>      branches                 
   <not supported>      branch-misses            

       0.003967849 seconds time elapsed                                          ( +-  0.68% )


 Performance counter stats for './mandelbrot_pth 0.175 0.375 -0.1 0.1 256 8' (10 runs):

         95.358166      task-clock (msec)         #    7.380 CPUs utilized            ( +-  0.28% )
                56      context-switches          #    0.591 K/sec                    ( +-  4.82% )
                 8      cpu-migrations            #    0.079 K/sec                    ( +-  2.98% )
                77      page-faults               #    0.806 K/sec                    ( +-  0.49% )
   <not supported>      cycles                   
   <not supported>      stalled-cycles-frontend  
   <not supported>      stalled-cycles-backend   
   <not supported>      instructions             
   <not supported>      branches                 
   <not supported>      branch-misses            

       0.012921024 seconds time elapsed                                          ( +-  0.24% )


 Performance counter stats for './mandelbrot_pth 0.175 0.375 -0.1 0.1 512 8' (10 runs):

        411.612147      task-clock (msec)         #    7.656 CPUs utilized            ( +-  2.62% )
               165      context-switches          #    0.401 K/sec                    ( +- 17.77% )
                 8      cpu-migrations            #    0.018 K/sec                    ( +-  3.51% )
                76      page-faults               #    0.184 K/sec                    ( +-  0.46% )
   <not supported>      cycles                   
   <not supported>      stalled-cycles-frontend  
   <not supported>      stalled-cycles-backend   
   <not supported>      instructions             
   <not supported>      branches                 
   <not supported>      branch-misses            

       0.053765872 seconds time elapsed                                          ( +-  3.26% )


 Performance counter stats for './mandelbrot_pth 0.175 0.375 -0.1 0.1 1024 8' (10 runs):

       1704.174409      task-clock (msec)         #    7.949 CPUs utilized            ( +-  1.04% )
               172      context-switches          #    0.101 K/sec                    ( +-  8.27% )
                 8      cpu-migrations            #    0.004 K/sec                    ( +-  2.22% )
                77      page-faults               #    0.045 K/sec                    ( +-  0.38% )
   <not supported>      cycles                   
   <not supported>      stalled-cycles-frontend  
   <not supported>      stalled-cycles-backend   
   <not supported>      instructions             
   <not supported>      branches                 
   <not supported>      branch-misses            

       0.214388049 seconds time elapsed                                          ( +-  1.12% )


 Performance counter stats for './mandelbrot_pth 0.175 0.375 -0.1 0.1 2048 8' (10 runs):

       6766.253084      task-clock (msec)         #    7.974 CPUs utilized            ( +-  0.12% )
               987      context-switches          #    0.146 K/sec                    ( +-  5.68% )
                 8      cpu-migrations            #    0.001 K/sec                    ( +-  3.50% )
                76      page-faults               #    0.011 K/sec                    ( +-  0.50% )
   <not supported>      cycles                   
   <not supported>      stalled-cycles-frontend  
   <not supported>      stalled-cycles-backend   
   <not supported>      instructions             
   <not supported>      branches                 
   <not supported>      branch-misses            

       0.848507590 seconds time elapsed                                          ( +-  0.17% )


 Performance counter stats for './mandelbrot_pth 0.175 0.375 -0.1 0.1 4096 8' (10 runs):

      27049.221459      task-clock (msec)         #    7.988 CPUs utilized            ( +-  0.04% )
             4,139      context-switches          #    0.153 K/sec                    ( +-  6.76% )
                 8      cpu-migrations            #    0.000 K/sec                    ( +-  3.50% )
                76      page-faults               #    0.003 K/sec                    ( +-  0.55% )
   <not supported>      cycles                   
   <not supported>      stalled-cycles-frontend  
   <not supported>      stalled-cycles-backend   
   <not supported>      instructions             
   <not supported>      branches                 
   <not supported>      branch-misses            

       3.386116203 seconds time elapsed                                          ( +-  0.05% )


 Performance counter stats for './mandelbrot_pth 0.175 0.375 -0.1 0.1 8192 8' (10 runs):

     108304.022534      task-clock (msec)         #    7.990 CPUs utilized            ( +-  0.03% )
            17,611      context-switches          #    0.163 K/sec                    ( +-  7.36% )
                 8      cpu-migrations            #    0.000 K/sec                    ( +-  6.20% )
                77      page-faults               #    0.001 K/sec                    ( +-  0.52% )
   <not supported>      cycles                   
   <not supported>      stalled-cycles-frontend  
   <not supported>      stalled-cycles-backend   
   <not supported>      instructions             
   <not supported>      branches                 
   <not supported>      branch-misses            

      13.555303719 seconds time elapsed                                          ( +-  0.04% )


 Performance counter stats for './mandelbrot_pth 0.175 0.375 -0.1 0.1 16 16' (10 runs):

          1.599345      task-clock (msec)         #    1.468 CPUs utilized            ( +-  1.80% )
                38      context-switches          #    0.024 M/sec                    ( +-  5.48% )
                21      cpu-migrations            #    0.013 M/sec                    ( +-  3.64% )
                94      page-faults               #    0.058 M/sec                    ( +-  0.51% )
   <not supported>      cycles                   
   <not supported>      stalled-cycles-frontend  
   <not supported>      stalled-cycles-backend   
   <not supported>      instructions             
   <not supported>      branches                 
   <not supported>      branch-misses            

       0.001089215 seconds time elapsed                                          ( +-  2.26% )


 Performance counter stats for './mandelbrot_pth 0.175 0.375 -0.1 0.1 32 16' (10 runs):

          2.716374      task-clock (msec)         #    2.231 CPUs utilized            ( +-  0.91% )
                25      context-switches          #    0.009 M/sec                    ( +-  4.10% )
                17      cpu-migrations            #    0.006 M/sec                    ( +-  3.95% )
                93      page-faults               #    0.034 M/sec                    ( +-  0.51% )
   <not supported>      cycles                   
   <not supported>      stalled-cycles-frontend  
   <not supported>      stalled-cycles-backend   
   <not supported>      instructions             
   <not supported>      branches                 
   <not supported>      branch-misses            

       0.001217543 seconds time elapsed                                          ( +-  0.62% )


 Performance counter stats for './mandelbrot_pth 0.175 0.375 -0.1 0.1 64 16' (10 runs):

          7.706344      task-clock (msec)         #    4.036 CPUs utilized            ( +-  0.37% )
                24      context-switches          #    0.003 M/sec                    ( +-  2.52% )
                16      cpu-migrations            #    0.002 M/sec                    ( +-  3.75% )
                93      page-faults               #    0.012 M/sec                    ( +-  0.32% )
   <not supported>      cycles                   
   <not supported>      stalled-cycles-frontend  
   <not supported>      stalled-cycles-backend   
   <not supported>      instructions             
   <not supported>      branches                 
   <not supported>      branch-misses            

       0.001909290 seconds time elapsed                                          ( +-  1.13% )


 Performance counter stats for './mandelbrot_pth 0.175 0.375 -0.1 0.1 128 16' (10 runs):

         27.503867      task-clock (msec)         #    6.331 CPUs utilized            ( +-  0.08% )
                26      context-switches          #    0.956 K/sec                    ( +-  2.84% )
                17      cpu-migrations            #    0.614 K/sec                    ( +-  1.06% )
                93      page-faults               #    0.003 M/sec                    ( +-  0.34% )
   <not supported>      cycles                   
   <not supported>      stalled-cycles-frontend  
   <not supported>      stalled-cycles-backend   
   <not supported>      instructions             
   <not supported>      branches                 
   <not supported>      branch-misses            

       0.004344364 seconds time elapsed                                          ( +-  0.24% )


 Performance counter stats for './mandelbrot_pth 0.175 0.375 -0.1 0.1 256 16' (10 runs):

        106.503663      task-clock (msec)         #    7.490 CPUs utilized            ( +-  0.02% )
                33      context-switches          #    0.309 K/sec                    ( +-  7.47% )
                19      cpu-migrations            #    0.181 K/sec                    ( +-  4.64% )
                94      page-faults               #    0.879 K/sec                    ( +-  0.33% )
   <not supported>      cycles                   
   <not supported>      stalled-cycles-frontend  
   <not supported>      stalled-cycles-backend   
   <not supported>      instructions             
   <not supported>      branches                 
   <not supported>      branch-misses            

       0.014219923 seconds time elapsed                                          ( +-  0.11% )


 Performance counter stats for './mandelbrot_pth 0.175 0.375 -0.1 0.1 512 16' (10 runs):

        423.197752      task-clock (msec)         #    7.855 CPUs utilized            ( +-  0.08% )
                82      context-switches          #    0.194 K/sec                    ( +-  3.19% )
                18      cpu-migrations            #    0.041 K/sec                    ( +-  5.98% )
                93      page-faults               #    0.221 K/sec                    ( +-  0.33% )
   <not supported>      cycles                   
   <not supported>      stalled-cycles-frontend  
   <not supported>      stalled-cycles-backend   
   <not supported>      instructions             
   <not supported>      branches                 
   <not supported>      branch-misses            

       0.053879375 seconds time elapsed                                          ( +-  0.08% )


 Performance counter stats for './mandelbrot_pth 0.175 0.375 -0.1 0.1 1024 16' (10 runs):

       1688.733194      task-clock (msec)         #    7.948 CPUs utilized            ( +-  0.04% )
               311      context-switches          #    0.184 K/sec                    ( +-  3.85% )
                23      cpu-migrations            #    0.013 K/sec                    ( +- 10.13% )
                93      page-faults               #    0.055 K/sec                    ( +-  0.39% )
   <not supported>      cycles                   
   <not supported>      stalled-cycles-frontend  
   <not supported>      stalled-cycles-backend   
   <not supported>      instructions             
   <not supported>      branches                 
   <not supported>      branch-misses            

       0.212462444 seconds time elapsed                                          ( +-  0.07% )


 Performance counter stats for './mandelbrot_pth 0.175 0.375 -0.1 0.1 2048 16' (10 runs):

       6765.948755      task-clock (msec)         #    7.986 CPUs utilized            ( +-  0.05% )
             1,620      context-switches          #    0.239 K/sec                    ( +-  6.53% )
                52      cpu-migrations            #    0.008 K/sec                    ( +-  7.61% )
                93      page-faults               #    0.014 K/sec                    ( +-  0.42% )
   <not supported>      cycles                   
   <not supported>      stalled-cycles-frontend  
   <not supported>      stalled-cycles-backend   
   <not supported>      instructions             
   <not supported>      branches                 
   <not supported>      branch-misses            

       0.847203280 seconds time elapsed                                          ( +-  0.06% )


 Performance counter stats for './mandelbrot_pth 0.175 0.375 -0.1 0.1 4096 16' (10 runs):

      27065.628316      task-clock (msec)         #    7.995 CPUs utilized            ( +-  0.03% )
             6,109      context-switches          #    0.226 K/sec                    ( +-  3.70% )
                89      cpu-migrations            #    0.003 K/sec                    ( +-  6.92% )
                93      page-faults               #    0.003 K/sec                    ( +-  0.45% )
   <not supported>      cycles                   
   <not supported>      stalled-cycles-frontend  
   <not supported>      stalled-cycles-backend   
   <not supported>      instructions             
   <not supported>      branches                 
   <not supported>      branch-misses            

       3.385117978 seconds time elapsed                                          ( +-  0.03% )


 Performance counter stats for './mandelbrot_pth 0.175 0.375 -0.1 0.1 8192 16' (10 runs):

     108462.529014      task-clock (msec)         #    7.997 CPUs utilized            ( +-  0.16% )
            24,512      context-switches          #    0.226 K/sec                    ( +-  6.23% )
               208      cpu-migrations            #    0.002 K/sec                    ( +-  3.26% )
                93      page-faults               #    0.001 K/sec                    ( +-  0.23% )
   <not supported>      cycles                   
   <not supported>      stalled-cycles-frontend  
   <not supported>      stalled-cycles-backend   
   <not supported>      instructions             
   <not supported>      branches                 
   <not supported>      branch-misses            

      13.562308961 seconds time elapsed                                          ( +-  0.16% )


 Performance counter stats for './mandelbrot_pth 0.175 0.375 -0.1 0.1 16 32' (10 runs):

          2.089096      task-clock (msec)         #    1.434 CPUs utilized            ( +-  1.54% )
                42      context-switches          #    0.020 M/sec                    ( +-  6.86% )
                37      cpu-migrations            #    0.018 M/sec                    ( +-  2.46% )
               127      page-faults               #    0.061 M/sec                    ( +-  0.34% )
   <not supported>      cycles                   
   <not supported>      stalled-cycles-frontend  
   <not supported>      stalled-cycles-backend   
   <not supported>      instructions             
   <not supported>      branches                 
   <not supported>      branch-misses            

       0.001456492 seconds time elapsed                                          ( +-  2.06% )


 Performance counter stats for './mandelbrot_pth 0.175 0.375 -0.1 0.1 32 32' (10 runs):

          3.435582      task-clock (msec)         #    2.274 CPUs utilized            ( +-  0.85% )
                69      context-switches          #    0.020 M/sec                    ( +-  4.10% )
                46      cpu-migrations            #    0.013 M/sec                    ( +-  2.69% )
               126      page-faults               #    0.037 M/sec                    ( +-  0.20% )
   <not supported>      cycles                   
   <not supported>      stalled-cycles-frontend  
   <not supported>      stalled-cycles-backend   
   <not supported>      instructions             
   <not supported>      branches                 
   <not supported>      branch-misses            

       0.001511141 seconds time elapsed                                          ( +-  1.79% )


 Performance counter stats for './mandelbrot_pth 0.175 0.375 -0.1 0.1 64 32' (10 runs):

          8.176897      task-clock (msec)         #    3.808 CPUs utilized            ( +-  0.32% )
                42      context-switches          #    0.005 M/sec                    ( +-  1.90% )
                38      cpu-migrations            #    0.005 M/sec                    ( +-  2.81% )
               126      page-faults               #    0.015 M/sec                    ( +-  0.29% )
   <not supported>      cycles                   
   <not supported>      stalled-cycles-frontend  
   <not supported>      stalled-cycles-backend   
   <not supported>      instructions             
   <not supported>      branches                 
   <not supported>      branch-misses            

       0.002147055 seconds time elapsed                                          ( +-  1.44% )


 Performance counter stats for './mandelbrot_pth 0.175 0.375 -0.1 0.1 128 32' (10 runs):

         27.941458      task-clock (msec)         #    6.032 CPUs utilized            ( +-  0.22% )
                47      context-switches          #    0.002 M/sec                    ( +-  3.37% )
                42      cpu-migrations            #    0.001 M/sec                    ( +-  2.26% )
               127      page-faults               #    0.005 M/sec                    ( +-  0.14% )
   <not supported>      cycles                   
   <not supported>      stalled-cycles-frontend  
   <not supported>      stalled-cycles-backend   
   <not supported>      instructions             
   <not supported>      branches                 
   <not supported>      branch-misses            

       0.004632497 seconds time elapsed                                          ( +-  1.06% )


 Performance counter stats for './mandelbrot_pth 0.175 0.375 -0.1 0.1 256 32' (10 runs):

        107.227132      task-clock (msec)         #    7.359 CPUs utilized            ( +-  0.04% )
                70      context-switches          #    0.648 K/sec                    ( +-  3.80% )
                48      cpu-migrations            #    0.445 K/sec                    ( +-  3.65% )
               126      page-faults               #    0.001 M/sec                    ( +-  0.21% )
   <not supported>      cycles                   
   <not supported>      stalled-cycles-frontend  
   <not supported>      stalled-cycles-backend   
   <not supported>      instructions             
   <not supported>      branches                 
   <not supported>      branch-misses            

       0.014571011 seconds time elapsed                                          ( +-  0.22% )


 Performance counter stats for './mandelbrot_pth 0.175 0.375 -0.1 0.1 512 32' (10 runs):

        423.198891      task-clock (msec)         #    7.811 CPUs utilized            ( +-  0.03% )
               112      context-switches          #    0.264 K/sec                    ( +-  3.17% )
                37      cpu-migrations            #    0.087 K/sec                    ( +-  2.30% )
               126      page-faults               #    0.299 K/sec                    ( +-  0.27% )
   <not supported>      cycles                   
   <not supported>      stalled-cycles-frontend  
   <not supported>      stalled-cycles-backend   
   <not supported>      instructions             
   <not supported>      branches                 
   <not supported>      branch-misses            

       0.054179958 seconds time elapsed                                          ( +-  0.07% )


 Performance counter stats for './mandelbrot_pth 0.175 0.375 -0.1 0.1 1024 32' (10 runs):

       1689.995854      task-clock (msec)         #    7.947 CPUs utilized            ( +-  0.04% )
               411      context-switches          #    0.243 K/sec                    ( +-  4.01% )
                42      cpu-migrations            #    0.025 K/sec                    ( +-  3.09% )
               126      page-faults               #    0.074 K/sec                    ( +-  0.32% )
   <not supported>      cycles                   
   <not supported>      stalled-cycles-frontend  
   <not supported>      stalled-cycles-backend   
   <not supported>      instructions             
   <not supported>      branches                 
   <not supported>      branch-misses            

       0.212653641 seconds time elapsed                                          ( +-  0.04% )


 Performance counter stats for './mandelbrot_pth 0.175 0.375 -0.1 0.1 2048 32' (10 runs):

       6765.674678      task-clock (msec)         #    7.986 CPUs utilized            ( +-  0.05% )
             1,791      context-switches          #    0.265 K/sec                    ( +-  4.40% )
                51      cpu-migrations            #    0.008 K/sec                    ( +-  4.89% )
               126      page-faults               #    0.019 K/sec                    ( +-  0.27% )
   <not supported>      cycles                   
   <not supported>      stalled-cycles-frontend  
   <not supported>      stalled-cycles-backend   
   <not supported>      instructions             
   <not supported>      branches                 
   <not supported>      branch-misses            

       0.847195641 seconds time elapsed                                          ( +-  0.05% )


 Performance counter stats for './mandelbrot_pth 0.175 0.375 -0.1 0.1 4096 32' (10 runs):

      27103.361092      task-clock (msec)         #    7.996 CPUs utilized            ( +-  0.09% )
             7,218      context-switches          #    0.266 K/sec                    ( +-  4.41% )
               112      cpu-migrations            #    0.004 K/sec                    ( +-  8.08% )
               127      page-faults               #    0.005 K/sec                    ( +-  0.17% )
   <not supported>      cycles                   
   <not supported>      stalled-cycles-frontend  
   <not supported>      stalled-cycles-backend   
   <not supported>      instructions             
   <not supported>      branches                 
   <not supported>      branch-misses            

       3.389824798 seconds time elapsed                                          ( +-  0.09% )


 Performance counter stats for './mandelbrot_pth 0.175 0.375 -0.1 0.1 8192 32' (10 runs):

     108304.998676      task-clock (msec)         #    7.998 CPUs utilized            ( +-  0.03% )
            26,344      context-switches          #    0.243 K/sec                    ( +-  3.77% )
               314      cpu-migrations            #    0.003 K/sec                    ( +-  3.72% )
               126      page-faults               #    0.001 K/sec                    ( +-  0.43% )
   <not supported>      cycles                   
   <not supported>      stalled-cycles-frontend  
   <not supported>      stalled-cycles-backend   
   <not supported>      instructions             
   <not supported>      branches                 
   <not supported>      branch-misses            

      13.541220270 seconds time elapsed                                          ( +-  0.03% )

