
 Performance counter stats for './mandelbrot_pth -2.5 1.5 -2.0 2.0 16 1' (10 runs):

          0.581051      task-clock (msec)         #    0.025 CPUs utilized            ( +-  5.02% )
                 1      context-switches          #    0.002 M/sec                    ( +-  9.09% )
                 1      cpu-migrations            #    0.002 M/sec                  
                62      page-faults               #    0.108 M/sec                    ( +-  0.49% )
   <not supported>      cycles                   
   <not supported>      stalled-cycles-frontend  
   <not supported>      stalled-cycles-backend   
   <not supported>      instructions             
   <not supported>      branches                 
   <not supported>      branch-misses            

       0.023627100 seconds time elapsed                                          ( +- 96.32% )


 Performance counter stats for './mandelbrot_pth -2.5 1.5 -2.0 2.0 32 1' (10 runs):

          0.724530      task-clock (msec)         #    0.704 CPUs utilized            ( +-  1.08% )
                 1      context-switches          #    0.001 M/sec                  
                 1      cpu-migrations            #    0.001 M/sec                  
                63      page-faults               #    0.087 M/sec                    ( +-  0.21% )
   <not supported>      cycles                   
   <not supported>      stalled-cycles-frontend  
   <not supported>      stalled-cycles-backend   
   <not supported>      instructions             
   <not supported>      branches                 
   <not supported>      branch-misses            

       0.001029441 seconds time elapsed                                          ( +-  1.01% )


 Performance counter stats for './mandelbrot_pth -2.5 1.5 -2.0 2.0 64 1' (10 runs):

          1.363606      task-clock (msec)         #    0.818 CPUs utilized            ( +-  0.47% )
                 1      context-switches          #    0.733 K/sec                  
                 1      cpu-migrations            #    0.733 K/sec                  
                62      page-faults               #    0.045 M/sec                    ( +-  0.60% )
   <not supported>      cycles                   
   <not supported>      stalled-cycles-frontend  
   <not supported>      stalled-cycles-backend   
   <not supported>      instructions             
   <not supported>      branches                 
   <not supported>      branch-misses            

       0.001668003 seconds time elapsed                                          ( +-  0.52% )


 Performance counter stats for './mandelbrot_pth -2.5 1.5 -2.0 2.0 128 1' (10 runs):

          3.855824      task-clock (msec)         #    0.921 CPUs utilized            ( +-  0.25% )
                 1      context-switches          #    0.259 K/sec                  
                 1      cpu-migrations            #    0.285 K/sec                    ( +-  9.09% )
                62      page-faults               #    0.016 M/sec                    ( +-  0.36% )
   <not supported>      cycles                   
   <not supported>      stalled-cycles-frontend  
   <not supported>      stalled-cycles-backend   
   <not supported>      instructions             
   <not supported>      branches                 
   <not supported>      branch-misses            

       0.004185497 seconds time elapsed                                          ( +-  0.37% )


 Performance counter stats for './mandelbrot_pth -2.5 1.5 -2.0 2.0 256 1' (10 runs):

         13.766190      task-clock (msec)         #    0.976 CPUs utilized            ( +-  0.13% )
                 1      context-switches          #    0.080 K/sec                    ( +-  9.09% )
                 1      cpu-migrations            #    0.087 K/sec                    ( +- 11.11% )
                62      page-faults               #    0.005 M/sec                    ( +-  0.64% )
   <not supported>      cycles                   
   <not supported>      stalled-cycles-frontend  
   <not supported>      stalled-cycles-backend   
   <not supported>      instructions             
   <not supported>      branches                 
   <not supported>      branch-misses            

       0.014111080 seconds time elapsed                                          ( +-  0.15% )


 Performance counter stats for './mandelbrot_pth -2.5 1.5 -2.0 2.0 512 1' (10 runs):

         53.185853      task-clock (msec)         #    0.993 CPUs utilized            ( +-  0.11% )
                 1      context-switches          #    0.023 K/sec                    ( +- 16.67% )
                 1      cpu-migrations            #    0.019 K/sec                  
                62      page-faults               #    0.001 M/sec                    ( +-  0.78% )
   <not supported>      cycles                   
   <not supported>      stalled-cycles-frontend  
   <not supported>      stalled-cycles-backend   
   <not supported>      instructions             
   <not supported>      branches                 
   <not supported>      branch-misses            

       0.053574486 seconds time elapsed                                          ( +-  0.11% )


 Performance counter stats for './mandelbrot_pth -2.5 1.5 -2.0 2.0 1024 1' (10 runs):

        210.874753      task-clock (msec)         #    0.998 CPUs utilized            ( +-  0.29% )
                 2      context-switches          #    0.008 K/sec                    ( +- 16.67% )
                 1      cpu-migrations            #    0.005 K/sec                  
                62      page-faults               #    0.296 K/sec                    ( +-  0.64% )
   <not supported>      cycles                   
   <not supported>      stalled-cycles-frontend  
   <not supported>      stalled-cycles-backend   
   <not supported>      instructions             
   <not supported>      branches                 
   <not supported>      branch-misses            

       0.211263703 seconds time elapsed                                          ( +-  0.29% )


 Performance counter stats for './mandelbrot_pth -2.5 1.5 -2.0 2.0 2048 1' (10 runs):

        833.695087      task-clock (msec)         #    1.000 CPUs utilized            ( +-  0.05% )
                 2      context-switches          #    0.003 K/sec                    ( +- 12.29% )
                 1      cpu-migrations            #    0.001 K/sec                  
                62      page-faults               #    0.075 K/sec                    ( +-  0.64% )
   <not supported>      cycles                   
   <not supported>      stalled-cycles-frontend  
   <not supported>      stalled-cycles-backend   
   <not supported>      instructions             
   <not supported>      branches                 
   <not supported>      branch-misses            

       0.834066947 seconds time elapsed                                          ( +-  0.05% )


 Performance counter stats for './mandelbrot_pth -2.5 1.5 -2.0 2.0 4096 1' (10 runs):

       3324.417987      task-clock (msec)         #    1.000 CPUs utilized            ( +-  0.05% )
                 7      context-switches          #    0.002 K/sec                    ( +-  3.90% )
                 1      cpu-migrations            #    0.000 K/sec                  
                62      page-faults               #    0.019 K/sec                    ( +-  0.45% )
   <not supported>      cycles                   
   <not supported>      stalled-cycles-frontend  
   <not supported>      stalled-cycles-backend   
   <not supported>      instructions             
   <not supported>      branches                 
   <not supported>      branch-misses            

       3.324867540 seconds time elapsed                                          ( +-  0.05% )


 Performance counter stats for './mandelbrot_pth -2.5 1.5 -2.0 2.0 8192 1' (10 runs):

      13934.829992      task-clock (msec)         #    1.000 CPUs utilized            ( +-  1.22% )
                26      context-switches          #    0.002 K/sec                    ( +-  1.13% )
                 1      cpu-migrations            #    0.000 K/sec                  
                62      page-faults               #    0.004 K/sec                    ( +-  0.66% )
   <not supported>      cycles                   
   <not supported>      stalled-cycles-frontend  
   <not supported>      stalled-cycles-backend   
   <not supported>      instructions             
   <not supported>      branches                 
   <not supported>      branch-misses            

      13.935764400 seconds time elapsed                                          ( +-  1.22% )


 Performance counter stats for './mandelbrot_pth -2.5 1.5 -2.0 2.0 16 2' (10 runs):

          0.753843      task-clock (msec)         #    0.748 CPUs utilized            ( +-  3.32% )
                 2      context-switches          #    0.003 M/sec                    ( +-  8.94% )
                 2      cpu-migrations            #    0.003 M/sec                  
                64      page-faults               #    0.085 M/sec                    ( +-  0.45% )
   <not supported>      cycles                   
   <not supported>      stalled-cycles-frontend  
   <not supported>      stalled-cycles-backend   
   <not supported>      instructions             
   <not supported>      branches                 
   <not supported>      branch-misses            

       0.001007660 seconds time elapsed                                          ( +-  3.00% )


 Performance counter stats for './mandelbrot_pth -2.5 1.5 -2.0 2.0 32 2' (10 runs):

          0.981883      task-clock (msec)         #    0.859 CPUs utilized            ( +-  1.36% )
                 2      context-switches          #    0.003 M/sec                    ( +-  8.94% )
                 2      cpu-migrations            #    0.002 M/sec                  
                64      page-faults               #    0.065 M/sec                    ( +-  0.43% )
   <not supported>      cycles                   
   <not supported>      stalled-cycles-frontend  
   <not supported>      stalled-cycles-backend   
   <not supported>      instructions             
   <not supported>      branches                 
   <not supported>      branch-misses            

       0.001143688 seconds time elapsed                                          ( +-  1.99% )


 Performance counter stats for './mandelbrot_pth -2.5 1.5 -2.0 2.0 64 2' (10 runs):

          1.580620      task-clock (msec)         #    1.026 CPUs utilized            ( +-  1.34% )
                 4      context-switches          #    0.003 M/sec                    ( +- 10.99% )
                 2      cpu-migrations            #    0.001 M/sec                    ( +-  9.28% )
                64      page-faults               #    0.041 M/sec                    ( +-  0.43% )
   <not supported>      cycles                   
   <not supported>      stalled-cycles-frontend  
   <not supported>      stalled-cycles-backend   
   <not supported>      instructions             
   <not supported>      branches                 
   <not supported>      branch-misses            

       0.001541130 seconds time elapsed                                          ( +-  8.88% )


 Performance counter stats for './mandelbrot_pth -2.5 1.5 -2.0 2.0 128 2' (10 runs):

          4.452666      task-clock (msec)         #    1.568 CPUs utilized            ( +-  1.18% )
                16      context-switches          #    0.004 M/sec                    ( +- 11.96% )
                 2      cpu-migrations            #    0.472 K/sec                    ( +-  4.76% )
                64      page-faults               #    0.014 M/sec                    ( +-  0.57% )
   <not supported>      cycles                   
   <not supported>      stalled-cycles-frontend  
   <not supported>      stalled-cycles-backend   
   <not supported>      instructions             
   <not supported>      branches                 
   <not supported>      branch-misses            

       0.002840427 seconds time elapsed                                          ( +-  1.12% )


 Performance counter stats for './mandelbrot_pth -2.5 1.5 -2.0 2.0 256 2' (10 runs):

         14.411741      task-clock (msec)         #    1.871 CPUs utilized            ( +-  0.17% )
                 3      context-switches          #    0.194 K/sec                    ( +-  8.91% )
                 2      cpu-migrations            #    0.139 K/sec                  
                64      page-faults               #    0.004 M/sec                    ( +-  0.48% )
   <not supported>      cycles                   
   <not supported>      stalled-cycles-frontend  
   <not supported>      stalled-cycles-backend   
   <not supported>      instructions             
   <not supported>      branches                 
   <not supported>      branch-misses            

       0.007704077 seconds time elapsed                                          ( +-  0.21% )


 Performance counter stats for './mandelbrot_pth -2.5 1.5 -2.0 2.0 512 2' (10 runs):

         56.629273      task-clock (msec)         #    1.939 CPUs utilized            ( +-  0.26% )
                 5      context-switches          #    0.087 K/sec                    ( +- 11.56% )
                 2      cpu-migrations            #    0.039 K/sec                    ( +-  6.06% )
                64      page-faults               #    0.001 M/sec                    ( +-  0.37% )
   <not supported>      cycles                   
   <not supported>      stalled-cycles-frontend  
   <not supported>      stalled-cycles-backend   
   <not supported>      instructions             
   <not supported>      branches                 
   <not supported>      branch-misses            

       0.029211567 seconds time elapsed                                          ( +-  0.23% )


 Performance counter stats for './mandelbrot_pth -2.5 1.5 -2.0 2.0 1024 2' (10 runs):

        224.564959      task-clock (msec)         #    1.983 CPUs utilized            ( +-  0.35% )
                11      context-switches          #    0.049 K/sec                    ( +- 12.49% )
                 2      cpu-migrations            #    0.009 K/sec                  
                64      page-faults               #    0.285 K/sec                    ( +-  0.63% )
   <not supported>      cycles                   
   <not supported>      stalled-cycles-frontend  
   <not supported>      stalled-cycles-backend   
   <not supported>      instructions             
   <not supported>      branches                 
   <not supported>      branch-misses            

       0.113271817 seconds time elapsed                                          ( +-  0.36% )


 Performance counter stats for './mandelbrot_pth -2.5 1.5 -2.0 2.0 2048 2' (10 runs):

        909.284032      task-clock (msec)         #    1.988 CPUs utilized            ( +-  0.97% )
               854      context-switches          #    0.939 K/sec                    ( +- 96.12% )
                 2      cpu-migrations            #    0.003 K/sec                    ( +- 11.11% )
                65      page-faults               #    0.071 K/sec                    ( +-  0.62% )
   <not supported>      cycles                   
   <not supported>      stalled-cycles-frontend  
   <not supported>      stalled-cycles-backend   
   <not supported>      instructions             
   <not supported>      branches                 
   <not supported>      branch-misses            

       0.457387885 seconds time elapsed                                          ( +-  1.32% )


 Performance counter stats for './mandelbrot_pth -2.5 1.5 -2.0 2.0 4096 2' (10 runs):

       3769.172405      task-clock (msec)         #    1.978 CPUs utilized            ( +-  2.45% )
             7,501      context-switches          #    0.002 M/sec                    ( +- 51.16% )
                 3      cpu-migrations            #    0.001 K/sec                    ( +- 18.59% )
                64      page-faults               #    0.017 K/sec                    ( +-  0.40% )
   <not supported>      cycles                   
   <not supported>      stalled-cycles-frontend  
   <not supported>      stalled-cycles-backend   
   <not supported>      instructions             
   <not supported>      branches                 
   <not supported>      branch-misses            

       1.905962002 seconds time elapsed                                          ( +-  2.94% )


 Performance counter stats for './mandelbrot_pth -2.5 1.5 -2.0 2.0 8192 2' (10 runs):

      14801.843377      task-clock (msec)         #    1.986 CPUs utilized            ( +-  1.20% )
            19,845      context-switches          #    0.001 M/sec                    ( +- 41.48% )
                 3      cpu-migrations            #    0.000 K/sec                    ( +- 15.54% )
                64      page-faults               #    0.004 K/sec                    ( +-  0.47% )
   <not supported>      cycles                   
   <not supported>      stalled-cycles-frontend  
   <not supported>      stalled-cycles-backend   
   <not supported>      instructions             
   <not supported>      branches                 
   <not supported>      branch-misses            

       7.451891543 seconds time elapsed                                          ( +-  1.40% )


 Performance counter stats for './mandelbrot_pth -2.5 1.5 -2.0 2.0 16 4' (10 runs):

          0.966356      task-clock (msec)         #    0.818 CPUs utilized            ( +-  2.04% )
                 6      context-switches          #    0.006 M/sec                    ( +-  3.45% )
                 4      cpu-migrations            #    0.004 M/sec                  
                68      page-faults               #    0.071 M/sec                    ( +-  0.61% )
   <not supported>      cycles                   
   <not supported>      stalled-cycles-frontend  
   <not supported>      stalled-cycles-backend   
   <not supported>      instructions             
   <not supported>      branches                 
   <not supported>      branch-misses            

       0.001181454 seconds time elapsed                                          ( +-  2.18% )


 Performance counter stats for './mandelbrot_pth -2.5 1.5 -2.0 2.0 32 4' (10 runs):

          1.143438      task-clock (msec)         #    0.949 CPUs utilized            ( +-  2.28% )
                 6      context-switches          #    0.005 M/sec                    ( +-  5.63% )
                 4      cpu-migrations            #    0.004 M/sec                    ( +-  3.17% )
                68      page-faults               #    0.059 M/sec                    ( +-  0.38% )
   <not supported>      cycles                   
   <not supported>      stalled-cycles-frontend  
   <not supported>      stalled-cycles-backend   
   <not supported>      instructions             
   <not supported>      branches                 
   <not supported>      branch-misses            

       0.001205243 seconds time elapsed                                          ( +-  2.39% )


 Performance counter stats for './mandelbrot_pth -2.5 1.5 -2.0 2.0 64 4' (10 runs):

          2.085460      task-clock (msec)         #    1.336 CPUs utilized            ( +-  1.57% )
                 8      context-switches          #    0.004 M/sec                    ( +-  7.89% )
                 4      cpu-migrations            #    0.002 M/sec                    ( +-  3.17% )
                68      page-faults               #    0.033 M/sec                    ( +-  0.31% )
   <not supported>      cycles                   
   <not supported>      stalled-cycles-frontend  
   <not supported>      stalled-cycles-backend   
   <not supported>      instructions             
   <not supported>      branches                 
   <not supported>      branch-misses            

       0.001560746 seconds time elapsed                                          ( +-  2.59% )


 Performance counter stats for './mandelbrot_pth -2.5 1.5 -2.0 2.0 128 4' (10 runs):

          5.277523      task-clock (msec)         #    2.400 CPUs utilized            ( +-  0.79% )
                35      context-switches          #    0.007 M/sec                    ( +-  6.87% )
                 4      cpu-migrations            #    0.758 K/sec                  
                68      page-faults               #    0.013 M/sec                    ( +-  0.37% )
   <not supported>      cycles                   
   <not supported>      stalled-cycles-frontend  
   <not supported>      stalled-cycles-backend   
   <not supported>      instructions             
   <not supported>      branches                 
   <not supported>      branch-misses            

       0.002198630 seconds time elapsed                                          ( +-  0.87% )


 Performance counter stats for './mandelbrot_pth -2.5 1.5 -2.0 2.0 256 4' (10 runs):

         18.958165      task-clock (msec)         #    3.205 CPUs utilized            ( +-  0.96% )
               145      context-switches          #    0.008 M/sec                    ( +-  5.76% )
                 4      cpu-migrations            #    0.222 K/sec                    ( +-  4.76% )
                68      page-faults               #    0.004 M/sec                    ( +-  0.46% )
   <not supported>      cycles                   
   <not supported>      stalled-cycles-frontend  
   <not supported>      stalled-cycles-backend   
   <not supported>      instructions             
   <not supported>      branches                 
   <not supported>      branch-misses            

       0.005915369 seconds time elapsed                                          ( +-  1.04% )


 Performance counter stats for './mandelbrot_pth -2.5 1.5 -2.0 2.0 512 4' (10 runs):

         72.414390      task-clock (msec)         #    3.630 CPUs utilized            ( +-  1.08% )
               419      context-switches          #    0.006 M/sec                    ( +-  4.53% )
                 4      cpu-migrations            #    0.061 K/sec                    ( +-  6.06% )
                68      page-faults               #    0.946 K/sec                    ( +-  0.24% )
   <not supported>      cycles                   
   <not supported>      stalled-cycles-frontend  
   <not supported>      stalled-cycles-backend   
   <not supported>      instructions             
   <not supported>      branches                 
   <not supported>      branch-misses            

       0.019950627 seconds time elapsed                                          ( +-  1.01% )


 Performance counter stats for './mandelbrot_pth -2.5 1.5 -2.0 2.0 1024 4' (10 runs):

        289.881374      task-clock (msec)         #    3.771 CPUs utilized            ( +-  1.04% )
             1,957      context-switches          #    0.007 M/sec                    ( +-  5.64% )
                 5      cpu-migrations            #    0.017 K/sec                    ( +-  4.17% )
                68      page-faults               #    0.235 K/sec                    ( +-  0.51% )
   <not supported>      cycles                   
   <not supported>      stalled-cycles-frontend  
   <not supported>      stalled-cycles-backend   
   <not supported>      instructions             
   <not supported>      branches                 
   <not supported>      branch-misses            

       0.076865125 seconds time elapsed                                          ( +-  1.08% )


 Performance counter stats for './mandelbrot_pth -2.5 1.5 -2.0 2.0 2048 4' (10 runs):

       1178.990454      task-clock (msec)         #    3.740 CPUs utilized            ( +-  2.10% )
            11,402      context-switches          #    0.010 M/sec                    ( +- 10.59% )
                 5      cpu-migrations            #    0.004 K/sec                    ( +-  4.81% )
                68      page-faults               #    0.058 K/sec                  
   <not supported>      cycles                   
   <not supported>      stalled-cycles-frontend  
   <not supported>      stalled-cycles-backend   
   <not supported>      instructions             
   <not supported>      branches                 
   <not supported>      branch-misses            

       0.315263706 seconds time elapsed                                          ( +-  2.59% )


 Performance counter stats for './mandelbrot_pth -2.5 1.5 -2.0 2.0 4096 4' (10 runs):

       4138.968207      task-clock (msec)         #    3.924 CPUs utilized            ( +-  1.03% )
            14,198      context-switches          #    0.003 M/sec                    ( +- 10.41% )
                 5      cpu-migrations            #    0.001 K/sec                    ( +-  7.89% )
                69      page-faults               #    0.017 K/sec                    ( +-  0.24% )
   <not supported>      cycles                   
   <not supported>      stalled-cycles-frontend  
   <not supported>      stalled-cycles-backend   
   <not supported>      instructions             
   <not supported>      branches                 
   <not supported>      branch-misses            

       1.054762083 seconds time elapsed                                          ( +-  1.20% )


 Performance counter stats for './mandelbrot_pth -2.5 1.5 -2.0 2.0 8192 4' (10 runs):

      19166.257465      task-clock (msec)         #    3.801 CPUs utilized            ( +-  0.87% )
           162,223      context-switches          #    0.008 M/sec                    ( +-  4.13% )
                 5      cpu-migrations            #    0.000 K/sec                    ( +-  6.42% )
                68      page-faults               #    0.004 K/sec                    ( +-  0.43% )
   <not supported>      cycles                   
   <not supported>      stalled-cycles-frontend  
   <not supported>      stalled-cycles-backend   
   <not supported>      instructions             
   <not supported>      branches                 
   <not supported>      branch-misses            

       5.042473420 seconds time elapsed                                          ( +-  1.05% )


 Performance counter stats for './mandelbrot_pth -2.5 1.5 -2.0 2.0 16 8' (10 runs):

          1.186504      task-clock (msec)         #    0.982 CPUs utilized            ( +-  2.35% )
                24      context-switches          #    0.020 M/sec                    ( +-  5.30% )
                10      cpu-migrations            #    0.008 M/sec                    ( +-  2.83% )
                76      page-faults               #    0.064 M/sec                    ( +-  0.43% )
   <not supported>      cycles                   
   <not supported>      stalled-cycles-frontend  
   <not supported>      stalled-cycles-backend   
   <not supported>      instructions             
   <not supported>      branches                 
   <not supported>      branch-misses            

       0.001208054 seconds time elapsed                                          ( +-  2.70% )


 Performance counter stats for './mandelbrot_pth -2.5 1.5 -2.0 2.0 32 8' (10 runs):

          1.308803      task-clock (msec)         #    1.092 CPUs utilized            ( +-  1.88% )
                13      context-switches          #    0.010 M/sec                    ( +-  4.44% )
                 8      cpu-migrations            #    0.006 M/sec                    ( +-  4.35% )
                76      page-faults               #    0.058 M/sec                    ( +-  0.59% )
   <not supported>      cycles                   
   <not supported>      stalled-cycles-frontend  
   <not supported>      stalled-cycles-backend   
   <not supported>      instructions             
   <not supported>      branches                 
   <not supported>      branch-misses            

       0.001199051 seconds time elapsed                                          ( +-  2.28% )


 Performance counter stats for './mandelbrot_pth -2.5 1.5 -2.0 2.0 64 8' (10 runs):

          2.254240      task-clock (msec)         #    1.873 CPUs utilized            ( +-  1.02% )
                17      context-switches          #    0.007 M/sec                    ( +-  3.89% )
                 8      cpu-migrations            #    0.004 M/sec                    ( +-  4.41% )
                76      page-faults               #    0.034 M/sec                    ( +-  0.58% )
   <not supported>      cycles                   
   <not supported>      stalled-cycles-frontend  
   <not supported>      stalled-cycles-backend   
   <not supported>      instructions             
   <not supported>      branches                 
   <not supported>      branch-misses            

       0.001203640 seconds time elapsed                                          ( +-  1.45% )


 Performance counter stats for './mandelbrot_pth -2.5 1.5 -2.0 2.0 128 8' (10 runs):

          6.642222      task-clock (msec)         #    3.622 CPUs utilized            ( +-  1.69% )
                56      context-switches          #    0.008 M/sec                    ( +-  5.89% )
                 9      cpu-migrations            #    0.001 M/sec                    ( +-  4.42% )
                76      page-faults               #    0.011 M/sec                    ( +-  0.47% )
   <not supported>      cycles                   
   <not supported>      stalled-cycles-frontend  
   <not supported>      stalled-cycles-backend   
   <not supported>      instructions             
   <not supported>      branches                 
   <not supported>      branch-misses            

       0.001833792 seconds time elapsed                                          ( +-  1.49% )


 Performance counter stats for './mandelbrot_pth -2.5 1.5 -2.0 2.0 256 8' (10 runs):

         25.064343      task-clock (msec)         #    5.643 CPUs utilized            ( +-  0.52% )
               253      context-switches          #    0.010 M/sec                    ( +-  3.72% )
                10      cpu-migrations            #    0.419 K/sec                    ( +-  6.39% )
                76      page-faults               #    0.003 M/sec                    ( +-  0.48% )
   <not supported>      cycles                   
   <not supported>      stalled-cycles-frontend  
   <not supported>      stalled-cycles-backend   
   <not supported>      instructions             
   <not supported>      branches                 
   <not supported>      branch-misses            

       0.004442007 seconds time elapsed                                          ( +-  1.16% )


 Performance counter stats for './mandelbrot_pth -2.5 1.5 -2.0 2.0 512 8' (10 runs):

         99.442664      task-clock (msec)         #    6.820 CPUs utilized            ( +-  0.56% )
             1,098      context-switches          #    0.011 M/sec                    ( +-  2.77% )
                11      cpu-migrations            #    0.109 K/sec                    ( +- 10.40% )
                77      page-faults               #    0.774 K/sec                    ( +-  0.39% )
   <not supported>      cycles                   
   <not supported>      stalled-cycles-frontend  
   <not supported>      stalled-cycles-backend   
   <not supported>      instructions             
   <not supported>      branches                 
   <not supported>      branch-misses            

       0.014580287 seconds time elapsed                                          ( +-  0.72% )


 Performance counter stats for './mandelbrot_pth -2.5 1.5 -2.0 2.0 1024 8' (10 runs):

        325.040854      task-clock (msec)         #    7.590 CPUs utilized            ( +-  0.55% )
             1,498      context-switches          #    0.005 M/sec                    ( +-  5.72% )
                10      cpu-migrations            #    0.030 K/sec                    ( +-  5.76% )
                76      page-faults               #    0.235 K/sec                    ( +-  0.49% )
   <not supported>      cycles                   
   <not supported>      stalled-cycles-frontend  
   <not supported>      stalled-cycles-backend   
   <not supported>      instructions             
   <not supported>      branches                 
   <not supported>      branch-misses            

       0.042825611 seconds time elapsed                                          ( +-  0.65% )


 Performance counter stats for './mandelbrot_pth -2.5 1.5 -2.0 2.0 2048 8' (10 runs):

       1313.920560      task-clock (msec)         #    7.723 CPUs utilized            ( +-  0.47% )
             6,118      context-switches          #    0.005 M/sec                    ( +-  4.95% )
                10      cpu-migrations            #    0.008 K/sec                    ( +- 11.12% )
                76      page-faults               #    0.058 K/sec                    ( +-  0.52% )
   <not supported>      cycles                   
   <not supported>      stalled-cycles-frontend  
   <not supported>      stalled-cycles-backend   
   <not supported>      instructions             
   <not supported>      branches                 
   <not supported>      branch-misses            

       0.170135287 seconds time elapsed                                          ( +-  0.59% )


 Performance counter stats for './mandelbrot_pth -2.5 1.5 -2.0 2.0 4096 8' (10 runs):

       5450.869315      task-clock (msec)         #    7.745 CPUs utilized            ( +-  0.88% )
            30,259      context-switches          #    0.006 M/sec                    ( +-  3.10% )
                11      cpu-migrations            #    0.002 K/sec                    ( +-  7.42% )
                77      page-faults               #    0.014 K/sec                    ( +-  0.51% )
   <not supported>      cycles                   
   <not supported>      stalled-cycles-frontend  
   <not supported>      stalled-cycles-backend   
   <not supported>      instructions             
   <not supported>      branches                 
   <not supported>      branch-misses            

       0.703751352 seconds time elapsed                                          ( +-  0.87% )


 Performance counter stats for './mandelbrot_pth -2.5 1.5 -2.0 2.0 8192 8' (10 runs):

      22032.826844      task-clock (msec)         #    7.714 CPUs utilized            ( +-  0.57% )
           143,170      context-switches          #    0.006 M/sec                    ( +-  4.59% )
                11      cpu-migrations            #    0.001 K/sec                    ( +- 10.88% )
                77      page-faults               #    0.003 K/sec                    ( +-  0.35% )
   <not supported>      cycles                   
   <not supported>      stalled-cycles-frontend  
   <not supported>      stalled-cycles-backend   
   <not supported>      instructions             
   <not supported>      branches                 
   <not supported>      branch-misses            

       2.856267959 seconds time elapsed                                          ( +-  0.69% )


 Performance counter stats for './mandelbrot_pth -2.5 1.5 -2.0 2.0 16 16' (10 runs):

          1.187876      task-clock (msec)         #    1.114 CPUs utilized            ( +-  1.99% )
                32      context-switches          #    0.027 M/sec                    ( +-  4.97% )
                19      cpu-migrations            #    0.016 M/sec                    ( +-  1.87% )
                93      page-faults               #    0.078 M/sec                    ( +-  0.30% )
   <not supported>      cycles                   
   <not supported>      stalled-cycles-frontend  
   <not supported>      stalled-cycles-backend   
   <not supported>      instructions             
   <not supported>      branches                 
   <not supported>      branch-misses            

       0.001066247 seconds time elapsed                                          ( +-  1.66% )


 Performance counter stats for './mandelbrot_pth -2.5 1.5 -2.0 2.0 32 16' (10 runs):

          1.480073      task-clock (msec)         #    1.356 CPUs utilized            ( +-  1.49% )
                36      context-switches          #    0.024 M/sec                    ( +-  5.85% )
                21      cpu-migrations            #    0.014 M/sec                    ( +-  2.89% )
                93      page-faults               #    0.063 M/sec                    ( +-  0.39% )
   <not supported>      cycles                   
   <not supported>      stalled-cycles-frontend  
   <not supported>      stalled-cycles-backend   
   <not supported>      instructions             
   <not supported>      branches                 
   <not supported>      branch-misses            

       0.001091259 seconds time elapsed                                          ( +-  2.69% )


 Performance counter stats for './mandelbrot_pth -2.5 1.5 -2.0 2.0 64 16' (10 runs):

          2.279339      task-clock (msec)         #    1.849 CPUs utilized            ( +-  0.78% )
                27      context-switches          #    0.012 M/sec                    ( +-  4.09% )
                17      cpu-migrations            #    0.007 M/sec                    ( +-  3.35% )
                93      page-faults               #    0.041 M/sec                    ( +-  0.40% )
   <not supported>      cycles                   
   <not supported>      stalled-cycles-frontend  
   <not supported>      stalled-cycles-backend   
   <not supported>      instructions             
   <not supported>      branches                 
   <not supported>      branch-misses            

       0.001232617 seconds time elapsed                                          ( +-  1.50% )


 Performance counter stats for './mandelbrot_pth -2.5 1.5 -2.0 2.0 128 16' (10 runs):

          6.113179      task-clock (msec)         #    3.668 CPUs utilized            ( +-  0.73% )
                51      context-switches          #    0.008 M/sec                    ( +-  7.08% )
                16      cpu-migrations            #    0.003 M/sec                    ( +-  3.73% )
                93      page-faults               #    0.015 M/sec                    ( +-  0.25% )
   <not supported>      cycles                   
   <not supported>      stalled-cycles-frontend  
   <not supported>      stalled-cycles-backend   
   <not supported>      instructions             
   <not supported>      branches                 
   <not supported>      branch-misses            

       0.001666398 seconds time elapsed                                          ( +-  1.30% )


 Performance counter stats for './mandelbrot_pth -2.5 1.5 -2.0 2.0 256 16' (10 runs):

         21.771963      task-clock (msec)         #    5.860 CPUs utilized            ( +-  0.82% )
               183      context-switches          #    0.008 M/sec                    ( +-  6.96% )
                18      cpu-migrations            #    0.845 K/sec                    ( +-  6.49% )
                93      page-faults               #    0.004 M/sec                    ( +-  0.30% )
   <not supported>      cycles                   
   <not supported>      stalled-cycles-frontend  
   <not supported>      stalled-cycles-backend   
   <not supported>      instructions             
   <not supported>      branches                 
   <not supported>      branch-misses            

       0.003715045 seconds time elapsed                                          ( +-  1.23% )


 Performance counter stats for './mandelbrot_pth -2.5 1.5 -2.0 2.0 512 16' (10 runs):

         84.875810      task-clock (msec)         #    7.314 CPUs utilized            ( +-  0.83% )
               632      context-switches          #    0.007 M/sec                    ( +-  5.64% )
                21      cpu-migrations            #    0.249 K/sec                    ( +-  7.36% )
                93      page-faults               #    0.001 M/sec                    ( +-  0.42% )
   <not supported>      cycles                   
   <not supported>      stalled-cycles-frontend  
   <not supported>      stalled-cycles-backend   
   <not supported>      instructions             
   <not supported>      branches                 
   <not supported>      branch-misses            

       0.011604620 seconds time elapsed                                          ( +-  0.76% )


 Performance counter stats for './mandelbrot_pth -2.5 1.5 -2.0 2.0 1024 16' (10 runs):

        335.390227      task-clock (msec)         #    7.771 CPUs utilized            ( +-  0.66% )
             2,203      context-switches          #    0.007 M/sec                    ( +-  3.79% )
                34      cpu-migrations            #    0.101 K/sec                    ( +-  5.76% )
                93      page-faults               #    0.279 K/sec                    ( +-  0.43% )
   <not supported>      cycles                   
   <not supported>      stalled-cycles-frontend  
   <not supported>      stalled-cycles-backend   
   <not supported>      instructions             
   <not supported>      branches                 
   <not supported>      branch-misses            

       0.043160612 seconds time elapsed                                          ( +-  0.74% )


 Performance counter stats for './mandelbrot_pth -2.5 1.5 -2.0 2.0 2048 16' (10 runs):

       1350.420309      task-clock (msec)         #    7.891 CPUs utilized            ( +-  0.61% )
             7,787      context-switches          #    0.006 M/sec                    ( +-  4.82% )
                41      cpu-migrations            #    0.031 K/sec                    ( +-  8.76% )
                94      page-faults               #    0.069 K/sec                    ( +-  0.28% )
   <not supported>      cycles                   
   <not supported>      stalled-cycles-frontend  
   <not supported>      stalled-cycles-backend   
   <not supported>      instructions             
   <not supported>      branches                 
   <not supported>      branch-misses            

       0.171135074 seconds time elapsed                                          ( +-  0.62% )


 Performance counter stats for './mandelbrot_pth -2.5 1.5 -2.0 2.0 4096 16' (10 runs):

       5581.613282      task-clock (msec)         #    7.967 CPUs utilized            ( +-  0.56% )
            35,498      context-switches          #    0.006 M/sec                    ( +-  4.06% )
                89      cpu-migrations            #    0.016 K/sec                    ( +-  5.83% )
                93      page-faults               #    0.017 K/sec                    ( +-  0.30% )
   <not supported>      cycles                   
   <not supported>      stalled-cycles-frontend  
   <not supported>      stalled-cycles-backend   
   <not supported>      instructions             
   <not supported>      branches                 
   <not supported>      branch-misses            

       0.700557115 seconds time elapsed                                          ( +-  0.55% )


 Performance counter stats for './mandelbrot_pth -2.5 1.5 -2.0 2.0 8192 16' (10 runs):

      22686.859603      task-clock (msec)         #    7.979 CPUs utilized            ( +-  0.94% )
           155,124      context-switches          #    0.007 M/sec                    ( +-  6.12% )
               245      cpu-migrations            #    0.011 K/sec                    ( +-  3.65% )
                93      page-faults               #    0.004 K/sec                    ( +-  0.33% )
   <not supported>      cycles                   
   <not supported>      stalled-cycles-frontend  
   <not supported>      stalled-cycles-backend   
   <not supported>      instructions             
   <not supported>      branches                 
   <not supported>      branch-misses            

       2.843238267 seconds time elapsed                                          ( +-  0.94% )


 Performance counter stats for './mandelbrot_pth -2.5 1.5 -2.0 2.0 16 32' (10 runs):

          1.607137      task-clock (msec)         #    1.195 CPUs utilized            ( +-  1.66% )
                40      context-switches          #    0.025 M/sec                    ( +-  5.22% )
                36      cpu-migrations            #    0.022 M/sec                    ( +-  1.28% )
               126      page-faults               #    0.079 M/sec                    ( +-  0.31% )
   <not supported>      cycles                   
   <not supported>      stalled-cycles-frontend  
   <not supported>      stalled-cycles-backend   
   <not supported>      instructions             
   <not supported>      branches                 
   <not supported>      branch-misses            

       0.001345217 seconds time elapsed                                          ( +-  2.02% )


 Performance counter stats for './mandelbrot_pth -2.5 1.5 -2.0 2.0 32 32' (10 runs):

          1.891427      task-clock (msec)         #    1.409 CPUs utilized            ( +-  1.33% )
                42      context-switches          #    0.022 M/sec                    ( +-  4.45% )
                38      cpu-migrations            #    0.020 M/sec                    ( +-  1.66% )
               126      page-faults               #    0.067 M/sec                    ( +-  0.31% )
   <not supported>      cycles                   
   <not supported>      stalled-cycles-frontend  
   <not supported>      stalled-cycles-backend   
   <not supported>      instructions             
   <not supported>      branches                 
   <not supported>      branch-misses            

       0.001342435 seconds time elapsed                                          ( +-  1.39% )


 Performance counter stats for './mandelbrot_pth -2.5 1.5 -2.0 2.0 64 32' (10 runs):

          2.949836      task-clock (msec)         #    1.990 CPUs utilized            ( +-  0.71% )
                63      context-switches          #    0.021 M/sec                    ( +-  5.88% )
                41      cpu-migrations            #    0.014 M/sec                    ( +-  2.13% )
               126      page-faults               #    0.043 M/sec                    ( +-  0.25% )
   <not supported>      cycles                   
   <not supported>      stalled-cycles-frontend  
   <not supported>      stalled-cycles-backend   
   <not supported>      instructions             
   <not supported>      branches                 
   <not supported>      branch-misses            

       0.001482004 seconds time elapsed                                          ( +-  1.23% )


 Performance counter stats for './mandelbrot_pth -2.5 1.5 -2.0 2.0 128 32' (10 runs):

          6.519734      task-clock (msec)         #    3.371 CPUs utilized            ( +-  0.53% )
                66      context-switches          #    0.010 M/sec                    ( +-  4.22% )
                34      cpu-migrations            #    0.005 M/sec                    ( +-  3.52% )
               126      page-faults               #    0.019 M/sec                    ( +-  0.29% )
   <not supported>      cycles                   
   <not supported>      stalled-cycles-frontend  
   <not supported>      stalled-cycles-backend   
   <not supported>      instructions             
   <not supported>      branches                 
   <not supported>      branch-misses            

       0.001934171 seconds time elapsed                                          ( +-  0.89% )


 Performance counter stats for './mandelbrot_pth -2.5 1.5 -2.0 2.0 256 32' (10 runs):

         22.024167      task-clock (msec)         #    5.491 CPUs utilized            ( +-  0.72% )
               180      context-switches          #    0.008 M/sec                    ( +-  4.75% )
                36      cpu-migrations            #    0.002 M/sec                    ( +-  3.43% )
               126      page-faults               #    0.006 M/sec                    ( +-  0.30% )
   <not supported>      cycles                   
   <not supported>      stalled-cycles-frontend  
   <not supported>      stalled-cycles-backend   
   <not supported>      instructions             
   <not supported>      branches                 
   <not supported>      branch-misses            

       0.004010853 seconds time elapsed                                          ( +-  1.35% )


 Performance counter stats for './mandelbrot_pth -2.5 1.5 -2.0 2.0 512 32' (10 runs):

         84.116254      task-clock (msec)         #    7.034 CPUs utilized            ( +-  1.01% )
               577      context-switches          #    0.007 M/sec                    ( +-  6.19% )
                40      cpu-migrations            #    0.470 K/sec                    ( +-  4.81% )
               127      page-faults               #    0.002 M/sec                    ( +-  0.32% )
   <not supported>      cycles                   
   <not supported>      stalled-cycles-frontend  
   <not supported>      stalled-cycles-backend   
   <not supported>      instructions             
   <not supported>      branches                 
   <not supported>      branch-misses            

       0.011958202 seconds time elapsed                                          ( +-  1.15% )


 Performance counter stats for './mandelbrot_pth -2.5 1.5 -2.0 2.0 1024 32' (10 runs):

        344.741039      task-clock (msec)         #    7.736 CPUs utilized            ( +-  0.75% )
             2,316      context-switches          #    0.007 M/sec                    ( +-  5.52% )
                45      cpu-migrations            #    0.131 K/sec                    ( +-  7.56% )
               127      page-faults               #    0.368 K/sec                    ( +-  0.12% )
   <not supported>      cycles                   
   <not supported>      stalled-cycles-frontend  
   <not supported>      stalled-cycles-backend   
   <not supported>      instructions             
   <not supported>      branches                 
   <not supported>      branch-misses            

       0.044563696 seconds time elapsed                                          ( +-  1.00% )


 Performance counter stats for './mandelbrot_pth -2.5 1.5 -2.0 2.0 2048 32' (10 runs):

       1532.997360      task-clock (msec)         #    7.925 CPUs utilized            ( +- 10.38% )
             8,119      context-switches          #    0.005 M/sec                    ( +-  5.80% )
                63      cpu-migrations            #    0.041 K/sec                    ( +-  5.73% )
               127      page-faults               #    0.083 K/sec                    ( +-  0.24% )
   <not supported>      cycles                   
   <not supported>      stalled-cycles-frontend  
   <not supported>      stalled-cycles-backend   
   <not supported>      instructions             
   <not supported>      branches                 
   <not supported>      branch-misses            

       0.193448744 seconds time elapsed                                          ( +- 10.40% )


 Performance counter stats for './mandelbrot_pth -2.5 1.5 -2.0 2.0 4096 32' (10 runs):

       5645.212261      task-clock (msec)         #    7.977 CPUs utilized            ( +-  0.87% )
            37,488      context-switches          #    0.007 M/sec                    ( +-  6.59% )
               109      cpu-migrations            #    0.019 K/sec                    ( +-  5.37% )
               126      page-faults               #    0.022 K/sec                    ( +-  0.29% )
   <not supported>      cycles                   
   <not supported>      stalled-cycles-frontend  
   <not supported>      stalled-cycles-backend   
   <not supported>      instructions             
   <not supported>      branches                 
   <not supported>      branch-misses            

       0.707651361 seconds time elapsed                                          ( +-  0.86% )


 Performance counter stats for './mandelbrot_pth -2.5 1.5 -2.0 2.0 8192 32' (10 runs):

      23017.855035      task-clock (msec)         #    7.993 CPUs utilized            ( +-  1.35% )
           160,866      context-switches          #    0.007 M/sec                    ( +-  5.47% )
               352      cpu-migrations            #    0.015 K/sec                    ( +-  5.10% )
               126      page-faults               #    0.005 K/sec                    ( +-  0.33% )
   <not supported>      cycles                   
   <not supported>      stalled-cycles-frontend  
   <not supported>      stalled-cycles-backend   
   <not supported>      instructions             
   <not supported>      branches                 
   <not supported>      branch-misses            

       2.879817290 seconds time elapsed                                          ( +-  1.36% )

