
 Performance counter stats for './mandelbrot_pth -0.8 -0.7 0.05 0.15 16 1' (10 runs):

          0.853862      task-clock (msec)         #    0.741 CPUs utilized            ( +-  4.43% )
                 1      context-switches          #    0.001 M/sec                  
                 1      cpu-migrations            #    0.001 M/sec                    ( +-  9.09% )
                62      page-faults               #    0.073 M/sec                    ( +-  0.64% )
   <not supported>      cycles                   
   <not supported>      stalled-cycles-frontend  
   <not supported>      stalled-cycles-backend   
   <not supported>      instructions             
   <not supported>      branches                 
   <not supported>      branch-misses            

       0.001151576 seconds time elapsed                                          ( +-  4.18% )


 Performance counter stats for './mandelbrot_pth -0.8 -0.7 0.05 0.15 32 1' (10 runs):

          1.906315      task-clock (msec)         #    0.877 CPUs utilized            ( +-  0.57% )
                 1      context-switches          #    0.525 K/sec                  
                 1      cpu-migrations            #    0.577 K/sec                    ( +-  9.09% )
                62      page-faults               #    0.033 M/sec                    ( +-  0.54% )
   <not supported>      cycles                   
   <not supported>      stalled-cycles-frontend  
   <not supported>      stalled-cycles-backend   
   <not supported>      instructions             
   <not supported>      branches                 
   <not supported>      branch-misses            

       0.002173671 seconds time elapsed                                          ( +-  0.74% )


 Performance counter stats for './mandelbrot_pth -0.8 -0.7 0.05 0.15 64 1' (10 runs):

          6.259999      task-clock (msec)         #    0.959 CPUs utilized            ( +-  0.24% )
                 1      context-switches          #    0.176 K/sec                    ( +-  9.09% )
                 1      cpu-migrations            #    0.176 K/sec                    ( +-  9.09% )
                62      page-faults               #    0.010 M/sec                    ( +-  0.72% )
   <not supported>      cycles                   
   <not supported>      stalled-cycles-frontend  
   <not supported>      stalled-cycles-backend   
   <not supported>      instructions             
   <not supported>      branches                 
   <not supported>      branch-misses            

       0.006529673 seconds time elapsed                                          ( +-  0.23% )


 Performance counter stats for './mandelbrot_pth -0.8 -0.7 0.05 0.15 128 1' (10 runs):

         24.089209      task-clock (msec)         #    0.988 CPUs utilized            ( +-  0.22% )
                 1      context-switches          #    0.046 K/sec                    ( +-  9.09% )
                 1      cpu-migrations            #    0.042 K/sec                  
                62      page-faults               #    0.003 M/sec                    ( +-  0.59% )
   <not supported>      cycles                   
   <not supported>      stalled-cycles-frontend  
   <not supported>      stalled-cycles-backend   
   <not supported>      instructions             
   <not supported>      branches                 
   <not supported>      branch-misses            

       0.024375014 seconds time elapsed                                          ( +-  0.22% )


 Performance counter stats for './mandelbrot_pth -0.8 -0.7 0.05 0.15 256 1' (10 runs):

         95.055924      task-clock (msec)         #    0.997 CPUs utilized            ( +-  0.65% )
                 1      context-switches          #    0.013 K/sec                    ( +- 16.67% )
                 1      cpu-migrations            #    0.011 K/sec                  
                62      page-faults               #    0.648 K/sec                    ( +-  0.50% )
   <not supported>      cycles                   
   <not supported>      stalled-cycles-frontend  
   <not supported>      stalled-cycles-backend   
   <not supported>      instructions             
   <not supported>      branches                 
   <not supported>      branch-misses            

       0.095389627 seconds time elapsed                                          ( +-  0.65% )


 Performance counter stats for './mandelbrot_pth -0.8 -0.7 0.05 0.15 512 1' (10 runs):

        367.941890      task-clock (msec)         #    0.999 CPUs utilized            ( +-  0.01% )
                 2      context-switches          #    0.004 K/sec                    ( +- 16.67% )
                 1      cpu-migrations            #    0.003 K/sec                  
                62      page-faults               #    0.168 K/sec                    ( +-  0.69% )
   <not supported>      cycles                   
   <not supported>      stalled-cycles-frontend  
   <not supported>      stalled-cycles-backend   
   <not supported>      instructions             
   <not supported>      branches                 
   <not supported>      branch-misses            

       0.368275779 seconds time elapsed                                          ( +-  0.01% )


 Performance counter stats for './mandelbrot_pth -0.8 -0.7 0.05 0.15 1024 1' (10 runs):

       1469.657402      task-clock (msec)         #    1.000 CPUs utilized            ( +-  0.01% )
                 4      context-switches          #    0.003 K/sec                    ( +-  7.65% )
                 1      cpu-migrations            #    0.001 K/sec                    ( +-  9.09% )
                63      page-faults               #    0.043 K/sec                    ( +-  0.35% )
   <not supported>      cycles                   
   <not supported>      stalled-cycles-frontend  
   <not supported>      stalled-cycles-backend   
   <not supported>      instructions             
   <not supported>      branches                 
   <not supported>      branch-misses            

       1.470031672 seconds time elapsed                                          ( +-  0.01% )


 Performance counter stats for './mandelbrot_pth -0.8 -0.7 0.05 0.15 2048 1' (10 runs):

       5888.615657      task-clock (msec)         #    1.000 CPUs utilized            ( +-  0.13% )
                11      context-switches          #    0.002 K/sec                    ( +-  1.94% )
                 1      cpu-migrations            #    0.000 K/sec                  
                62      page-faults               #    0.011 K/sec                    ( +-  0.48% )
   <not supported>      cycles                   
   <not supported>      stalled-cycles-frontend  
   <not supported>      stalled-cycles-backend   
   <not supported>      instructions             
   <not supported>      branches                 
   <not supported>      branch-misses            

       5.889103720 seconds time elapsed                                          ( +-  0.13% )


 Performance counter stats for './mandelbrot_pth -0.8 -0.7 0.05 0.15 4096 1' (10 runs):

      23530.565717      task-clock (msec)         #    1.000 CPUs utilized            ( +-  0.04% )
                42      context-switches          #    0.002 K/sec                    ( +-  0.62% )
                 1      cpu-migrations            #    0.000 K/sec                  
                62      page-faults               #    0.003 K/sec                    ( +-  0.56% )
   <not supported>      cycles                   
   <not supported>      stalled-cycles-frontend  
   <not supported>      stalled-cycles-backend   
   <not supported>      instructions             
   <not supported>      branches                 
   <not supported>      branch-misses            

      23.531482007 seconds time elapsed                                          ( +-  0.04% )


 Performance counter stats for './mandelbrot_pth -0.8 -0.7 0.05 0.15 8192 1' (10 runs):

      94237.080800      task-clock (msec)         #    1.000 CPUs utilized            ( +-  0.03% )
               167      context-switches          #    0.002 K/sec                    ( +-  0.16% )
                 1      cpu-migrations            #    0.000 K/sec                  
                62      page-faults               #    0.001 K/sec                    ( +-  0.42% )
   <not supported>      cycles                   
   <not supported>      stalled-cycles-frontend  
   <not supported>      stalled-cycles-backend   
   <not supported>      instructions             
   <not supported>      branches                 
   <not supported>      branch-misses            

      94.239655825 seconds time elapsed                                          ( +-  0.03% )


 Performance counter stats for './mandelbrot_pth -0.8 -0.7 0.05 0.15 16 2' (10 runs):

          0.842246      task-clock (msec)         #    0.973 CPUs utilized            ( +-  0.68% )
                 2      context-switches          #    0.003 M/sec                    ( +-  6.06% )
                 2      cpu-migrations            #    0.002 M/sec                  
                64      page-faults               #    0.076 M/sec                    ( +-  0.46% )
   <not supported>      cycles                   
   <not supported>      stalled-cycles-frontend  
   <not supported>      stalled-cycles-backend   
   <not supported>      instructions             
   <not supported>      branches                 
   <not supported>      branch-misses            

       0.000865818 seconds time elapsed                                          ( +-  1.30% )


 Performance counter stats for './mandelbrot_pth -0.8 -0.7 0.05 0.15 32 2' (10 runs):

          2.002889      task-clock (msec)         #    1.334 CPUs utilized            ( +-  0.59% )
                 2      context-switches          #    0.001 M/sec                    ( +-  6.64% )
                 2      cpu-migrations            #    0.999 K/sec                  
                65      page-faults               #    0.032 M/sec                    ( +-  0.21% )
   <not supported>      cycles                   
   <not supported>      stalled-cycles-frontend  
   <not supported>      stalled-cycles-backend   
   <not supported>      instructions             
   <not supported>      branches                 
   <not supported>      branch-misses            

       0.001501697 seconds time elapsed                                          ( +-  0.98% )


 Performance counter stats for './mandelbrot_pth -0.8 -0.7 0.05 0.15 64 2' (10 runs):

          6.357088      task-clock (msec)         #    1.740 CPUs utilized            ( +-  0.14% )
                 2      context-switches          #    0.362 K/sec                    ( +-  6.64% )
                 2      cpu-migrations            #    0.362 K/sec                    ( +-  9.28% )
                64      page-faults               #    0.010 M/sec                    ( +-  0.34% )
   <not supported>      cycles                   
   <not supported>      stalled-cycles-frontend  
   <not supported>      stalled-cycles-backend   
   <not supported>      instructions             
   <not supported>      branches                 
   <not supported>      branch-misses            

       0.003653781 seconds time elapsed                                          ( +-  0.36% )


 Performance counter stats for './mandelbrot_pth -0.8 -0.7 0.05 0.15 128 2' (10 runs):

         23.772621      task-clock (msec)         #    1.919 CPUs utilized            ( +-  0.14% )
                 2      context-switches          #    0.101 K/sec                    ( +-  6.80% )
                 2      cpu-migrations            #    0.084 K/sec                  
                64      page-faults               #    0.003 M/sec                    ( +-  0.49% )
   <not supported>      cycles                   
   <not supported>      stalled-cycles-frontend  
   <not supported>      stalled-cycles-backend   
   <not supported>      instructions             
   <not supported>      branches                 
   <not supported>      branch-misses            

       0.012391149 seconds time elapsed                                          ( +-  0.18% )


 Performance counter stats for './mandelbrot_pth -0.8 -0.7 0.05 0.15 256 2' (10 runs):

         94.420610      task-clock (msec)         #    1.975 CPUs utilized            ( +-  0.34% )
                 4      context-switches          #    0.038 K/sec                    ( +-  9.44% )
                 2      cpu-migrations            #    0.022 K/sec                    ( +-  4.76% )
                64      page-faults               #    0.681 K/sec                    ( +-  0.40% )
   <not supported>      cycles                   
   <not supported>      stalled-cycles-frontend  
   <not supported>      stalled-cycles-backend   
   <not supported>      instructions             
   <not supported>      branches                 
   <not supported>      branch-misses            

       0.047809774 seconds time elapsed                                          ( +-  0.34% )


 Performance counter stats for './mandelbrot_pth -0.8 -0.7 0.05 0.15 512 2' (10 runs):

        371.219956      task-clock (msec)         #    1.994 CPUs utilized            ( +-  0.03% )
                 4      context-switches          #    0.011 K/sec                    ( +- 12.19% )
                 2      cpu-migrations            #    0.005 K/sec                  
                65      page-faults               #    0.174 K/sec                    ( +-  0.52% )
   <not supported>      cycles                   
   <not supported>      stalled-cycles-frontend  
   <not supported>      stalled-cycles-backend   
   <not supported>      instructions             
   <not supported>      branches                 
   <not supported>      branch-misses            

       0.186211407 seconds time elapsed                                          ( +-  0.03% )


 Performance counter stats for './mandelbrot_pth -0.8 -0.7 0.05 0.15 1024 2' (10 runs):

       1484.763112      task-clock (msec)         #    1.998 CPUs utilized            ( +-  0.19% )
                10      context-switches          #    0.007 K/sec                    ( +-  7.84% )
                 2      cpu-migrations            #    0.001 K/sec                  
                65      page-faults               #    0.044 K/sec                    ( +-  0.25% )
   <not supported>      cycles                   
   <not supported>      stalled-cycles-frontend  
   <not supported>      stalled-cycles-backend   
   <not supported>      instructions             
   <not supported>      branches                 
   <not supported>      branch-misses            

       0.743036643 seconds time elapsed                                          ( +-  0.20% )


 Performance counter stats for './mandelbrot_pth -0.8 -0.7 0.05 0.15 2048 2' (10 runs):

       5943.572443      task-clock (msec)         #    1.999 CPUs utilized            ( +-  0.14% )
                33      context-switches          #    0.005 K/sec                    ( +-  4.51% )
                 2      cpu-migrations            #    0.000 K/sec                    ( +-  6.06% )
                65      page-faults               #    0.011 K/sec                    ( +-  0.31% )
   <not supported>      cycles                   
   <not supported>      stalled-cycles-frontend  
   <not supported>      stalled-cycles-backend   
   <not supported>      instructions             
   <not supported>      branches                 
   <not supported>      branch-misses            

       2.972605709 seconds time elapsed                                          ( +-  0.14% )


 Performance counter stats for './mandelbrot_pth -0.8 -0.7 0.05 0.15 4096 2' (10 runs):

      25020.159343      task-clock (msec)         #    1.997 CPUs utilized            ( +-  0.27% )
             3,798      context-switches          #    0.152 K/sec                    ( +- 16.63% )
                 2      cpu-migrations            #    0.000 K/sec                  
                64      page-faults               #    0.003 K/sec                    ( +-  0.75% )
   <not supported>      cycles                   
   <not supported>      stalled-cycles-frontend  
   <not supported>      stalled-cycles-backend   
   <not supported>      instructions             
   <not supported>      branches                 
   <not supported>      branch-misses            

      12.526535110 seconds time elapsed                                          ( +-  0.27% )


 Performance counter stats for './mandelbrot_pth -0.8 -0.7 0.05 0.15 8192 2' (10 runs):

     100300.815853      task-clock (msec)         #    1.997 CPUs utilized            ( +-  0.14% )
            20,808      context-switches          #    0.207 K/sec                    ( +- 12.35% )
                 2      cpu-migrations            #    0.000 K/sec                  
                64      page-faults               #    0.001 K/sec                    ( +-  0.35% )
   <not supported>      cycles                   
   <not supported>      stalled-cycles-frontend  
   <not supported>      stalled-cycles-backend   
   <not supported>      instructions             
   <not supported>      branches                 
   <not supported>      branch-misses            

      50.230132281 seconds time elapsed                                          ( +-  0.15% )


 Performance counter stats for './mandelbrot_pth -0.8 -0.7 0.05 0.15 16 4' (10 runs):

          0.931938      task-clock (msec)         #    1.145 CPUs utilized            ( +-  0.56% )
                 5      context-switches          #    0.005 M/sec                    ( +-  5.65% )
                 4      cpu-migrations            #    0.004 M/sec                  
                68      page-faults               #    0.073 M/sec                    ( +-  0.15% )
   <not supported>      cycles                   
   <not supported>      stalled-cycles-frontend  
   <not supported>      stalled-cycles-backend   
   <not supported>      instructions             
   <not supported>      branches                 
   <not supported>      branch-misses            

       0.000813623 seconds time elapsed                                          ( +-  1.16% )


 Performance counter stats for './mandelbrot_pth -0.8 -0.7 0.05 0.15 32 4' (10 runs):

          2.078767      task-clock (msec)         #    1.826 CPUs utilized            ( +-  0.83% )
                 5      context-switches          #    0.002 M/sec                    ( +-  4.54% )
                 4      cpu-migrations            #    0.002 M/sec                  
                69      page-faults               #    0.033 M/sec                    ( +-  0.15% )
   <not supported>      cycles                   
   <not supported>      stalled-cycles-frontend  
   <not supported>      stalled-cycles-backend   
   <not supported>      instructions             
   <not supported>      branches                 
   <not supported>      branch-misses            

       0.001138515 seconds time elapsed                                          ( +-  1.61% )


 Performance counter stats for './mandelbrot_pth -0.8 -0.7 0.05 0.15 64 4' (10 runs):

          6.496521      task-clock (msec)         #    2.893 CPUs utilized            ( +-  0.22% )
                 5      context-switches          #    0.785 K/sec                    ( +-  7.42% )
                 4      cpu-migrations            #    0.616 K/sec                  
                68      page-faults               #    0.010 M/sec                    ( +-  0.50% )
   <not supported>      cycles                   
   <not supported>      stalled-cycles-frontend  
   <not supported>      stalled-cycles-backend   
   <not supported>      instructions             
   <not supported>      branches                 
   <not supported>      branch-misses            

       0.002245245 seconds time elapsed                                          ( +-  0.56% )


 Performance counter stats for './mandelbrot_pth -0.8 -0.7 0.05 0.15 128 4' (10 runs):

         23.992073      task-clock (msec)         #    3.625 CPUs utilized            ( +-  0.08% )
                 6      context-switches          #    0.238 K/sec                    ( +-  5.88% )
                 4      cpu-migrations            #    0.167 K/sec                  
                68      page-faults               #    0.003 M/sec                    ( +-  0.44% )
   <not supported>      cycles                   
   <not supported>      stalled-cycles-frontend  
   <not supported>      stalled-cycles-backend   
   <not supported>      instructions             
   <not supported>      branches                 
   <not supported>      branch-misses            

       0.006618061 seconds time elapsed                                          ( +-  0.16% )


 Performance counter stats for './mandelbrot_pth -0.8 -0.7 0.05 0.15 256 4' (10 runs):

         95.383134      task-clock (msec)         #    3.868 CPUs utilized            ( +-  0.30% )
                11      context-switches          #    0.116 K/sec                    ( +- 10.35% )
                 4      cpu-migrations            #    0.046 K/sec                    ( +-  5.03% )
                68      page-faults               #    0.711 K/sec                    ( +-  0.57% )
   <not supported>      cycles                   
   <not supported>      stalled-cycles-frontend  
   <not supported>      stalled-cycles-backend   
   <not supported>      instructions             
   <not supported>      branches                 
   <not supported>      branch-misses            

       0.024658905 seconds time elapsed                                          ( +-  0.32% )


 Performance counter stats for './mandelbrot_pth -0.8 -0.7 0.05 0.15 512 4' (10 runs):

        374.266799      task-clock (msec)         #    3.965 CPUs utilized            ( +-  0.06% )
                32      context-switches          #    0.085 K/sec                    ( +- 11.56% )
                 4      cpu-migrations            #    0.011 K/sec                    ( +-  2.44% )
                69      page-faults               #    0.183 K/sec                    ( +-  0.24% )
   <not supported>      cycles                   
   <not supported>      stalled-cycles-frontend  
   <not supported>      stalled-cycles-backend   
   <not supported>      instructions             
   <not supported>      branches                 
   <not supported>      branch-misses            

       0.094401182 seconds time elapsed                                          ( +-  0.07% )


 Performance counter stats for './mandelbrot_pth -0.8 -0.7 0.05 0.15 1024 4' (10 runs):

       1493.532682      task-clock (msec)         #    3.990 CPUs utilized            ( +-  0.10% )
                69      context-switches          #    0.046 K/sec                    ( +- 12.08% )
                 4      cpu-migrations            #    0.003 K/sec                    ( +-  5.03% )
                68      page-faults               #    0.046 K/sec                    ( +-  0.41% )
   <not supported>      cycles                   
   <not supported>      stalled-cycles-frontend  
   <not supported>      stalled-cycles-backend   
   <not supported>      instructions             
   <not supported>      branches                 
   <not supported>      branch-misses            

       0.374337898 seconds time elapsed                                          ( +-  0.10% )


 Performance counter stats for './mandelbrot_pth -0.8 -0.7 0.05 0.15 2048 4' (10 runs):

       5981.059306      task-clock (msec)         #    3.996 CPUs utilized            ( +-  0.07% )
               446      context-switches          #    0.075 K/sec                    ( +-  7.97% )
                 4      cpu-migrations            #    0.001 K/sec                    ( +-  7.59% )
                68      page-faults               #    0.011 K/sec                    ( +-  0.51% )
   <not supported>      cycles                   
   <not supported>      stalled-cycles-frontend  
   <not supported>      stalled-cycles-backend   
   <not supported>      instructions             
   <not supported>      branches                 
   <not supported>      branch-misses            

       1.496945543 seconds time elapsed                                          ( +-  0.07% )


 Performance counter stats for './mandelbrot_pth -0.8 -0.7 0.05 0.15 4096 4' (10 runs):

      23933.737320      task-clock (msec)         #    3.998 CPUs utilized            ( +-  0.11% )
             1,376      context-switches          #    0.057 K/sec                    ( +- 10.20% )
                 4      cpu-migrations            #    0.000 K/sec                    ( +-  2.44% )
                69      page-faults               #    0.003 K/sec                    ( +-  0.24% )
   <not supported>      cycles                   
   <not supported>      stalled-cycles-frontend  
   <not supported>      stalled-cycles-backend   
   <not supported>      instructions             
   <not supported>      branches                 
   <not supported>      branch-misses            

       5.986903754 seconds time elapsed                                          ( +-  0.11% )


 Performance counter stats for './mandelbrot_pth -0.8 -0.7 0.05 0.15 8192 4' (10 runs):

      95735.030052      task-clock (msec)         #    3.997 CPUs utilized            ( +-  0.05% )
             9,965      context-switches          #    0.104 K/sec                    ( +- 14.70% )
                 4      cpu-migrations            #    0.000 K/sec                    ( +-  4.76% )
                68      page-faults               #    0.001 K/sec                    ( +-  0.60% )
   <not supported>      cycles                   
   <not supported>      stalled-cycles-frontend  
   <not supported>      stalled-cycles-backend   
   <not supported>      instructions             
   <not supported>      branches                 
   <not supported>      branch-misses            

      23.950483532 seconds time elapsed                                          ( +-  0.06% )


 Performance counter stats for './mandelbrot_pth -0.8 -0.7 0.05 0.15 16 8' (10 runs):

          1.159237      task-clock (msec)         #    1.218 CPUs utilized            ( +-  1.84% )
                10      context-switches          #    0.009 M/sec                    ( +-  5.52% )
                 8      cpu-migrations            #    0.007 M/sec                    ( +-  4.19% )
                76      page-faults               #    0.066 M/sec                    ( +-  0.40% )
   <not supported>      cycles                   
   <not supported>      stalled-cycles-frontend  
   <not supported>      stalled-cycles-backend   
   <not supported>      instructions             
   <not supported>      branches                 
   <not supported>      branch-misses            

       0.000951977 seconds time elapsed                                          ( +-  2.95% )


 Performance counter stats for './mandelbrot_pth -0.8 -0.7 0.05 0.15 32 8' (10 runs):

          2.250014      task-clock (msec)         #    2.144 CPUs utilized            ( +-  0.37% )
                10      context-switches          #    0.005 M/sec                    ( +-  5.43% )
                 8      cpu-migrations            #    0.004 M/sec                    ( +-  3.98% )
                76      page-faults               #    0.034 M/sec                    ( +-  0.20% )
   <not supported>      cycles                   
   <not supported>      stalled-cycles-frontend  
   <not supported>      stalled-cycles-backend   
   <not supported>      instructions             
   <not supported>      branches                 
   <not supported>      branch-misses            

       0.001049501 seconds time elapsed                                          ( +-  1.13% )


 Performance counter stats for './mandelbrot_pth -0.8 -0.7 0.05 0.15 64 8' (10 runs):

          6.712091      task-clock (msec)         #    4.196 CPUs utilized            ( +-  0.19% )
                10      context-switches          #    0.002 M/sec                    ( +-  5.90% )
                 7      cpu-migrations            #    0.001 M/sec                    ( +-  1.85% )
                76      page-faults               #    0.011 M/sec                    ( +-  0.35% )
   <not supported>      cycles                   
   <not supported>      stalled-cycles-frontend  
   <not supported>      stalled-cycles-backend   
   <not supported>      instructions             
   <not supported>      branches                 
   <not supported>      branch-misses            

       0.001599731 seconds time elapsed                                          ( +-  0.50% )


 Performance counter stats for './mandelbrot_pth -0.8 -0.7 0.05 0.15 128 8' (10 runs):

         24.492430      task-clock (msec)         #    6.404 CPUs utilized            ( +-  0.13% )
                17      context-switches          #    0.702 K/sec                    ( +-  4.32% )
                 7      cpu-migrations            #    0.298 K/sec                    ( +-  2.92% )
                77      page-faults               #    0.003 M/sec                    ( +-  0.39% )
   <not supported>      cycles                   
   <not supported>      stalled-cycles-frontend  
   <not supported>      stalled-cycles-backend   
   <not supported>      instructions             
   <not supported>      branches                 
   <not supported>      branch-misses            

       0.003824528 seconds time elapsed                                          ( +-  0.58% )


 Performance counter stats for './mandelbrot_pth -0.8 -0.7 0.05 0.15 256 8' (10 runs):

         95.720587      task-clock (msec)         #    7.453 CPUs utilized            ( +-  0.11% )
                64      context-switches          #    0.663 K/sec                    ( +-  7.17% )
                 7      cpu-migrations            #    0.077 K/sec                    ( +-  2.21% )
                75      page-faults               #    0.788 K/sec                    ( +-  0.45% )
   <not supported>      cycles                   
   <not supported>      stalled-cycles-frontend  
   <not supported>      stalled-cycles-backend   
   <not supported>      instructions             
   <not supported>      branches                 
   <not supported>      branch-misses            

       0.012842881 seconds time elapsed                                          ( +-  0.13% )


 Performance counter stats for './mandelbrot_pth -0.8 -0.7 0.05 0.15 512 8' (10 runs):

        381.855170      task-clock (msec)         #    7.809 CPUs utilized            ( +-  0.08% )
               359      context-switches          #    0.941 K/sec                    ( +-  5.03% )
                 9      cpu-migrations            #    0.023 K/sec                    ( +-  5.54% )
                76      page-faults               #    0.200 K/sec                    ( +-  0.40% )
   <not supported>      cycles                   
   <not supported>      stalled-cycles-frontend  
   <not supported>      stalled-cycles-backend   
   <not supported>      instructions             
   <not supported>      branches                 
   <not supported>      branch-misses            

       0.048901592 seconds time elapsed                                          ( +-  0.11% )


 Performance counter stats for './mandelbrot_pth -0.8 -0.7 0.05 0.15 1024 8' (10 runs):

       1810.797652      task-clock (msec)         #    7.937 CPUs utilized            ( +-  0.09% )
               957      context-switches          #    0.528 K/sec                    ( +-  7.20% )
                 8      cpu-migrations            #    0.004 K/sec                    ( +-  4.19% )
                76      page-faults               #    0.042 K/sec                    ( +-  0.56% )
   <not supported>      cycles                   
   <not supported>      stalled-cycles-frontend  
   <not supported>      stalled-cycles-backend   
   <not supported>      instructions             
   <not supported>      branches                 
   <not supported>      branch-misses            

       0.228138720 seconds time elapsed                                          ( +-  0.11% )


 Performance counter stats for './mandelbrot_pth -0.8 -0.7 0.05 0.15 2048 8' (10 runs):

       7268.222925      task-clock (msec)         #    7.963 CPUs utilized            ( +-  0.32% )
             3,526      context-switches          #    0.485 K/sec                    ( +-  9.83% )
                 8      cpu-migrations            #    0.001 K/sec                    ( +-  3.23% )
                75      page-faults               #    0.010 K/sec                    ( +-  0.33% )
   <not supported>      cycles                   
   <not supported>      stalled-cycles-frontend  
   <not supported>      stalled-cycles-backend   
   <not supported>      instructions             
   <not supported>      branches                 
   <not supported>      branch-misses            

       0.912761903 seconds time elapsed                                          ( +-  0.35% )


 Performance counter stats for './mandelbrot_pth -0.8 -0.7 0.05 0.15 4096 8' (10 runs):

      28922.474397      task-clock (msec)         #    7.974 CPUs utilized            ( +-  0.05% )
            13,705      context-switches          #    0.474 K/sec                    ( +-  5.46% )
                 8      cpu-migrations            #    0.000 K/sec                    ( +-  2.95% )
                76      page-faults               #    0.003 K/sec                    ( +-  0.49% )
   <not supported>      cycles                   
   <not supported>      stalled-cycles-frontend  
   <not supported>      stalled-cycles-backend   
   <not supported>      instructions             
   <not supported>      branches                 
   <not supported>      branch-misses            

       3.627168819 seconds time elapsed                                          ( +-  0.07% )


 Performance counter stats for './mandelbrot_pth -0.8 -0.7 0.05 0.15 8192 8' (10 runs):

     115608.255467      task-clock (msec)         #    7.978 CPUs utilized            ( +-  0.08% )
            48,718      context-switches          #    0.421 K/sec                    ( +- 10.77% )
                 9      cpu-migrations            #    0.000 K/sec                    ( +-  5.49% )
                76      page-faults               #    0.001 K/sec                    ( +-  0.44% )
   <not supported>      cycles                   
   <not supported>      stalled-cycles-frontend  
   <not supported>      stalled-cycles-backend   
   <not supported>      instructions             
   <not supported>      branches                 
   <not supported>      branch-misses            

      14.490870816 seconds time elapsed                                          ( +-  0.11% )


 Performance counter stats for './mandelbrot_pth -0.8 -0.7 0.05 0.15 16 16' (10 runs):

          1.586405      task-clock (msec)         #    1.493 CPUs utilized            ( +-  1.44% )
                36      context-switches          #    0.023 M/sec                    ( +-  5.26% )
                21      cpu-migrations            #    0.013 M/sec                    ( +-  4.90% )
                93      page-faults               #    0.058 M/sec                    ( +-  0.42% )
   <not supported>      cycles                   
   <not supported>      stalled-cycles-frontend  
   <not supported>      stalled-cycles-backend   
   <not supported>      instructions             
   <not supported>      branches                 
   <not supported>      branch-misses            

       0.001062596 seconds time elapsed                                          ( +-  2.10% )


 Performance counter stats for './mandelbrot_pth -0.8 -0.7 0.05 0.15 32 16' (10 runs):

          2.780620      task-clock (msec)         #    2.254 CPUs utilized            ( +-  0.84% )
                26      context-switches          #    0.009 M/sec                    ( +-  4.39% )
                17      cpu-migrations            #    0.006 M/sec                    ( +-  4.88% )
                93      page-faults               #    0.034 M/sec                    ( +-  0.29% )
   <not supported>      cycles                   
   <not supported>      stalled-cycles-frontend  
   <not supported>      stalled-cycles-backend   
   <not supported>      instructions             
   <not supported>      branches                 
   <not supported>      branch-misses            

       0.001233783 seconds time elapsed                                          ( +-  1.15% )


 Performance counter stats for './mandelbrot_pth -0.8 -0.7 0.05 0.15 64 16' (10 runs):

          8.038760      task-clock (msec)         #    4.295 CPUs utilized            ( +-  0.16% )
                24      context-switches          #    0.003 M/sec                    ( +-  1.75% )
                15      cpu-migrations            #    0.002 M/sec                    ( +-  2.08% )
                93      page-faults               #    0.012 M/sec                    ( +-  0.36% )
   <not supported>      cycles                   
   <not supported>      stalled-cycles-frontend  
   <not supported>      stalled-cycles-backend   
   <not supported>      instructions             
   <not supported>      branches                 
   <not supported>      branch-misses            

       0.001871717 seconds time elapsed                                          ( +-  0.65% )


 Performance counter stats for './mandelbrot_pth -0.8 -0.7 0.05 0.15 128 16' (10 runs):

         29.183222      task-clock (msec)         #    6.455 CPUs utilized            ( +-  0.10% )
                31      context-switches          #    0.001 M/sec                    ( +-  6.80% )
                16      cpu-migrations            #    0.562 K/sec                    ( +-  2.76% )
                93      page-faults               #    0.003 M/sec                    ( +-  0.36% )
   <not supported>      cycles                   
   <not supported>      stalled-cycles-frontend  
   <not supported>      stalled-cycles-backend   
   <not supported>      instructions             
   <not supported>      branches                 
   <not supported>      branch-misses            

       0.004520959 seconds time elapsed                                          ( +-  0.23% )


 Performance counter stats for './mandelbrot_pth -0.8 -0.7 0.05 0.15 256 16' (10 runs):

        114.220710      task-clock (msec)         #    7.455 CPUs utilized            ( +-  0.10% )
                75      context-switches          #    0.654 K/sec                    ( +-  5.25% )
                20      cpu-migrations            #    0.174 K/sec                    ( +-  4.13% )
                93      page-faults               #    0.812 K/sec                    ( +-  0.39% )
   <not supported>      cycles                   
   <not supported>      stalled-cycles-frontend  
   <not supported>      stalled-cycles-backend   
   <not supported>      instructions             
   <not supported>      branches                 
   <not supported>      branch-misses            

       0.015320673 seconds time elapsed                                          ( +-  0.16% )


 Performance counter stats for './mandelbrot_pth -0.8 -0.7 0.05 0.15 512 16' (10 runs):

        453.644826      task-clock (msec)         #    7.848 CPUs utilized            ( +-  0.09% )
               254      context-switches          #    0.560 K/sec                    ( +-  6.33% )
                19      cpu-migrations            #    0.042 K/sec                    ( +-  5.20% )
                92      page-faults               #    0.204 K/sec                    ( +-  0.43% )
   <not supported>      cycles                   
   <not supported>      stalled-cycles-frontend  
   <not supported>      stalled-cycles-backend   
   <not supported>      instructions             
   <not supported>      branches                 
   <not supported>      branch-misses            

       0.057803426 seconds time elapsed                                          ( +-  0.09% )


 Performance counter stats for './mandelbrot_pth -0.8 -0.7 0.05 0.15 1024 16' (10 runs):

       1828.012458      task-clock (msec)         #    7.952 CPUs utilized            ( +-  1.03% )
               909      context-switches          #    0.497 K/sec                    ( +-  8.71% )
                29      cpu-migrations            #    0.016 K/sec                    ( +-  6.73% )
                94      page-faults               #    0.051 K/sec                    ( +-  0.28% )
   <not supported>      cycles                   
   <not supported>      stalled-cycles-frontend  
   <not supported>      stalled-cycles-backend   
   <not supported>      instructions             
   <not supported>      branches                 
   <not supported>      branch-misses            

       0.229888429 seconds time elapsed                                          ( +-  1.09% )


 Performance counter stats for './mandelbrot_pth -0.8 -0.7 0.05 0.15 2048 16' (10 runs):

       7225.253704      task-clock (msec)         #    7.987 CPUs utilized            ( +-  0.06% )
             3,091      context-switches          #    0.428 K/sec                    ( +-  7.17% )
                45      cpu-migrations            #    0.006 K/sec                    ( +- 10.31% )
                93      page-faults               #    0.013 K/sec                    ( +-  0.28% )
   <not supported>      cycles                   
   <not supported>      stalled-cycles-frontend  
   <not supported>      stalled-cycles-backend   
   <not supported>      instructions             
   <not supported>      branches                 
   <not supported>      branch-misses            

       0.904606188 seconds time elapsed                                          ( +-  0.06% )


 Performance counter stats for './mandelbrot_pth -0.8 -0.7 0.05 0.15 4096 16' (10 runs):

      28962.208605      task-clock (msec)         #    7.995 CPUs utilized            ( +-  0.11% )
            15,935      context-switches          #    0.550 K/sec                    ( +-  8.81% )
               107      cpu-migrations            #    0.004 K/sec                    ( +-  5.95% )
                94      page-faults               #    0.003 K/sec                    ( +-  0.27% )
   <not supported>      cycles                   
   <not supported>      stalled-cycles-frontend  
   <not supported>      stalled-cycles-backend   
   <not supported>      instructions             
   <not supported>      branches                 
   <not supported>      branch-misses            

       3.622320623 seconds time elapsed                                          ( +-  0.11% )


 Performance counter stats for './mandelbrot_pth -0.8 -0.7 0.05 0.15 8192 16' (10 runs):

     115902.869414      task-clock (msec)         #    7.998 CPUs utilized            ( +-  0.11% )
            69,296      context-switches          #    0.598 K/sec                    ( +-  9.87% )
               274      cpu-migrations            #    0.002 K/sec                    ( +-  6.17% )
                94      page-faults               #    0.001 K/sec                    ( +-  0.46% )
   <not supported>      cycles                   
   <not supported>      stalled-cycles-frontend  
   <not supported>      stalled-cycles-backend   
   <not supported>      instructions             
   <not supported>      branches                 
   <not supported>      branch-misses            

      14.492206345 seconds time elapsed                                          ( +-  0.11% )


 Performance counter stats for './mandelbrot_pth -0.8 -0.7 0.05 0.15 16 32' (10 runs):

          1.989082      task-clock (msec)         #    1.470 CPUs utilized            ( +-  1.01% )
                45      context-switches          #    0.023 M/sec                    ( +-  5.34% )
                38      cpu-migrations            #    0.019 M/sec                    ( +-  2.80% )
               126      page-faults               #    0.063 M/sec                    ( +-  0.37% )
   <not supported>      cycles                   
   <not supported>      stalled-cycles-frontend  
   <not supported>      stalled-cycles-backend   
   <not supported>      instructions             
   <not supported>      branches                 
   <not supported>      branch-misses            

       0.001353417 seconds time elapsed                                          ( +-  1.56% )


 Performance counter stats for './mandelbrot_pth -0.8 -0.7 0.05 0.15 32 32' (10 runs):

          3.497200      task-clock (msec)         #    2.355 CPUs utilized            ( +-  0.65% )
                68      context-switches          #    0.019 M/sec                    ( +-  3.89% )
                43      cpu-migrations            #    0.012 M/sec                    ( +-  3.68% )
               126      page-faults               #    0.036 M/sec                    ( +-  0.36% )
   <not supported>      cycles                   
   <not supported>      stalled-cycles-frontend  
   <not supported>      stalled-cycles-backend   
   <not supported>      instructions             
   <not supported>      branches                 
   <not supported>      branch-misses            

       0.001484949 seconds time elapsed                                          ( +-  1.85% )


 Performance counter stats for './mandelbrot_pth -0.8 -0.7 0.05 0.15 64 32' (10 runs):

          8.514176      task-clock (msec)         #    4.028 CPUs utilized            ( +-  0.18% )
                47      context-switches          #    0.005 M/sec                    ( +-  3.42% )
                35      cpu-migrations            #    0.004 M/sec                    ( +-  2.70% )
               126      page-faults               #    0.015 M/sec                    ( +-  0.17% )
   <not supported>      cycles                   
   <not supported>      stalled-cycles-frontend  
   <not supported>      stalled-cycles-backend   
   <not supported>      instructions             
   <not supported>      branches                 
   <not supported>      branch-misses            

       0.002113664 seconds time elapsed                                          ( +-  0.53% )


 Performance counter stats for './mandelbrot_pth -0.8 -0.7 0.05 0.15 128 32' (10 runs):

         29.738245      task-clock (msec)         #    6.164 CPUs utilized            ( +-  0.10% )
                50      context-switches          #    0.002 M/sec                    ( +-  2.80% )
                37      cpu-migrations            #    0.001 M/sec                    ( +-  2.43% )
               127      page-faults               #    0.004 M/sec                    ( +-  0.23% )
   <not supported>      cycles                   
   <not supported>      stalled-cycles-frontend  
   <not supported>      stalled-cycles-backend   
   <not supported>      instructions             
   <not supported>      branches                 
   <not supported>      branch-misses            

       0.004824533 seconds time elapsed                                          ( +-  0.37% )


 Performance counter stats for './mandelbrot_pth -0.8 -0.7 0.05 0.15 256 32' (10 runs):

        114.544618      task-clock (msec)         #    7.399 CPUs utilized            ( +-  0.10% )
                88      context-switches          #    0.768 K/sec                    ( +-  5.94% )
                40      cpu-migrations            #    0.350 K/sec                    ( +-  2.84% )
               126      page-faults               #    0.001 M/sec                    ( +-  0.28% )
   <not supported>      cycles                   
   <not supported>      stalled-cycles-frontend  
   <not supported>      stalled-cycles-backend   
   <not supported>      instructions             
   <not supported>      branches                 
   <not supported>      branch-misses            

       0.015480278 seconds time elapsed                                          ( +-  0.17% )


 Performance counter stats for './mandelbrot_pth -0.8 -0.7 0.05 0.15 512 32' (10 runs):

        458.139433      task-clock (msec)         #    7.795 CPUs utilized            ( +-  0.88% )
               273      context-switches          #    0.595 K/sec                    ( +-  7.27% )
                38      cpu-migrations            #    0.083 K/sec                    ( +-  2.58% )
               127      page-faults               #    0.276 K/sec                    ( +-  0.27% )
   <not supported>      cycles                   
   <not supported>      stalled-cycles-frontend  
   <not supported>      stalled-cycles-backend   
   <not supported>      instructions             
   <not supported>      branches                 
   <not supported>      branch-misses            

       0.058770797 seconds time elapsed                                          ( +-  1.14% )


 Performance counter stats for './mandelbrot_pth -0.8 -0.7 0.05 0.15 1024 32' (10 runs):

       1812.137625      task-clock (msec)         #    7.952 CPUs utilized            ( +-  0.14% )
             1,010      context-switches          #    0.557 K/sec                    ( +-  9.32% )
                39      cpu-migrations            #    0.021 K/sec                    ( +-  5.65% )
               126      page-faults               #    0.069 K/sec                    ( +-  0.47% )
   <not supported>      cycles                   
   <not supported>      stalled-cycles-frontend  
   <not supported>      stalled-cycles-backend   
   <not supported>      instructions             
   <not supported>      branches                 
   <not supported>      branch-misses            

       0.227884439 seconds time elapsed                                          ( +-  0.14% )


 Performance counter stats for './mandelbrot_pth -0.8 -0.7 0.05 0.15 2048 32' (10 runs):

       7235.288903      task-clock (msec)         #    7.987 CPUs utilized            ( +-  0.07% )
             3,537      context-switches          #    0.489 K/sec                    ( +-  6.24% )
                55      cpu-migrations            #    0.008 K/sec                    ( +-  6.62% )
               126      page-faults               #    0.017 K/sec                    ( +-  0.14% )
   <not supported>      cycles                   
   <not supported>      stalled-cycles-frontend  
   <not supported>      stalled-cycles-backend   
   <not supported>      instructions             
   <not supported>      branches                 
   <not supported>      branch-misses            

       0.905863106 seconds time elapsed                                          ( +-  0.07% )


 Performance counter stats for './mandelbrot_pth -0.8 -0.7 0.05 0.15 4096 32' (10 runs):

      28976.380432      task-clock (msec)         #    7.996 CPUs utilized            ( +-  0.10% )
            16,644      context-switches          #    0.574 K/sec                    ( +-  6.92% )
               122      cpu-migrations            #    0.004 K/sec                    ( +-  5.92% )
               126      page-faults               #    0.004 K/sec                    ( +-  0.43% )
   <not supported>      cycles                   
   <not supported>      stalled-cycles-frontend  
   <not supported>      stalled-cycles-backend   
   <not supported>      instructions             
   <not supported>      branches                 
   <not supported>      branch-misses            

       3.623760356 seconds time elapsed                                          ( +-  0.10% )


 Performance counter stats for './mandelbrot_pth -0.8 -0.7 0.05 0.15 8192 32' (10 runs):

     116024.967232      task-clock (msec)         #    7.999 CPUs utilized            ( +-  0.13% )
            70,733      context-switches          #    0.610 K/sec                    ( +-  8.87% )
               314      cpu-migrations            #    0.003 K/sec                    ( +-  4.83% )
               126      page-faults               #    0.001 K/sec                    ( +-  0.37% )
   <not supported>      cycles                   
   <not supported>      stalled-cycles-frontend  
   <not supported>      stalled-cycles-backend   
   <not supported>      instructions             
   <not supported>      branches                 
   <not supported>      branch-misses            

      14.505646382 seconds time elapsed                                          ( +-  0.13% )

