
 Performance counter stats for './mandelbrot_pth -0.188 -0.012 0.554 0.754 16 1' (10 runs):

          0.871062      task-clock (msec)         #    0.774 CPUs utilized            ( +-  1.29% )
                 1      context-switches          #    0.001 M/sec                  
                 1      cpu-migrations            #    0.001 M/sec                    ( +- 16.42% )
                62      page-faults               #    0.072 M/sec                    ( +-  0.64% )
   <not supported>      cycles                   
   <not supported>      stalled-cycles-frontend  
   <not supported>      stalled-cycles-backend   
   <not supported>      instructions             
   <not supported>      branches                 
   <not supported>      branch-misses            

       0.001125266 seconds time elapsed                                          ( +-  1.85% )


 Performance counter stats for './mandelbrot_pth -0.188 -0.012 0.554 0.754 32 1' (10 runs):

          2.108315      task-clock (msec)         #    0.890 CPUs utilized            ( +-  0.54% )
                 1      context-switches          #    0.474 K/sec                  
                 1      cpu-migrations            #    0.522 K/sec                    ( +-  9.09% )
                63      page-faults               #    0.030 M/sec                    ( +-  0.49% )
   <not supported>      cycles                   
   <not supported>      stalled-cycles-frontend  
   <not supported>      stalled-cycles-backend   
   <not supported>      instructions             
   <not supported>      branches                 
   <not supported>      branch-misses            

       0.002369334 seconds time elapsed                                          ( +-  0.41% )


 Performance counter stats for './mandelbrot_pth -0.188 -0.012 0.554 0.754 64 1' (10 runs):

          7.079160      task-clock (msec)         #    0.963 CPUs utilized            ( +-  0.26% )
                 1      context-switches          #    0.141 K/sec                  
                 1      cpu-migrations            #    0.141 K/sec                  
                62      page-faults               #    0.009 M/sec                    ( +-  0.53% )
   <not supported>      cycles                   
   <not supported>      stalled-cycles-frontend  
   <not supported>      stalled-cycles-backend   
   <not supported>      instructions             
   <not supported>      branches                 
   <not supported>      branch-misses            

       0.007351301 seconds time elapsed                                          ( +-  0.30% )


 Performance counter stats for './mandelbrot_pth -0.188 -0.012 0.554 0.754 128 1' (10 runs):

         27.500950      task-clock (msec)         #    0.989 CPUs utilized            ( +-  0.51% )
                 1      context-switches          #    0.036 K/sec                  
                 1      cpu-migrations            #    0.036 K/sec                  
                62      page-faults               #    0.002 M/sec                    ( +-  0.61% )
   <not supported>      cycles                   
   <not supported>      stalled-cycles-frontend  
   <not supported>      stalled-cycles-backend   
   <not supported>      instructions             
   <not supported>      branches                 
   <not supported>      branch-misses            

       0.027805238 seconds time elapsed                                          ( +-  0.50% )


 Performance counter stats for './mandelbrot_pth -0.188 -0.012 0.554 0.754 256 1' (10 runs):

        105.236140      task-clock (msec)         #    0.997 CPUs utilized            ( +-  0.03% )
                 1      context-switches          #    0.012 K/sec                    ( +- 16.42% )
                 1      cpu-migrations            #    0.010 K/sec                  
                62      page-faults               #    0.592 K/sec                    ( +-  0.48% )
   <not supported>      cycles                   
   <not supported>      stalled-cycles-frontend  
   <not supported>      stalled-cycles-backend   
   <not supported>      instructions             
   <not supported>      branches                 
   <not supported>      branch-misses            

       0.105562493 seconds time elapsed                                          ( +-  0.02% )


 Performance counter stats for './mandelbrot_pth -0.188 -0.012 0.554 0.754 512 1' (10 runs):

        418.515389      task-clock (msec)         #    0.999 CPUs utilized            ( +-  0.02% )
                 2      context-switches          #    0.004 K/sec                    ( +- 15.31% )
                 1      cpu-migrations            #    0.002 K/sec                  
                62      page-faults               #    0.149 K/sec                    ( +-  0.43% )
   <not supported>      cycles                   
   <not supported>      stalled-cycles-frontend  
   <not supported>      stalled-cycles-backend   
   <not supported>      instructions             
   <not supported>      branches                 
   <not supported>      branch-misses            

       0.418845779 seconds time elapsed                                          ( +-  0.01% )


 Performance counter stats for './mandelbrot_pth -0.188 -0.012 0.554 0.754 1024 1' (10 runs):

       1679.825758      task-clock (msec)         #    1.000 CPUs utilized            ( +-  0.19% )
                 4      context-switches          #    0.002 K/sec                    ( +-  5.27% )
                 1      cpu-migrations            #    0.001 K/sec                  
                62      page-faults               #    0.037 K/sec                    ( +-  0.36% )
   <not supported>      cycles                   
   <not supported>      stalled-cycles-frontend  
   <not supported>      stalled-cycles-backend   
   <not supported>      instructions             
   <not supported>      branches                 
   <not supported>      branch-misses            

       1.680201696 seconds time elapsed                                          ( +-  0.19% )


 Performance counter stats for './mandelbrot_pth -0.188 -0.012 0.554 0.754 2048 1' (10 runs):

       6705.232429      task-clock (msec)         #    1.000 CPUs utilized            ( +-  0.11% )
                13      context-switches          #    0.002 K/sec                    ( +-  2.29% )
                 1      cpu-migrations            #    0.000 K/sec                  
                62      page-faults               #    0.009 K/sec                    ( +-  0.42% )
   <not supported>      cycles                   
   <not supported>      stalled-cycles-frontend  
   <not supported>      stalled-cycles-backend   
   <not supported>      instructions             
   <not supported>      branches                 
   <not supported>      branch-misses            

       6.705740127 seconds time elapsed                                          ( +-  0.11% )


 Performance counter stats for './mandelbrot_pth -0.188 -0.012 0.554 0.754 4096 1' (10 runs):

      26772.452632      task-clock (msec)         #    1.000 CPUs utilized            ( +-  0.04% )
                48      context-switches          #    0.002 K/sec                    ( +-  0.69% )
                 1      cpu-migrations            #    0.000 K/sec                  
                62      page-faults               #    0.002 K/sec                    ( +-  0.26% )
   <not supported>      cycles                   
   <not supported>      stalled-cycles-frontend  
   <not supported>      stalled-cycles-backend   
   <not supported>      instructions             
   <not supported>      branches                 
   <not supported>      branch-misses            

      26.773438717 seconds time elapsed                                          ( +-  0.04% )


 Performance counter stats for './mandelbrot_pth -0.188 -0.012 0.554 0.754 8192 1' (10 runs):

     107170.641541      task-clock (msec)         #    1.000 CPUs utilized            ( +-  0.02% )
               190      context-switches          #    0.002 K/sec                    ( +-  0.18% )
                 1      cpu-migrations            #    0.000 K/sec                  
                62      page-faults               #    0.001 K/sec                    ( +-  0.67% )
   <not supported>      cycles                   
   <not supported>      stalled-cycles-frontend  
   <not supported>      stalled-cycles-backend   
   <not supported>      instructions             
   <not supported>      branches                 
   <not supported>      branch-misses            

     107.173520588 seconds time elapsed                                          ( +-  0.02% )


 Performance counter stats for './mandelbrot_pth -0.188 -0.012 0.554 0.754 16 2' (10 runs):

          0.920415      task-clock (msec)         #    0.992 CPUs utilized            ( +-  1.31% )
                 3      context-switches          #    0.003 M/sec                    ( +-  6.28% )
                 2      cpu-migrations            #    0.002 M/sec                    ( +-  9.09% )
                64      page-faults               #    0.069 M/sec                    ( +-  0.54% )
   <not supported>      cycles                   
   <not supported>      stalled-cycles-frontend  
   <not supported>      stalled-cycles-backend   
   <not supported>      instructions             
   <not supported>      branches                 
   <not supported>      branch-misses            

       0.000928287 seconds time elapsed                                          ( +-  1.24% )


 Performance counter stats for './mandelbrot_pth -0.188 -0.012 0.554 0.754 32 2' (10 runs):

          2.201345      task-clock (msec)         #    1.378 CPUs utilized            ( +-  0.75% )
                 2      context-switches          #    0.001 M/sec                    ( +-  6.67% )
                 2      cpu-migrations            #    0.909 K/sec                  
                65      page-faults               #    0.029 M/sec                    ( +-  0.31% )
   <not supported>      cycles                   
   <not supported>      stalled-cycles-frontend  
   <not supported>      stalled-cycles-backend   
   <not supported>      instructions             
   <not supported>      branches                 
   <not supported>      branch-misses            

       0.001597408 seconds time elapsed                                          ( +-  1.22% )


 Performance counter stats for './mandelbrot_pth -0.188 -0.012 0.554 0.754 64 2' (10 runs):

          7.157764      task-clock (msec)         #    1.756 CPUs utilized            ( +-  0.21% )
                 2      context-switches          #    0.321 K/sec                    ( +-  6.64% )
                 2      cpu-migrations            #    0.321 K/sec                    ( +-  9.28% )
                64      page-faults               #    0.009 M/sec                    ( +-  0.36% )
   <not supported>      cycles                   
   <not supported>      stalled-cycles-frontend  
   <not supported>      stalled-cycles-backend   
   <not supported>      instructions             
   <not supported>      branches                 
   <not supported>      branch-misses            

       0.004075716 seconds time elapsed                                          ( +-  0.40% )


 Performance counter stats for './mandelbrot_pth -0.188 -0.012 0.554 0.754 128 2' (10 runs):

         27.157884      task-clock (msec)         #    1.926 CPUs utilized            ( +-  0.31% )
                 3      context-switches          #    0.096 K/sec                    ( +- 13.07% )
                 2      cpu-migrations            #    0.074 K/sec                  
                64      page-faults               #    0.002 M/sec                    ( +-  0.58% )
   <not supported>      cycles                   
   <not supported>      stalled-cycles-frontend  
   <not supported>      stalled-cycles-backend   
   <not supported>      instructions             
   <not supported>      branches                 
   <not supported>      branch-misses            

       0.014099095 seconds time elapsed                                          ( +-  0.28% )


 Performance counter stats for './mandelbrot_pth -0.188 -0.012 0.554 0.754 256 2' (10 runs):

        106.031446      task-clock (msec)         #    1.977 CPUs utilized            ( +-  0.05% )
                 3      context-switches          #    0.032 K/sec                    ( +- 10.00% )
                 2      cpu-migrations            #    0.020 K/sec                    ( +-  4.76% )
                64      page-faults               #    0.603 K/sec                    ( +-  0.54% )
   <not supported>      cycles                   
   <not supported>      stalled-cycles-frontend  
   <not supported>      stalled-cycles-backend   
   <not supported>      instructions             
   <not supported>      branches                 
   <not supported>      branch-misses            

       0.053619170 seconds time elapsed                                          ( +-  0.06% )


 Performance counter stats for './mandelbrot_pth -0.188 -0.012 0.554 0.754 512 2' (10 runs):

        424.184549      task-clock (msec)         #    1.994 CPUs utilized            ( +-  0.26% )
                 5      context-switches          #    0.012 K/sec                    ( +- 13.98% )
                 2      cpu-migrations            #    0.005 K/sec                  
                64      page-faults               #    0.152 K/sec                    ( +-  0.52% )
   <not supported>      cycles                   
   <not supported>      stalled-cycles-frontend  
   <not supported>      stalled-cycles-backend   
   <not supported>      instructions             
   <not supported>      branches                 
   <not supported>      branch-misses            

       0.212703773 seconds time elapsed                                          ( +-  0.26% )


 Performance counter stats for './mandelbrot_pth -0.188 -0.012 0.554 0.754 1024 2' (10 runs):

       1683.426318      task-clock (msec)         #    1.998 CPUs utilized            ( +-  0.03% )
                11      context-switches          #    0.006 K/sec                    ( +-  5.87% )
                 2      cpu-migrations            #    0.001 K/sec                  
                64      page-faults               #    0.038 K/sec                    ( +-  0.40% )
   <not supported>      cycles                   
   <not supported>      stalled-cycles-frontend  
   <not supported>      stalled-cycles-backend   
   <not supported>      instructions             
   <not supported>      branches                 
   <not supported>      branch-misses            

       0.842375069 seconds time elapsed                                          ( +-  0.03% )


 Performance counter stats for './mandelbrot_pth -0.188 -0.012 0.554 0.754 2048 2' (10 runs):

       6741.221625      task-clock (msec)         #    2.000 CPUs utilized            ( +-  0.07% )
                32      context-switches          #    0.005 K/sec                    ( +-  3.46% )
                 2      cpu-migrations            #    0.000 K/sec                  
                64      page-faults               #    0.009 K/sec                    ( +-  0.66% )
   <not supported>      cycles                   
   <not supported>      stalled-cycles-frontend  
   <not supported>      stalled-cycles-backend   
   <not supported>      instructions             
   <not supported>      branches                 
   <not supported>      branch-misses            

       3.371422678 seconds time elapsed                                          ( +-  0.07% )


 Performance counter stats for './mandelbrot_pth -0.188 -0.012 0.554 0.754 4096 2' (10 runs):

      28612.055772      task-clock (msec)         #    1.998 CPUs utilized            ( +-  0.43% )
             3,493      context-switches          #    0.122 K/sec                    ( +- 10.21% )
                 2      cpu-migrations            #    0.000 K/sec                    ( +-  4.76% )
                64      page-faults               #    0.002 K/sec                    ( +-  0.42% )
   <not supported>      cycles                   
   <not supported>      stalled-cycles-frontend  
   <not supported>      stalled-cycles-backend   
   <not supported>      instructions             
   <not supported>      branches                 
   <not supported>      branch-misses            

      14.321676352 seconds time elapsed                                          ( +-  0.43% )


 Performance counter stats for './mandelbrot_pth -0.188 -0.012 0.554 0.754 8192 2' (10 runs):

     109110.770493      task-clock (msec)         #    2.000 CPUs utilized            ( +-  0.65% )
             1,613      context-switches          #    0.015 K/sec                    ( +- 46.18% )
                 2      cpu-migrations            #    0.000 K/sec                    ( +- 13.04% )
                63      page-faults               #    0.001 K/sec                    ( +-  0.59% )
   <not supported>      cycles                   
   <not supported>      stalled-cycles-frontend  
   <not supported>      stalled-cycles-backend   
   <not supported>      instructions             
   <not supported>      branches                 
   <not supported>      branch-misses            

      54.564506253 seconds time elapsed                                          ( +-  0.65% )


 Performance counter stats for './mandelbrot_pth -0.188 -0.012 0.554 0.754 16 4' (10 runs):

          1.042255      task-clock (msec)         #    1.175 CPUs utilized            ( +-  1.55% )
                 5      context-switches          #    0.005 M/sec                    ( +-  4.54% )
                 4      cpu-migrations            #    0.004 M/sec                  
                68      page-faults               #    0.066 M/sec                    ( +-  0.24% )
   <not supported>      cycles                   
   <not supported>      stalled-cycles-frontend  
   <not supported>      stalled-cycles-backend   
   <not supported>      instructions             
   <not supported>      branches                 
   <not supported>      branch-misses            

       0.000886770 seconds time elapsed                                          ( +-  2.46% )


 Performance counter stats for './mandelbrot_pth -0.188 -0.012 0.554 0.754 32 4' (10 runs):

          2.274729      task-clock (msec)         #    1.919 CPUs utilized            ( +-  0.52% )
                 5      context-switches          #    0.002 M/sec                    ( +-  5.80% )
                 4      cpu-migrations            #    0.002 M/sec                  
                68      page-faults               #    0.030 M/sec                    ( +-  0.48% )
   <not supported>      cycles                   
   <not supported>      stalled-cycles-frontend  
   <not supported>      stalled-cycles-backend   
   <not supported>      instructions             
   <not supported>      branches                 
   <not supported>      branch-misses            

       0.001185527 seconds time elapsed                                          ( +-  1.22% )


 Performance counter stats for './mandelbrot_pth -0.188 -0.012 0.554 0.754 64 4' (10 runs):

          7.291647      task-clock (msec)         #    2.995 CPUs utilized            ( +-  0.17% )
                 5      context-switches          #    0.658 K/sec                    ( +-  5.20% )
                 4      cpu-migrations            #    0.549 K/sec                  
                68      page-faults               #    0.009 M/sec                    ( +-  0.45% )
   <not supported>      cycles                   
   <not supported>      stalled-cycles-frontend  
   <not supported>      stalled-cycles-backend   
   <not supported>      instructions             
   <not supported>      branches                 
   <not supported>      branch-misses            

       0.002434885 seconds time elapsed                                          ( +-  0.39% )


 Performance counter stats for './mandelbrot_pth -0.188 -0.012 0.554 0.754 128 4' (10 runs):

         27.429694      task-clock (msec)         #    3.645 CPUs utilized            ( +-  0.17% )
                 5      context-switches          #    0.190 K/sec                    ( +-  4.80% )
                 4      cpu-migrations            #    0.146 K/sec                  
                68      page-faults               #    0.002 M/sec                    ( +-  0.49% )
   <not supported>      cycles                   
   <not supported>      stalled-cycles-frontend  
   <not supported>      stalled-cycles-backend   
   <not supported>      instructions             
   <not supported>      branches                 
   <not supported>      branch-misses            

       0.007525611 seconds time elapsed                                          ( +-  0.19% )


 Performance counter stats for './mandelbrot_pth -0.188 -0.012 0.554 0.754 256 4' (10 runs):

        106.651868      task-clock (msec)         #    3.888 CPUs utilized            ( +-  0.06% )
                 7      context-switches          #    0.067 K/sec                    ( +-  6.45% )
                 4      cpu-migrations            #    0.038 K/sec                  
                68      page-faults               #    0.635 K/sec                    ( +-  0.58% )
   <not supported>      cycles                   
   <not supported>      stalled-cycles-frontend  
   <not supported>      stalled-cycles-backend   
   <not supported>      instructions             
   <not supported>      branches                 
   <not supported>      branch-misses            

       0.027432134 seconds time elapsed                                          ( +-  0.07% )


 Performance counter stats for './mandelbrot_pth -0.188 -0.012 0.554 0.754 512 4' (10 runs):

        424.489575      task-clock (msec)         #    3.968 CPUs utilized            ( +-  0.09% )
                27      context-switches          #    0.063 K/sec                    ( +-  8.08% )
                 4      cpu-migrations            #    0.009 K/sec                  
                68      page-faults               #    0.161 K/sec                    ( +-  0.45% )
   <not supported>      cycles                   
   <not supported>      stalled-cycles-frontend  
   <not supported>      stalled-cycles-backend   
   <not supported>      instructions             
   <not supported>      branches                 
   <not supported>      branch-misses            

       0.106985787 seconds time elapsed                                          ( +-  0.10% )


 Performance counter stats for './mandelbrot_pth -0.188 -0.012 0.554 0.754 1024 4' (10 runs):

       1691.950093      task-clock (msec)         #    3.991 CPUs utilized            ( +-  0.03% )
                90      context-switches          #    0.053 K/sec                    ( +- 13.03% )
                 4      cpu-migrations            #    0.002 K/sec                    ( +-  3.17% )
                68      page-faults               #    0.040 K/sec                    ( +-  0.38% )
   <not supported>      cycles                   
   <not supported>      stalled-cycles-frontend  
   <not supported>      stalled-cycles-backend   
   <not supported>      instructions             
   <not supported>      branches                 
   <not supported>      branch-misses            

       0.423964548 seconds time elapsed                                          ( +-  0.03% )


 Performance counter stats for './mandelbrot_pth -0.188 -0.012 0.554 0.754 2048 4' (10 runs):

       6784.675422      task-clock (msec)         #    3.996 CPUs utilized            ( +-  0.11% )
               361      context-switches          #    0.053 K/sec                    ( +- 11.44% )
                 4      cpu-migrations            #    0.001 K/sec                  
                68      page-faults               #    0.010 K/sec                    ( +-  0.32% )
   <not supported>      cycles                   
   <not supported>      stalled-cycles-frontend  
   <not supported>      stalled-cycles-backend   
   <not supported>      instructions             
   <not supported>      branches                 
   <not supported>      branch-misses            

       1.697713736 seconds time elapsed                                          ( +-  0.11% )


 Performance counter stats for './mandelbrot_pth -0.188 -0.012 0.554 0.754 4096 4' (10 runs):

      27135.520979      task-clock (msec)         #    3.998 CPUs utilized            ( +-  0.08% )
             1,348      context-switches          #    0.050 K/sec                    ( +- 10.50% )
                 4      cpu-migrations            #    0.000 K/sec                  
                68      page-faults               #    0.003 K/sec                    ( +-  0.41% )
   <not supported>      cycles                   
   <not supported>      stalled-cycles-frontend  
   <not supported>      stalled-cycles-backend   
   <not supported>      instructions             
   <not supported>      branches                 
   <not supported>      branch-misses            

       6.787244841 seconds time elapsed                                          ( +-  0.08% )


 Performance counter stats for './mandelbrot_pth -0.188 -0.012 0.554 0.754 8192 4' (10 runs):

     108459.846757      task-clock (msec)         #    3.998 CPUs utilized            ( +-  0.06% )
             5,025      context-switches          #    0.046 K/sec                    ( +- 11.52% )
                 4      cpu-migrations            #    0.000 K/sec                    ( +-  4.76% )
                68      page-faults               #    0.001 K/sec                    ( +-  0.24% )
   <not supported>      cycles                   
   <not supported>      stalled-cycles-frontend  
   <not supported>      stalled-cycles-backend   
   <not supported>      instructions             
   <not supported>      branches                 
   <not supported>      branch-misses            

      27.125501825 seconds time elapsed                                          ( +-  0.06% )


 Performance counter stats for './mandelbrot_pth -0.188 -0.012 0.554 0.754 16 8' (10 runs):

          1.174060      task-clock (msec)         #    1.313 CPUs utilized            ( +-  0.74% )
                10      context-switches          #    0.009 M/sec                    ( +-  5.37% )
                 7      cpu-migrations            #    0.006 M/sec                    ( +-  1.85% )
                77      page-faults               #    0.065 M/sec                    ( +-  0.51% )
   <not supported>      cycles                   
   <not supported>      stalled-cycles-frontend  
   <not supported>      stalled-cycles-backend   
   <not supported>      instructions             
   <not supported>      branches                 
   <not supported>      branch-misses            

       0.000894212 seconds time elapsed                                          ( +-  1.00% )


 Performance counter stats for './mandelbrot_pth -0.188 -0.012 0.554 0.754 32 8' (10 runs):

          2.440533      task-clock (msec)         #    2.258 CPUs utilized            ( +-  0.49% )
                11      context-switches          #    0.004 M/sec                    ( +-  7.42% )
                 8      cpu-migrations            #    0.003 M/sec                    ( +-  2.98% )
                77      page-faults               #    0.031 M/sec                    ( +-  0.58% )
   <not supported>      cycles                   
   <not supported>      stalled-cycles-frontend  
   <not supported>      stalled-cycles-backend   
   <not supported>      instructions             
   <not supported>      branches                 
   <not supported>      branch-misses            

       0.001080697 seconds time elapsed                                          ( +-  1.05% )


 Performance counter stats for './mandelbrot_pth -0.188 -0.012 0.554 0.754 64 8' (10 runs):

          7.473006      task-clock (msec)         #    4.417 CPUs utilized            ( +-  0.24% )
                11      context-switches          #    0.001 M/sec                    ( +-  8.69% )
                 7      cpu-migrations            #    0.990 K/sec                    ( +-  2.99% )
                76      page-faults               #    0.010 M/sec                    ( +-  0.52% )
   <not supported>      cycles                   
   <not supported>      stalled-cycles-frontend  
   <not supported>      stalled-cycles-backend   
   <not supported>      instructions             
   <not supported>      branches                 
   <not supported>      branch-misses            

       0.001691995 seconds time elapsed                                          ( +-  0.75% )


 Performance counter stats for './mandelbrot_pth -0.188 -0.012 0.554 0.754 128 8' (10 runs):

         27.531823      task-clock (msec)         #    6.536 CPUs utilized            ( +-  0.11% )
                12      context-switches          #    0.439 K/sec                    ( +-  3.79% )
                 8      cpu-migrations            #    0.276 K/sec                    ( +-  4.02% )
                76      page-faults               #    0.003 M/sec                    ( +-  0.40% )
   <not supported>      cycles                   
   <not supported>      stalled-cycles-frontend  
   <not supported>      stalled-cycles-backend   
   <not supported>      instructions             
   <not supported>      branches                 
   <not supported>      branch-misses            

       0.004212491 seconds time elapsed                                          ( +-  0.38% )


 Performance counter stats for './mandelbrot_pth -0.188 -0.012 0.554 0.754 256 8' (10 runs):

        111.123433      task-clock (msec)         #    7.453 CPUs utilized            ( +-  0.98% )
               138      context-switches          #    0.001 M/sec                    ( +- 23.66% )
                 8      cpu-migrations            #    0.069 K/sec                    ( +-  3.38% )
                77      page-faults               #    0.690 K/sec                    ( +-  0.48% )
   <not supported>      cycles                   
   <not supported>      stalled-cycles-frontend  
   <not supported>      stalled-cycles-backend   
   <not supported>      instructions             
   <not supported>      branches                 
   <not supported>      branch-misses            

       0.014910674 seconds time elapsed                                          ( +-  1.22% )


 Performance counter stats for './mandelbrot_pth -0.188 -0.012 0.554 0.754 512 8' (10 runs):

        510.808986      task-clock (msec)         #    7.844 CPUs utilized            ( +-  0.05% )
               123      context-switches          #    0.240 K/sec                    ( +-  7.45% )
                 8      cpu-migrations            #    0.015 K/sec                    ( +-  3.20% )
                76      page-faults               #    0.149 K/sec                    ( +-  0.36% )
   <not supported>      cycles                   
   <not supported>      stalled-cycles-frontend  
   <not supported>      stalled-cycles-backend   
   <not supported>      instructions             
   <not supported>      branches                 
   <not supported>      branch-misses            

       0.065117513 seconds time elapsed                                          ( +-  0.22% )


 Performance counter stats for './mandelbrot_pth -0.188 -0.012 0.554 0.754 1024 8' (10 runs):

       2043.266070      task-clock (msec)         #    7.953 CPUs utilized            ( +-  0.07% )
               569      context-switches          #    0.279 K/sec                    ( +-  8.55% )
                 8      cpu-migrations            #    0.004 K/sec                    ( +-  3.90% )
                77      page-faults               #    0.037 K/sec                    ( +-  0.48% )
   <not supported>      cycles                   
   <not supported>      stalled-cycles-frontend  
   <not supported>      stalled-cycles-backend   
   <not supported>      instructions             
   <not supported>      branches                 
   <not supported>      branch-misses            

       0.256910534 seconds time elapsed                                          ( +-  0.08% )


 Performance counter stats for './mandelbrot_pth -0.188 -0.012 0.554 0.754 2048 8' (10 runs):

       8163.169889      task-clock (msec)         #    7.981 CPUs utilized            ( +-  0.05% )
             1,653      context-switches          #    0.203 K/sec                    ( +-  7.49% )
                 8      cpu-migrations            #    0.001 K/sec                    ( +-  3.50% )
                76      page-faults               #    0.009 K/sec                    ( +-  0.44% )
   <not supported>      cycles                   
   <not supported>      stalled-cycles-frontend  
   <not supported>      stalled-cycles-backend   
   <not supported>      instructions             
   <not supported>      branches                 
   <not supported>      branch-misses            

       1.022849963 seconds time elapsed                                          ( +-  0.06% )


 Performance counter stats for './mandelbrot_pth -0.188 -0.012 0.554 0.754 4096 8' (10 runs):

      32679.677017      task-clock (msec)         #    7.985 CPUs utilized            ( +-  0.07% )
             7,049      context-switches          #    0.216 K/sec                    ( +-  9.33% )
                 8      cpu-migrations            #    0.000 K/sec                    ( +-  3.23% )
                77      page-faults               #    0.002 K/sec                    ( +-  0.40% )
   <not supported>      cycles                   
   <not supported>      stalled-cycles-frontend  
   <not supported>      stalled-cycles-backend   
   <not supported>      instructions             
   <not supported>      branches                 
   <not supported>      branch-misses            

       4.092400031 seconds time elapsed                                          ( +-  0.08% )


 Performance counter stats for './mandelbrot_pth -0.188 -0.012 0.554 0.754 8192 8' (10 runs):

     130658.904177      task-clock (msec)         #    7.988 CPUs utilized            ( +-  0.06% )
            27,854      context-switches          #    0.213 K/sec                    ( +-  9.90% )
                 8      cpu-migrations            #    0.000 K/sec                    ( +-  5.94% )
                76      page-faults               #    0.001 K/sec                    ( +-  0.49% )
   <not supported>      cycles                   
   <not supported>      stalled-cycles-frontend  
   <not supported>      stalled-cycles-backend   
   <not supported>      instructions             
   <not supported>      branches                 
   <not supported>      branch-misses            

      16.357404188 seconds time elapsed                                          ( +-  0.07% )


 Performance counter stats for './mandelbrot_pth -0.188 -0.012 0.554 0.754 16 16' (10 runs):

          1.678745      task-clock (msec)         #    1.493 CPUs utilized            ( +-  1.95% )
                38      context-switches          #    0.023 M/sec                    ( +-  4.54% )
                21      cpu-migrations            #    0.012 M/sec                    ( +-  3.27% )
                93      page-faults               #    0.055 M/sec                    ( +-  0.53% )
   <not supported>      cycles                   
   <not supported>      stalled-cycles-frontend  
   <not supported>      stalled-cycles-backend   
   <not supported>      instructions             
   <not supported>      branches                 
   <not supported>      branch-misses            

       0.001124526 seconds time elapsed                                          ( +-  4.03% )


 Performance counter stats for './mandelbrot_pth -0.188 -0.012 0.554 0.754 32 16' (10 runs):

          3.099793      task-clock (msec)         #    2.308 CPUs utilized            ( +-  0.86% )
                26      context-switches          #    0.008 M/sec                    ( +-  3.45% )
                16      cpu-migrations            #    0.005 M/sec                    ( +-  3.88% )
                94      page-faults               #    0.030 M/sec                    ( +-  0.33% )
   <not supported>      cycles                   
   <not supported>      stalled-cycles-frontend  
   <not supported>      stalled-cycles-backend   
   <not supported>      instructions             
   <not supported>      branches                 
   <not supported>      branch-misses            

       0.001343070 seconds time elapsed                                          ( +-  2.64% )


 Performance counter stats for './mandelbrot_pth -0.188 -0.012 0.554 0.754 64 16' (10 runs):

          9.021400      task-clock (msec)         #    4.500 CPUs utilized            ( +-  0.35% )
                24      context-switches          #    0.003 M/sec                    ( +-  1.63% )
                15      cpu-migrations            #    0.002 M/sec                    ( +-  4.95% )
                93      page-faults               #    0.010 M/sec                    ( +-  0.39% )
   <not supported>      cycles                   
   <not supported>      stalled-cycles-frontend  
   <not supported>      stalled-cycles-backend   
   <not supported>      instructions             
   <not supported>      branches                 
   <not supported>      branch-misses            

       0.002004539 seconds time elapsed                                          ( +-  0.90% )


 Performance counter stats for './mandelbrot_pth -0.188 -0.012 0.554 0.754 128 16' (10 runs):

         32.935195      task-clock (msec)         #    6.592 CPUs utilized            ( +-  0.04% )
                28      context-switches          #    0.859 K/sec                    ( +-  3.42% )
                17      cpu-migrations            #    0.513 K/sec                    ( +-  5.25% )
                94      page-faults               #    0.003 M/sec                    ( +-  0.45% )
   <not supported>      cycles                   
   <not supported>      stalled-cycles-frontend  
   <not supported>      stalled-cycles-backend   
   <not supported>      instructions             
   <not supported>      branches                 
   <not supported>      branch-misses            

       0.004996046 seconds time elapsed                                          ( +-  0.17% )


 Performance counter stats for './mandelbrot_pth -0.188 -0.012 0.554 0.754 256 16' (10 runs):

        128.749855      task-clock (msec)         #    7.488 CPUs utilized            ( +-  0.02% )
                53      context-switches          #    0.411 K/sec                    ( +-  2.69% )
                17      cpu-migrations            #    0.130 K/sec                    ( +-  3.46% )
                94      page-faults               #    0.726 K/sec                    ( +-  0.48% )
   <not supported>      cycles                   
   <not supported>      stalled-cycles-frontend  
   <not supported>      stalled-cycles-backend   
   <not supported>      instructions             
   <not supported>      branches                 
   <not supported>      branch-misses            

       0.017193939 seconds time elapsed                                          ( +-  0.09% )


 Performance counter stats for './mandelbrot_pth -0.188 -0.012 0.554 0.754 512 16' (10 runs):

        512.561158      task-clock (msec)         #    7.866 CPUs utilized            ( +-  0.10% )
               195      context-switches          #    0.380 K/sec                    ( +-  6.23% )
                21      cpu-migrations            #    0.040 K/sec                    ( +-  7.72% )
                93      page-faults               #    0.181 K/sec                    ( +-  0.45% )
   <not supported>      cycles                   
   <not supported>      stalled-cycles-frontend  
   <not supported>      stalled-cycles-backend   
   <not supported>      instructions             
   <not supported>      branches                 
   <not supported>      branch-misses            

       0.065164963 seconds time elapsed                                          ( +-  0.11% )


 Performance counter stats for './mandelbrot_pth -0.188 -0.012 0.554 0.754 1024 16' (10 runs):

       2046.031025      task-clock (msec)         #    7.965 CPUs utilized            ( +-  0.06% )
               728      context-switches          #    0.356 K/sec                    ( +-  4.73% )
                24      cpu-migrations            #    0.012 K/sec                    ( +- 10.90% )
                93      page-faults               #    0.046 K/sec                    ( +-  0.60% )
   <not supported>      cycles                   
   <not supported>      stalled-cycles-frontend  
   <not supported>      stalled-cycles-backend   
   <not supported>      instructions             
   <not supported>      branches                 
   <not supported>      branch-misses            

       0.256888463 seconds time elapsed                                          ( +-  0.06% )


 Performance counter stats for './mandelbrot_pth -0.188 -0.012 0.554 0.754 2048 16' (10 runs):

       8180.968519      task-clock (msec)         #    7.990 CPUs utilized            ( +-  0.07% )
             2,660      context-switches          #    0.325 K/sec                    ( +-  6.76% )
                42      cpu-migrations            #    0.005 K/sec                    ( +-  3.53% )
                93      page-faults               #    0.011 K/sec                    ( +-  0.42% )
   <not supported>      cycles                   
   <not supported>      stalled-cycles-frontend  
   <not supported>      stalled-cycles-backend   
   <not supported>      instructions             
   <not supported>      branches                 
   <not supported>      branch-misses            

       1.023899318 seconds time elapsed                                          ( +-  0.07% )


 Performance counter stats for './mandelbrot_pth -0.188 -0.012 0.554 0.754 4096 16' (10 runs):

      32707.417341      task-clock (msec)         #    7.996 CPUs utilized            ( +-  0.06% )
             9,874      context-switches          #    0.302 K/sec                    ( +-  6.95% )
                72      cpu-migrations            #    0.002 K/sec                    ( +-  8.50% )
                93      page-faults               #    0.003 K/sec                    ( +-  0.24% )
   <not supported>      cycles                   
   <not supported>      stalled-cycles-frontend  
   <not supported>      stalled-cycles-backend   
   <not supported>      instructions             
   <not supported>      branches                 
   <not supported>      branch-misses            

       4.090273877 seconds time elapsed                                          ( +-  0.07% )


 Performance counter stats for './mandelbrot_pth -0.188 -0.012 0.554 0.754 8192 16' (10 runs):

     130737.395920      task-clock (msec)         #    7.998 CPUs utilized            ( +-  0.04% )
            38,968      context-switches          #    0.298 K/sec                    ( +-  4.24% )
               206      cpu-migrations            #    0.002 K/sec                    ( +-  4.17% )
                93      page-faults               #    0.001 K/sec                    ( +-  0.50% )
   <not supported>      cycles                   
   <not supported>      stalled-cycles-frontend  
   <not supported>      stalled-cycles-backend   
   <not supported>      instructions             
   <not supported>      branches                 
   <not supported>      branch-misses            

      16.345982903 seconds time elapsed                                          ( +-  0.04% )


 Performance counter stats for './mandelbrot_pth -0.188 -0.012 0.554 0.754 16 32' (10 runs):

          2.106563      task-clock (msec)         #    1.535 CPUs utilized            ( +-  0.83% )
                40      context-switches          #    0.019 M/sec                    ( +-  3.74% )
                39      cpu-migrations            #    0.018 M/sec                    ( +-  2.53% )
               127      page-faults               #    0.060 M/sec                    ( +-  0.31% )
   <not supported>      cycles                   
   <not supported>      stalled-cycles-frontend  
   <not supported>      stalled-cycles-backend   
   <not supported>      instructions             
   <not supported>      branches                 
   <not supported>      branch-misses            

       0.001372601 seconds time elapsed                                          ( +-  0.92% )


 Performance counter stats for './mandelbrot_pth -0.188 -0.012 0.554 0.754 32 32' (10 runs):

          3.723201      task-clock (msec)         #    2.421 CPUs utilized            ( +-  0.57% )
                67      context-switches          #    0.018 M/sec                    ( +-  3.64% )
                44      cpu-migrations            #    0.012 M/sec                    ( +-  2.90% )
               126      page-faults               #    0.034 M/sec                    ( +-  0.30% )
   <not supported>      cycles                   
   <not supported>      stalled-cycles-frontend  
   <not supported>      stalled-cycles-backend   
   <not supported>      instructions             
   <not supported>      branches                 
   <not supported>      branch-misses            

       0.001537997 seconds time elapsed                                          ( +-  1.23% )


 Performance counter stats for './mandelbrot_pth -0.188 -0.012 0.554 0.754 64 32' (10 runs):

          9.522577      task-clock (msec)         #    4.264 CPUs utilized            ( +-  0.40% )
                47      context-switches          #    0.005 M/sec                    ( +-  5.30% )
                36      cpu-migrations            #    0.004 M/sec                    ( +-  2.59% )
               127      page-faults               #    0.013 M/sec                    ( +-  0.25% )
   <not supported>      cycles                   
   <not supported>      stalled-cycles-frontend  
   <not supported>      stalled-cycles-backend   
   <not supported>      instructions             
   <not supported>      branches                 
   <not supported>      branch-misses            

       0.002233409 seconds time elapsed                                          ( +-  1.18% )


 Performance counter stats for './mandelbrot_pth -0.188 -0.012 0.554 0.754 128 32' (10 runs):

         33.390361      task-clock (msec)         #    6.395 CPUs utilized            ( +-  0.10% )
                49      context-switches          #    0.001 M/sec                    ( +-  5.84% )
                36      cpu-migrations            #    0.001 M/sec                    ( +-  1.59% )
               127      page-faults               #    0.004 M/sec                    ( +-  0.37% )
   <not supported>      cycles                   
   <not supported>      stalled-cycles-frontend  
   <not supported>      stalled-cycles-backend   
   <not supported>      instructions             
   <not supported>      branches                 
   <not supported>      branch-misses            

       0.005221198 seconds time elapsed                                          ( +-  0.24% )


 Performance counter stats for './mandelbrot_pth -0.188 -0.012 0.554 0.754 256 32' (10 runs):

        129.275469      task-clock (msec)         #    7.454 CPUs utilized            ( +-  0.06% )
                79      context-switches          #    0.608 K/sec                    ( +-  2.85% )
                37      cpu-migrations            #    0.285 K/sec                    ( +-  2.57% )
               127      page-faults               #    0.981 K/sec                    ( +-  0.11% )
   <not supported>      cycles                   
   <not supported>      stalled-cycles-frontend  
   <not supported>      stalled-cycles-backend   
   <not supported>      instructions             
   <not supported>      branches                 
   <not supported>      branch-misses            

       0.017343914 seconds time elapsed                                          ( +-  0.12% )


 Performance counter stats for './mandelbrot_pth -0.188 -0.012 0.554 0.754 512 32' (10 runs):

        516.505336      task-clock (msec)         #    7.823 CPUs utilized            ( +-  0.84% )
               205      context-switches          #    0.397 K/sec                    ( +-  3.14% )
                37      cpu-migrations            #    0.072 K/sec                    ( +-  2.33% )
               126      page-faults               #    0.244 K/sec                    ( +-  0.28% )
   <not supported>      cycles                   
   <not supported>      stalled-cycles-frontend  
   <not supported>      stalled-cycles-backend   
   <not supported>      instructions             
   <not supported>      branches                 
   <not supported>      branch-misses            

       0.066026254 seconds time elapsed                                          ( +-  1.06% )


 Performance counter stats for './mandelbrot_pth -0.188 -0.012 0.554 0.754 1024 32' (10 runs):

       2046.124883      task-clock (msec)         #    7.958 CPUs utilized            ( +-  0.07% )
               721      context-switches          #    0.353 K/sec                    ( +-  3.11% )
                44      cpu-migrations            #    0.022 K/sec                    ( +-  4.34% )
               126      page-faults               #    0.062 K/sec                    ( +-  0.42% )
   <not supported>      cycles                   
   <not supported>      stalled-cycles-frontend  
   <not supported>      stalled-cycles-backend   
   <not supported>      instructions             
   <not supported>      branches                 
   <not supported>      branch-misses            

       0.257118565 seconds time elapsed                                          ( +-  0.07% )


 Performance counter stats for './mandelbrot_pth -0.188 -0.012 0.554 0.754 2048 32' (10 runs):

       8179.251307      task-clock (msec)         #    7.989 CPUs utilized            ( +-  0.08% )
             2,860      context-switches          #    0.350 K/sec                    ( +-  6.91% )
                69      cpu-migrations            #    0.008 K/sec                    ( +-  7.58% )
               127      page-faults               #    0.015 K/sec                    ( +-  0.21% )
   <not supported>      cycles                   
   <not supported>      stalled-cycles-frontend  
   <not supported>      stalled-cycles-backend   
   <not supported>      instructions             
   <not supported>      branches                 
   <not supported>      branch-misses            

       1.023875707 seconds time elapsed                                          ( +-  0.07% )


 Performance counter stats for './mandelbrot_pth -0.188 -0.012 0.554 0.754 4096 32' (10 runs):

      32686.607872      task-clock (msec)         #    7.996 CPUs utilized            ( +-  0.06% )
            10,980      context-switches          #    0.336 K/sec                    ( +-  6.69% )
               135      cpu-migrations            #    0.004 K/sec                    ( +-  4.99% )
               127      page-faults               #    0.004 K/sec                    ( +-  0.17% )
   <not supported>      cycles                   
   <not supported>      stalled-cycles-frontend  
   <not supported>      stalled-cycles-backend   
   <not supported>      instructions             
   <not supported>      branches                 
   <not supported>      branch-misses            

       4.087633084 seconds time elapsed                                          ( +-  0.06% )


 Performance counter stats for './mandelbrot_pth -0.188 -0.012 0.554 0.754 8192 32' (10 runs):

     130893.047729      task-clock (msec)         #    7.998 CPUs utilized            ( +-  0.10% )
            41,345      context-switches          #    0.316 K/sec                    ( +-  6.15% )
               372      cpu-migrations            #    0.003 K/sec                    ( +-  5.28% )
               126      page-faults               #    0.001 K/sec                    ( +-  0.25% )
   <not supported>      cycles                   
   <not supported>      stalled-cycles-frontend  
   <not supported>      stalled-cycles-backend   
   <not supported>      instructions             
   <not supported>      branches                 
   <not supported>      branch-misses            

      16.365215943 seconds time elapsed                                          ( +-  0.10% )

