
 Performance counter stats for './mandelbrot_seq_io -2.5 1.5 -2.0 2.0 16 1' (10 runs):

          0.394453      task-clock (msec)         #    0.104 CPUs utilized            ( +-  3.12% )
                 0      context-switches          #    0.507 K/sec                    ( +- 66.67% )
                 0      cpu-migrations            #    0.000 K/sec                  
                52      page-faults               #    0.133 M/sec                    ( +-  0.76% )
   <not supported>      cycles                   
   <not supported>      stalled-cycles-frontend  
   <not supported>      stalled-cycles-backend   
   <not supported>      instructions             
   <not supported>      branches                 
   <not supported>      branch-misses            

       0.003788621 seconds time elapsed                                          ( +- 56.98% )


 Performance counter stats for './mandelbrot_seq_io -2.5 1.5 -2.0 2.0 32 1' (10 runs):

          0.573613      task-clock (msec)         #    0.679 CPUs utilized            ( +-  1.87% )
                 0      context-switches          #    0.000 K/sec                  
                 0      cpu-migrations            #    0.000 K/sec                  
                61      page-faults               #    0.106 M/sec                    ( +-  0.33% )
   <not supported>      cycles                   
   <not supported>      stalled-cycles-frontend  
   <not supported>      stalled-cycles-backend   
   <not supported>      instructions             
   <not supported>      branches                 
   <not supported>      branch-misses            

       0.000844472 seconds time elapsed                                          ( +-  1.91% )


 Performance counter stats for './mandelbrot_seq_io -2.5 1.5 -2.0 2.0 64 1' (10 runs):

          1.326934      task-clock (msec)         #    0.833 CPUs utilized            ( +-  0.66% )
                 0      context-switches          #    0.000 K/sec                  
                 0      cpu-migrations            #    0.000 K/sec                  
                91      page-faults               #    0.068 M/sec                    ( +-  0.29% )
   <not supported>      cycles                   
   <not supported>      stalled-cycles-frontend  
   <not supported>      stalled-cycles-backend   
   <not supported>      instructions             
   <not supported>      branches                 
   <not supported>      branch-misses            

       0.001592041 seconds time elapsed                                          ( +-  0.64% )


 Performance counter stats for './mandelbrot_seq_io -2.5 1.5 -2.0 2.0 128 1' (10 runs):

          4.303826      task-clock (msec)         #    0.928 CPUs utilized            ( +-  0.91% )
                 0      context-switches          #    0.023 K/sec                    ( +-100.00% )
                 0      cpu-migrations            #    0.000 K/sec                  
               212      page-faults               #    0.049 M/sec                    ( +-  0.14% )
   <not supported>      cycles                   
   <not supported>      stalled-cycles-frontend  
   <not supported>      stalled-cycles-backend   
   <not supported>      instructions             
   <not supported>      branches                 
   <not supported>      branch-misses            

       0.004639942 seconds time elapsed                                          ( +-  1.34% )


 Performance counter stats for './mandelbrot_seq_io -2.5 1.5 -2.0 2.0 256 1' (10 runs):

         16.312701      task-clock (msec)         #    0.890 CPUs utilized            ( +-  0.75% )
                 0      context-switches          #    0.006 K/sec                    ( +-100.00% )
                 0      cpu-migrations            #    0.000 K/sec                  
               692      page-faults               #    0.042 M/sec                    ( +-  0.03% )
   <not supported>      cycles                   
   <not supported>      stalled-cycles-frontend  
   <not supported>      stalled-cycles-backend   
   <not supported>      instructions             
   <not supported>      branches                 
   <not supported>      branch-misses            

       0.018330837 seconds time elapsed                                          ( +-  9.89% )


 Performance counter stats for './mandelbrot_seq_io -2.5 1.5 -2.0 2.0 512 1' (10 runs):

         64.402102      task-clock (msec)         #    0.993 CPUs utilized            ( +-  0.23% )
                 0      context-switches          #    0.002 K/sec                    ( +-100.00% )
                 0      cpu-migrations            #    0.000 K/sec                  
             2,612      page-faults               #    0.041 M/sec                    ( +-  0.01% )
   <not supported>      cycles                   
   <not supported>      stalled-cycles-frontend  
   <not supported>      stalled-cycles-backend   
   <not supported>      instructions             
   <not supported>      branches                 
   <not supported>      branch-misses            

       0.064827460 seconds time elapsed                                          ( +-  0.22% )


 Performance counter stats for './mandelbrot_seq_io -2.5 1.5 -2.0 2.0 1024 1' (10 runs):

        257.905860      task-clock (msec)         #    0.964 CPUs utilized            ( +-  0.29% )
                 1      context-switches          #    0.002 K/sec                    ( +- 44.44% )
                 0      cpu-migrations            #    0.000 K/sec                    ( +-100.00% )
            10,292      page-faults               #    0.040 M/sec                    ( +-  0.00% )
   <not supported>      cycles                   
   <not supported>      stalled-cycles-frontend  
   <not supported>      stalled-cycles-backend   
   <not supported>      instructions             
   <not supported>      branches                 
   <not supported>      branch-misses            

       0.267670733 seconds time elapsed                                          ( +-  3.37% )


 Performance counter stats for './mandelbrot_seq_io -2.5 1.5 -2.0 2.0 2048 1' (10 runs):

       1025.295763      task-clock (msec)         #    0.992 CPUs utilized            ( +-  0.23% )
                 2      context-switches          #    0.002 K/sec                    ( +- 19.09% )
                 0      cpu-migrations            #    0.000 K/sec                    ( +-100.00% )
            41,012      page-faults               #    0.040 M/sec                    ( +-  0.00% )
   <not supported>      cycles                   
   <not supported>      stalled-cycles-frontend  
   <not supported>      stalled-cycles-backend   
   <not supported>      instructions             
   <not supported>      branches                 
   <not supported>      branch-misses            

       1.033290911 seconds time elapsed                                          ( +-  0.58% )


 Performance counter stats for './mandelbrot_seq_io -2.5 1.5 -2.0 2.0 4096 1' (10 runs):

       4226.957615      task-clock (msec)         #    0.993 CPUs utilized            ( +-  1.14% )
                11      context-switches          #    0.003 K/sec                    ( +-  3.21% )
                 0      cpu-migrations            #    0.000 K/sec                  
           163,892      page-faults               #    0.039 M/sec                    ( +-  0.00% )
   <not supported>      cycles                   
   <not supported>      stalled-cycles-frontend  
   <not supported>      stalled-cycles-backend   
   <not supported>      instructions             
   <not supported>      branches                 
   <not supported>      branch-misses            

       4.257747076 seconds time elapsed                                          ( +-  1.29% )


 Performance counter stats for './mandelbrot_seq_io -2.5 1.5 -2.0 2.0 8192 1' (10 runs):

      16931.498429      task-clock (msec)         #    0.935 CPUs utilized            ( +-  0.84% )
                52      context-switches          #    0.003 K/sec                    ( +-  0.97% )
                 0      cpu-migrations            #    0.000 K/sec                    ( +- 66.67% )
           655,412      page-faults               #    0.039 M/sec                    ( +-  0.00% )
   <not supported>      cycles                   
   <not supported>      stalled-cycles-frontend  
   <not supported>      stalled-cycles-backend   
   <not supported>      instructions             
   <not supported>      branches                 
   <not supported>      branch-misses            

      18.102891410 seconds time elapsed                                          ( +-  0.80% )

