
 Performance counter stats for './mandelbrot_seq_io -0.8 -0.7 0.05 0.15 16 1' (10 runs):

          0.656827      task-clock (msec)         #    0.710 CPUs utilized            ( +-  1.35% )
                 0      context-switches          #    0.000 K/sec                  
                 0      cpu-migrations            #    0.000 K/sec                  
                53      page-faults               #    0.080 M/sec                    ( +-  0.64% )
   <not supported>      cycles                   
   <not supported>      stalled-cycles-frontend  
   <not supported>      stalled-cycles-backend   
   <not supported>      instructions             
   <not supported>      branches                 
   <not supported>      branch-misses            

       0.000925439 seconds time elapsed                                          ( +-  1.71% )


 Performance counter stats for './mandelbrot_seq_io -0.8 -0.7 0.05 0.15 32 1' (10 runs):

          1.688000      task-clock (msec)         #    0.858 CPUs utilized            ( +-  0.41% )
                 0      context-switches          #    0.000 K/sec                  
                 0      cpu-migrations            #    0.000 K/sec                  
                62      page-faults               #    0.036 M/sec                    ( +-  0.27% )
   <not supported>      cycles                   
   <not supported>      stalled-cycles-frontend  
   <not supported>      stalled-cycles-backend   
   <not supported>      instructions             
   <not supported>      branches                 
   <not supported>      branch-misses            

       0.001966903 seconds time elapsed                                          ( +-  0.56% )


 Performance counter stats for './mandelbrot_seq_io -0.8 -0.7 0.05 0.15 64 1' (10 runs):

          5.895841      task-clock (msec)         #    0.955 CPUs utilized            ( +-  0.47% )
                 0      context-switches          #    0.017 K/sec                    ( +-100.00% )
                 0      cpu-migrations            #    0.000 K/sec                  
                91      page-faults               #    0.015 M/sec                    ( +-  0.29% )
   <not supported>      cycles                   
   <not supported>      stalled-cycles-frontend  
   <not supported>      stalled-cycles-backend   
   <not supported>      instructions             
   <not supported>      branches                 
   <not supported>      branch-misses            

       0.006174705 seconds time elapsed                                          ( +-  0.52% )


 Performance counter stats for './mandelbrot_seq_io -0.8 -0.7 0.05 0.15 128 1' (10 runs):

         22.290432      task-clock (msec)         #    0.987 CPUs utilized            ( +-  0.10% )
                 0      context-switches          #    0.000 K/sec                  
                 0      cpu-migrations            #    0.000 K/sec                  
               212      page-faults               #    0.009 M/sec                    ( +-  0.16% )
   <not supported>      cycles                   
   <not supported>      stalled-cycles-frontend  
   <not supported>      stalled-cycles-backend   
   <not supported>      instructions             
   <not supported>      branches                 
   <not supported>      branch-misses            

       0.022590919 seconds time elapsed                                          ( +-  0.11% )


 Performance counter stats for './mandelbrot_seq_io -0.8 -0.7 0.05 0.15 256 1' (10 runs):

         88.994662      task-clock (msec)         #    0.996 CPUs utilized            ( +-  0.18% )
                 0      context-switches          #    0.002 K/sec                    ( +- 66.67% )
                 0      cpu-migrations            #    0.000 K/sec                  
               692      page-faults               #    0.008 M/sec                    ( +-  0.04% )
   <not supported>      cycles                   
   <not supported>      stalled-cycles-frontend  
   <not supported>      stalled-cycles-backend   
   <not supported>      instructions             
   <not supported>      branches                 
   <not supported>      branch-misses            

       0.089376046 seconds time elapsed                                          ( +-  0.18% )


 Performance counter stats for './mandelbrot_seq_io -0.8 -0.7 0.05 0.15 512 1' (10 runs):

        353.456480      task-clock (msec)         #    0.999 CPUs utilized            ( +-  0.08% )
                 1      context-switches          #    0.003 K/sec                    ( +- 49.44% )
                 0      cpu-migrations            #    0.000 K/sec                  
             2,612      page-faults               #    0.007 M/sec                    ( +-  0.02% )
   <not supported>      cycles                   
   <not supported>      stalled-cycles-frontend  
   <not supported>      stalled-cycles-backend   
   <not supported>      instructions             
   <not supported>      branches                 
   <not supported>      branch-misses            

       0.353984146 seconds time elapsed                                          ( +-  0.09% )


 Performance counter stats for './mandelbrot_seq_io -0.8 -0.7 0.05 0.15 1024 1' (10 runs):

       1407.877623      task-clock (msec)         #    1.000 CPUs utilized            ( +-  0.06% )
                 3      context-switches          #    0.002 K/sec                    ( +- 17.92% )
                 0      cpu-migrations            #    0.000 K/sec                    ( +- 33.33% )
            10,291      page-faults               #    0.007 M/sec                    ( +-  0.00% )
   <not supported>      cycles                   
   <not supported>      stalled-cycles-frontend  
   <not supported>      stalled-cycles-backend   
   <not supported>      instructions             
   <not supported>      branches                 
   <not supported>      branch-misses            

       1.408411709 seconds time elapsed                                          ( +-  0.06% )


 Performance counter stats for './mandelbrot_seq_io -0.8 -0.7 0.05 0.15 2048 1' (10 runs):

       5634.474844      task-clock (msec)         #    1.000 CPUs utilized            ( +-  0.09% )
                10      context-switches          #    0.002 K/sec                    ( +-  3.18% )
                 0      cpu-migrations            #    0.000 K/sec                  
            41,012      page-faults               #    0.007 M/sec                    ( +-  0.00% )
   <not supported>      cycles                   
   <not supported>      stalled-cycles-frontend  
   <not supported>      stalled-cycles-backend   
   <not supported>      instructions             
   <not supported>      branches                 
   <not supported>      branch-misses            

       5.635090742 seconds time elapsed                                          ( +-  0.09% )


 Performance counter stats for './mandelbrot_seq_io -0.8 -0.7 0.05 0.15 4096 1' (10 runs):

      22755.345532      task-clock (msec)         #    0.998 CPUs utilized            ( +-  0.18% )
                43      context-switches          #    0.002 K/sec                    ( +-  0.86% )
                 0      cpu-migrations            #    0.000 K/sec                  
           163,892      page-faults               #    0.007 M/sec                    ( +-  0.00% )
   <not supported>      cycles                   
   <not supported>      stalled-cycles-frontend  
   <not supported>      stalled-cycles-backend   
   <not supported>      instructions             
   <not supported>      branches                 
   <not supported>      branch-misses            

      22.795443766 seconds time elapsed                                          ( +-  0.18% )


 Performance counter stats for './mandelbrot_seq_io -0.8 -0.7 0.05 0.15 8192 1' (10 runs):

      92570.084341      task-clock (msec)         #    0.988 CPUs utilized            ( +-  0.38% )
               186      context-switches          #    0.002 K/sec                    ( +-  0.49% )
                 0      cpu-migrations            #    0.000 K/sec                    ( +-100.00% )
           655,412      page-faults               #    0.007 M/sec                    ( +-  0.00% )
   <not supported>      cycles                   
   <not supported>      stalled-cycles-frontend  
   <not supported>      stalled-cycles-backend   
   <not supported>      instructions             
   <not supported>      branches                 
   <not supported>      branch-misses            

      93.730161692 seconds time elapsed                                          ( +-  0.38% )

