
 Performance counter stats for './mandelbrot_omp 0.175 0.375 -0.1 0.1 16 1' (10 runs):

          0.694994      task-clock (msec)         #    0.751 CPUs utilized            ( +-  0.84% )
                 0      context-switches          #    0.000 K/sec                  
                 0      cpu-migrations            #    0.000 K/sec                  
                60      page-faults               #    0.086 M/sec                    ( +-  0.57% )
   <not supported>      cycles                   
   <not supported>      stalled-cycles-frontend  
   <not supported>      stalled-cycles-backend   
   <not supported>      instructions             
   <not supported>      branches                 
   <not supported>      branch-misses            

       0.000924897 seconds time elapsed                                          ( +-  1.08% )


 Performance counter stats for './mandelbrot_omp 0.175 0.375 -0.1 0.1 32 1' (10 runs):

          1.734255      task-clock (msec)         #    0.879 CPUs utilized            ( +-  0.42% )
                 0      context-switches          #    0.000 K/sec                  
                 0      cpu-migrations            #    0.000 K/sec                  
                60      page-faults               #    0.034 M/sec                    ( +-  0.55% )
   <not supported>      cycles                   
   <not supported>      stalled-cycles-frontend  
   <not supported>      stalled-cycles-backend   
   <not supported>      instructions             
   <not supported>      branches                 
   <not supported>      branch-misses            

       0.001972446 seconds time elapsed                                          ( +-  0.44% )


 Performance counter stats for './mandelbrot_omp 0.175 0.375 -0.1 0.1 64 1' (10 runs):

          5.915991      task-clock (msec)         #    0.960 CPUs utilized            ( +-  0.65% )
                 0      context-switches          #    0.000 K/sec                  
                 0      cpu-migrations            #    0.000 K/sec                  
                60      page-faults               #    0.010 M/sec                    ( +-  0.61% )
   <not supported>      cycles                   
   <not supported>      stalled-cycles-frontend  
   <not supported>      stalled-cycles-backend   
   <not supported>      instructions             
   <not supported>      branches                 
   <not supported>      branch-misses            

       0.006163234 seconds time elapsed                                          ( +-  0.61% )


 Performance counter stats for './mandelbrot_omp 0.175 0.375 -0.1 0.1 128 1' (10 runs):

         22.332663      task-clock (msec)         #    0.989 CPUs utilized            ( +-  0.29% )
                 0      context-switches          #    0.004 K/sec                    ( +-100.00% )
                 0      cpu-migrations            #    0.000 K/sec                  
                60      page-faults               #    0.003 M/sec                    ( +-  0.25% )
   <not supported>      cycles                   
   <not supported>      stalled-cycles-frontend  
   <not supported>      stalled-cycles-backend   
   <not supported>      instructions             
   <not supported>      branches                 
   <not supported>      branch-misses            

       0.022586437 seconds time elapsed                                          ( +-  0.30% )


 Performance counter stats for './mandelbrot_omp 0.175 0.375 -0.1 0.1 256 1' (10 runs):

         88.057853      task-clock (msec)         #    0.996 CPUs utilized            ( +-  0.45% )
                 0      context-switches          #    0.001 K/sec                    ( +-100.00% )
                 0      cpu-migrations            #    0.000 K/sec                  
                60      page-faults               #    0.685 K/sec                    ( +-  0.25% )
   <not supported>      cycles                   
   <not supported>      stalled-cycles-frontend  
   <not supported>      stalled-cycles-backend   
   <not supported>      instructions             
   <not supported>      branches                 
   <not supported>      branch-misses            

       0.088372697 seconds time elapsed                                          ( +-  0.46% )


 Performance counter stats for './mandelbrot_omp 0.175 0.375 -0.1 0.1 512 1' (10 runs):

        347.720512      task-clock (msec)         #    0.999 CPUs utilized            ( +-  0.03% )
                 1      context-switches          #    0.002 K/sec                    ( +- 37.19% )
                 0      cpu-migrations            #    0.000 K/sec                  
                60      page-faults               #    0.173 K/sec                    ( +-  0.41% )
   <not supported>      cycles                   
   <not supported>      stalled-cycles-frontend  
   <not supported>      stalled-cycles-backend   
   <not supported>      instructions             
   <not supported>      branches                 
   <not supported>      branch-misses            

       0.348071450 seconds time elapsed                                          ( +-  0.03% )


 Performance counter stats for './mandelbrot_omp 0.175 0.375 -0.1 0.1 1024 1' (10 runs):

       1389.753181      task-clock (msec)         #    1.000 CPUs utilized            ( +-  0.04% )
                 2      context-switches          #    0.002 K/sec                    ( +- 14.16% )
                 0      cpu-migrations            #    0.000 K/sec                    ( +-100.00% )
                60      page-faults               #    0.043 K/sec                    ( +-  0.61% )
   <not supported>      cycles                   
   <not supported>      stalled-cycles-frontend  
   <not supported>      stalled-cycles-backend   
   <not supported>      instructions             
   <not supported>      branches                 
   <not supported>      branch-misses            

       1.390191944 seconds time elapsed                                          ( +-  0.04% )


 Performance counter stats for './mandelbrot_omp 0.175 0.375 -0.1 0.1 2048 1' (10 runs):

       5622.847332      task-clock (msec)         #    1.000 CPUs utilized            ( +-  0.94% )
                10      context-switches          #    0.002 K/sec                    ( +-  3.33% )
                 0      cpu-migrations            #    0.000 K/sec                  
                60      page-faults               #    0.011 K/sec                    ( +-  0.61% )
   <not supported>      cycles                   
   <not supported>      stalled-cycles-frontend  
   <not supported>      stalled-cycles-backend   
   <not supported>      instructions             
   <not supported>      branches                 
   <not supported>      branch-misses            

       5.623436970 seconds time elapsed                                          ( +-  0.94% )


 Performance counter stats for './mandelbrot_omp 0.175 0.375 -0.1 0.1 4096 1' (10 runs):

      22468.846016      task-clock (msec)         #    1.000 CPUs utilized            ( +-  0.71% )
                39      context-switches          #    0.002 K/sec                    ( +-  1.01% )
                 0      cpu-migrations            #    0.000 K/sec                  
                60      page-faults               #    0.003 K/sec                    ( +-  0.48% )
   <not supported>      cycles                   
   <not supported>      stalled-cycles-frontend  
   <not supported>      stalled-cycles-backend   
   <not supported>      instructions             
   <not supported>      branches                 
   <not supported>      branch-misses            

      22.469926435 seconds time elapsed                                          ( +-  0.71% )


 Performance counter stats for './mandelbrot_omp 0.175 0.375 -0.1 0.1 8192 1' (10 runs):

      89919.023593      task-clock (msec)         #    1.000 CPUs utilized            ( +-  0.26% )
               157      context-switches          #    0.002 K/sec                    ( +-  0.43% )
                 0      cpu-migrations            #    0.000 K/sec                  
                60      page-faults               #    0.001 K/sec                    ( +-  0.63% )
   <not supported>      cycles                   
   <not supported>      stalled-cycles-frontend  
   <not supported>      stalled-cycles-backend   
   <not supported>      instructions             
   <not supported>      branches                 
   <not supported>      branch-misses            

      89.921903893 seconds time elapsed                                          ( +-  0.26% )


 Performance counter stats for './mandelbrot_omp 0.175 0.375 -0.1 0.1 16 2' (10 runs):

          0.869873      task-clock (msec)         #    0.881 CPUs utilized            ( +-  1.30% )
                 0      context-switches          #    0.000 K/sec                  
                 1      cpu-migrations            #    0.001 M/sec                  
                62      page-faults               #    0.071 M/sec                    ( +-  0.48% )
   <not supported>      cycles                   
   <not supported>      stalled-cycles-frontend  
   <not supported>      stalled-cycles-backend   
   <not supported>      instructions             
   <not supported>      branches                 
   <not supported>      branch-misses            

       0.000987510 seconds time elapsed                                          ( +-  1.35% )


 Performance counter stats for './mandelbrot_omp 0.175 0.375 -0.1 0.1 32 2' (10 runs):

          1.955920      task-clock (msec)         #    1.267 CPUs utilized            ( +-  1.89% )
                 0      context-switches          #    0.000 K/sec                  
                 1      cpu-migrations            #    0.511 K/sec                  
                62      page-faults               #    0.032 M/sec                    ( +-  0.45% )
   <not supported>      cycles                   
   <not supported>      stalled-cycles-frontend  
   <not supported>      stalled-cycles-backend   
   <not supported>      instructions             
   <not supported>      branches                 
   <not supported>      branch-misses            

       0.001543148 seconds time elapsed                                          ( +-  2.31% )


 Performance counter stats for './mandelbrot_omp 0.175 0.375 -0.1 0.1 64 2' (10 runs):

          6.114385      task-clock (msec)         #    1.682 CPUs utilized            ( +-  0.50% )
                 0      context-switches          #    0.000 K/sec                  
                 1      cpu-migrations            #    0.164 K/sec                  
                62      page-faults               #    0.010 M/sec                    ( +-  0.47% )
   <not supported>      cycles                   
   <not supported>      stalled-cycles-frontend  
   <not supported>      stalled-cycles-backend   
   <not supported>      instructions             
   <not supported>      branches                 
   <not supported>      branch-misses            

       0.003636110 seconds time elapsed                                          ( +-  0.82% )


 Performance counter stats for './mandelbrot_omp 0.175 0.375 -0.1 0.1 128 2' (10 runs):

         22.499555      task-clock (msec)         #    1.896 CPUs utilized            ( +-  0.10% )
                 0      context-switches          #    0.009 K/sec                    ( +- 66.67% )
                 1      cpu-migrations            #    0.044 K/sec                  
                62      page-faults               #    0.003 M/sec                    ( +-  0.48% )
   <not supported>      cycles                   
   <not supported>      stalled-cycles-frontend  
   <not supported>      stalled-cycles-backend   
   <not supported>      instructions             
   <not supported>      branches                 
   <not supported>      branch-misses            

       0.011866071 seconds time elapsed                                          ( +-  0.15% )


 Performance counter stats for './mandelbrot_omp 0.175 0.375 -0.1 0.1 256 2' (10 runs):

         88.671817      task-clock (msec)         #    1.969 CPUs utilized            ( +-  0.36% )
                 0      context-switches          #    0.003 K/sec                    ( +-100.00% )
                 1      cpu-migrations            #    0.012 K/sec                    ( +-  9.09% )
                62      page-faults               #    0.701 K/sec                    ( +-  0.47% )
   <not supported>      cycles                   
   <not supported>      stalled-cycles-frontend  
   <not supported>      stalled-cycles-backend   
   <not supported>      instructions             
   <not supported>      branches                 
   <not supported>      branch-misses            

       0.045026894 seconds time elapsed                                          ( +-  0.38% )


 Performance counter stats for './mandelbrot_omp 0.175 0.375 -0.1 0.1 512 2' (10 runs):

        351.210275      task-clock (msec)         #    1.986 CPUs utilized            ( +-  0.31% )
                 1      context-switches          #    0.003 K/sec                    ( +- 41.66% )
                 1      cpu-migrations            #    0.003 K/sec                  
                62      page-faults               #    0.177 K/sec                    ( +-  0.34% )
   <not supported>      cycles                   
   <not supported>      stalled-cycles-frontend  
   <not supported>      stalled-cycles-backend   
   <not supported>      instructions             
   <not supported>      branches                 
   <not supported>      branch-misses            

       0.176858552 seconds time elapsed                                          ( +-  0.52% )


 Performance counter stats for './mandelbrot_omp 0.175 0.375 -0.1 0.1 1024 2' (10 runs):

       1407.800943      task-clock (msec)         #    1.983 CPUs utilized            ( +-  0.47% )
                 4      context-switches          #    0.003 K/sec                    ( +- 12.77% )
                 1      cpu-migrations            #    0.001 K/sec                  
                62      page-faults               #    0.044 K/sec                    ( +-  0.27% )
   <not supported>      cycles                   
   <not supported>      stalled-cycles-frontend  
   <not supported>      stalled-cycles-backend   
   <not supported>      instructions             
   <not supported>      branches                 
   <not supported>      branch-misses            

       0.709817432 seconds time elapsed                                          ( +-  0.83% )


 Performance counter stats for './mandelbrot_omp 0.175 0.375 -0.1 0.1 2048 2' (10 runs):

       5646.050152      task-clock (msec)         #    1.986 CPUs utilized            ( +-  0.31% )
                14      context-switches          #    0.002 K/sec                    ( +-  3.36% )
                 1      cpu-migrations            #    0.000 K/sec                  
                62      page-faults               #    0.011 K/sec                    ( +-  0.26% )
   <not supported>      cycles                   
   <not supported>      stalled-cycles-frontend  
   <not supported>      stalled-cycles-backend   
   <not supported>      instructions             
   <not supported>      branches                 
   <not supported>      branch-misses            

       2.843198718 seconds time elapsed                                          ( +-  0.43% )


 Performance counter stats for './mandelbrot_omp 0.175 0.375 -0.1 0.1 4096 2' (10 runs):

      22690.200056      task-clock (msec)         #    1.973 CPUs utilized            ( +-  0.60% )
                50      context-switches          #    0.002 K/sec                    ( +-  1.07% )
                 1      cpu-migrations            #    0.000 K/sec                    ( +-  9.09% )
                62      page-faults               #    0.003 K/sec                    ( +-  0.40% )
   <not supported>      cycles                   
   <not supported>      stalled-cycles-frontend  
   <not supported>      stalled-cycles-backend   
   <not supported>      instructions             
   <not supported>      branches                 
   <not supported>      branch-misses            

      11.499361617 seconds time elapsed                                          ( +-  1.01% )


 Performance counter stats for './mandelbrot_omp 0.175 0.375 -0.1 0.1 8192 2' (10 runs):

      91344.991036      task-clock (msec)         #    1.982 CPUs utilized            ( +-  0.57% )
               204      context-switches          #    0.002 K/sec                    ( +-  0.74% )
                 1      cpu-migrations            #    0.000 K/sec                  
                62      page-faults               #    0.001 K/sec                    ( +-  0.25% )
   <not supported>      cycles                   
   <not supported>      stalled-cycles-frontend  
   <not supported>      stalled-cycles-backend   
   <not supported>      instructions             
   <not supported>      branches                 
   <not supported>      branch-misses            

      46.076407824 seconds time elapsed                                          ( +-  0.66% )


 Performance counter stats for './mandelbrot_omp 0.175 0.375 -0.1 0.1 16 4' (10 runs):

          1.170895      task-clock (msec)         #    1.182 CPUs utilized            ( +-  1.03% )
                 0      context-switches          #    0.000 K/sec                  
                 3      cpu-migrations            #    0.003 M/sec                  
                66      page-faults               #    0.057 M/sec                    ( +-  0.38% )
   <not supported>      cycles                   
   <not supported>      stalled-cycles-frontend  
   <not supported>      stalled-cycles-backend   
   <not supported>      instructions             
   <not supported>      branches                 
   <not supported>      branch-misses            

       0.000990993 seconds time elapsed                                          ( +-  1.54% )


 Performance counter stats for './mandelbrot_omp 0.175 0.375 -0.1 0.1 32 4' (10 runs):

          2.086139      task-clock (msec)         #    1.945 CPUs utilized            ( +-  1.27% )
                 0      context-switches          #    0.000 K/sec                  
                 3      cpu-migrations            #    0.001 M/sec                  
                66      page-faults               #    0.032 M/sec                    ( +-  0.30% )
   <not supported>      cycles                   
   <not supported>      stalled-cycles-frontend  
   <not supported>      stalled-cycles-backend   
   <not supported>      instructions             
   <not supported>      branches                 
   <not supported>      branch-misses            

       0.001072410 seconds time elapsed                                          ( +-  0.99% )


 Performance counter stats for './mandelbrot_omp 0.175 0.375 -0.1 0.1 64 4' (10 runs):

          7.090188      task-clock (msec)         #    2.769 CPUs utilized            ( +-  3.01% )
                 0      context-switches          #    0.000 K/sec                  
                 3      cpu-migrations            #    0.423 K/sec                  
                65      page-faults               #    0.009 M/sec                    ( +-  0.61% )
   <not supported>      cycles                   
   <not supported>      stalled-cycles-frontend  
   <not supported>      stalled-cycles-backend   
   <not supported>      instructions             
   <not supported>      branches                 
   <not supported>      branch-misses            

       0.002560869 seconds time elapsed                                          ( +-  2.72% )


 Performance counter stats for './mandelbrot_omp 0.175 0.375 -0.1 0.1 128 4' (10 runs):

         23.441882      task-clock (msec)         #    3.551 CPUs utilized            ( +-  0.35% )
                 0      context-switches          #    0.013 K/sec                    ( +- 50.92% )
                 3      cpu-migrations            #    0.128 K/sec                  
                66      page-faults               #    0.003 M/sec                    ( +-  0.57% )
   <not supported>      cycles                   
   <not supported>      stalled-cycles-frontend  
   <not supported>      stalled-cycles-backend   
   <not supported>      instructions             
   <not supported>      branches                 
   <not supported>      branch-misses            

       0.006601104 seconds time elapsed                                          ( +-  0.44% )


 Performance counter stats for './mandelbrot_omp 0.175 0.375 -0.1 0.1 256 4' (10 runs):

         91.770761      task-clock (msec)         #    3.828 CPUs utilized            ( +-  0.94% )
                 1      context-switches          #    0.010 K/sec                    ( +- 30.77% )
                 3      cpu-migrations            #    0.033 K/sec                  
                66      page-faults               #    0.721 K/sec                    ( +-  0.49% )
   <not supported>      cycles                   
   <not supported>      stalled-cycles-frontend  
   <not supported>      stalled-cycles-backend   
   <not supported>      instructions             
   <not supported>      branches                 
   <not supported>      branch-misses            

       0.023973397 seconds time elapsed                                          ( +-  1.18% )


 Performance counter stats for './mandelbrot_omp 0.175 0.375 -0.1 0.1 512 4' (10 runs):

        356.883662      task-clock (msec)         #    3.937 CPUs utilized            ( +-  0.38% )
                 3      context-switches          #    0.008 K/sec                    ( +- 20.21% )
                 3      cpu-migrations            #    0.009 K/sec                    ( +-  3.23% )
                66      page-faults               #    0.186 K/sec                    ( +-  0.34% )
   <not supported>      cycles                   
   <not supported>      stalled-cycles-frontend  
   <not supported>      stalled-cycles-backend   
   <not supported>      instructions             
   <not supported>      branches                 
   <not supported>      branch-misses            

       0.090659388 seconds time elapsed                                          ( +-  0.85% )


 Performance counter stats for './mandelbrot_omp 0.175 0.375 -0.1 0.1 1024 4' (10 runs):

       1466.033966      task-clock (msec)         #    3.815 CPUs utilized            ( +-  0.81% )
                 6      context-switches          #    0.004 K/sec                    ( +- 15.31% )
                 3      cpu-migrations            #    0.002 K/sec                    ( +-  4.17% )
                66      page-faults               #    0.045 K/sec                    ( +-  0.44% )
   <not supported>      cycles                   
   <not supported>      stalled-cycles-frontend  
   <not supported>      stalled-cycles-backend   
   <not supported>      instructions             
   <not supported>      branches                 
   <not supported>      branch-misses            

       0.384243323 seconds time elapsed                                          ( +-  1.58% )


 Performance counter stats for './mandelbrot_omp 0.175 0.375 -0.1 0.1 2048 4' (10 runs):

       5825.321952      task-clock (msec)         #    3.844 CPUs utilized            ( +-  1.29% )
                15      context-switches          #    0.003 K/sec                    ( +-  8.40% )
                 3      cpu-migrations            #    0.001 K/sec                  
                66      page-faults               #    0.011 K/sec                    ( +-  0.42% )
   <not supported>      cycles                   
   <not supported>      stalled-cycles-frontend  
   <not supported>      stalled-cycles-backend   
   <not supported>      instructions             
   <not supported>      branches                 
   <not supported>      branch-misses            

       1.515321439 seconds time elapsed                                          ( +-  2.18% )


 Performance counter stats for './mandelbrot_omp 0.175 0.375 -0.1 0.1 4096 4' (10 runs):

      23343.289397      task-clock (msec)         #    3.774 CPUs utilized            ( +-  0.67% )
                49      context-switches          #    0.002 K/sec                    ( +-  1.45% )
                 3      cpu-migrations            #    0.000 K/sec                  
                67      page-faults               #    0.003 K/sec                    ( +-  0.25% )
   <not supported>      cycles                   
   <not supported>      stalled-cycles-frontend  
   <not supported>      stalled-cycles-backend   
   <not supported>      instructions             
   <not supported>      branches                 
   <not supported>      branch-misses            

       6.184526733 seconds time elapsed                                          ( +-  1.37% )


 Performance counter stats for './mandelbrot_omp 0.175 0.375 -0.1 0.1 8192 4' (10 runs):

      95536.150483      task-clock (msec)         #    3.807 CPUs utilized            ( +-  0.79% )
               192      context-switches          #    0.002 K/sec                    ( +-  1.39% )
                 4      cpu-migrations            #    0.000 K/sec                    ( +- 10.23% )
                66      page-faults               #    0.001 K/sec                    ( +-  0.20% )
   <not supported>      cycles                   
   <not supported>      stalled-cycles-frontend  
   <not supported>      stalled-cycles-backend   
   <not supported>      instructions             
   <not supported>      branches                 
   <not supported>      branch-misses            

      25.096586534 seconds time elapsed                                          ( +-  0.96% )


 Performance counter stats for './mandelbrot_omp 0.175 0.375 -0.1 0.1 16 8' (10 runs):

          2.132459      task-clock (msec)         #    1.780 CPUs utilized            ( +-  2.53% )
                 0      context-switches          #    0.094 K/sec                    ( +- 66.67% )
                 7      cpu-migrations            #    0.003 M/sec                  
                75      page-faults               #    0.035 M/sec                    ( +-  0.24% )
   <not supported>      cycles                   
   <not supported>      stalled-cycles-frontend  
   <not supported>      stalled-cycles-backend   
   <not supported>      instructions             
   <not supported>      branches                 
   <not supported>      branch-misses            

       0.001197802 seconds time elapsed                                          ( +-  1.95% )


 Performance counter stats for './mandelbrot_omp 0.175 0.375 -0.1 0.1 32 8' (10 runs):

          3.699705      task-clock (msec)         #    2.654 CPUs utilized            ( +-  3.22% )
                 0      context-switches          #    0.000 K/sec                  
                 7      cpu-migrations            #    0.002 M/sec                  
                75      page-faults               #    0.020 M/sec                    ( +-  0.46% )
   <not supported>      cycles                   
   <not supported>      stalled-cycles-frontend  
   <not supported>      stalled-cycles-backend   
   <not supported>      instructions             
   <not supported>      branches                 
   <not supported>      branch-misses            

       0.001394206 seconds time elapsed                                          ( +-  2.50% )


 Performance counter stats for './mandelbrot_omp 0.175 0.375 -0.1 0.1 64 8' (10 runs):

          8.657604      task-clock (msec)         #    4.273 CPUs utilized            ( +-  2.41% )
                 0      context-switches          #    0.035 K/sec                    ( +- 50.92% )
                 7      cpu-migrations            #    0.809 K/sec                  
                75      page-faults               #    0.009 M/sec                    ( +-  0.27% )
   <not supported>      cycles                   
   <not supported>      stalled-cycles-frontend  
   <not supported>      stalled-cycles-backend   
   <not supported>      instructions             
   <not supported>      branches                 
   <not supported>      branch-misses            

       0.002026027 seconds time elapsed                                          ( +-  2.94% )


 Performance counter stats for './mandelbrot_omp 0.175 0.375 -0.1 0.1 128 8' (10 runs):

         26.748951      task-clock (msec)         #    6.117 CPUs utilized            ( +-  2.45% )
                 1      context-switches          #    0.037 K/sec                  
                 7      cpu-migrations            #    0.262 K/sec                  
                75      page-faults               #    0.003 M/sec                    ( +-  0.54% )
   <not supported>      cycles                   
   <not supported>      stalled-cycles-frontend  
   <not supported>      stalled-cycles-backend   
   <not supported>      instructions             
   <not supported>      branches                 
   <not supported>      branch-misses            

       0.004373143 seconds time elapsed                                          ( +-  2.07% )


 Performance counter stats for './mandelbrot_omp 0.175 0.375 -0.1 0.1 256 8' (10 runs):

        102.512871      task-clock (msec)         #    7.105 CPUs utilized            ( +-  5.42% )
                 6      context-switches          #    0.060 K/sec                    ( +- 23.11% )
                 7      cpu-migrations            #    0.068 K/sec                  
                75      page-faults               #    0.735 K/sec                    ( +-  0.35% )
   <not supported>      cycles                   
   <not supported>      stalled-cycles-frontend  
   <not supported>      stalled-cycles-backend   
   <not supported>      instructions             
   <not supported>      branches                 
   <not supported>      branch-misses            

       0.014427933 seconds time elapsed                                          ( +-  7.08% )


 Performance counter stats for './mandelbrot_omp 0.175 0.375 -0.1 0.1 512 8' (10 runs):

        385.569154      task-clock (msec)         #    7.514 CPUs utilized            ( +-  2.79% )
                16      context-switches          #    0.043 K/sec                    ( +-  6.95% )
                 7      cpu-migrations            #    0.019 K/sec                    ( +-  1.85% )
                75      page-faults               #    0.194 K/sec                    ( +-  0.46% )
   <not supported>      cycles                   
   <not supported>      stalled-cycles-frontend  
   <not supported>      stalled-cycles-backend   
   <not supported>      instructions             
   <not supported>      branches                 
   <not supported>      branch-misses            

       0.051312618 seconds time elapsed                                          ( +-  3.04% )


 Performance counter stats for './mandelbrot_omp 0.175 0.375 -0.1 0.1 1024 8' (10 runs):

       1772.096249      task-clock (msec)         #    7.645 CPUs utilized            ( +-  0.09% )
                34      context-switches          #    0.019 K/sec                    ( +-  6.70% )
                 7      cpu-migrations            #    0.004 K/sec                    ( +-  1.41% )
                75      page-faults               #    0.042 K/sec                    ( +-  0.43% )
   <not supported>      cycles                   
   <not supported>      stalled-cycles-frontend  
   <not supported>      stalled-cycles-backend   
   <not supported>      instructions             
   <not supported>      branches                 
   <not supported>      branch-misses            

       0.231785279 seconds time elapsed                                          ( +-  0.27% )


 Performance counter stats for './mandelbrot_omp 0.175 0.375 -0.1 0.1 2048 8' (10 runs):

       7030.314712      task-clock (msec)         #    7.671 CPUs utilized            ( +-  0.11% )
                44      context-switches          #    0.006 K/sec                    ( +-  3.73% )
                 7      cpu-migrations            #    0.001 K/sec                    ( +-  2.09% )
                75      page-faults               #    0.011 K/sec                    ( +-  0.35% )
   <not supported>      cycles                   
   <not supported>      stalled-cycles-frontend  
   <not supported>      stalled-cycles-backend   
   <not supported>      instructions             
   <not supported>      branches                 
   <not supported>      branch-misses            

       0.916453568 seconds time elapsed                                          ( +-  0.03% )


 Performance counter stats for './mandelbrot_omp 0.175 0.375 -0.1 0.1 4096 8' (10 runs):

      28038.467133      task-clock (msec)         #    7.618 CPUs utilized            ( +-  0.23% )
                88      context-switches          #    0.003 K/sec                    ( +-  2.26% )
                 7      cpu-migrations            #    0.000 K/sec                  
                75      page-faults               #    0.003 K/sec                    ( +-  0.29% )
   <not supported>      cycles                   
   <not supported>      stalled-cycles-frontend  
   <not supported>      stalled-cycles-backend   
   <not supported>      instructions             
   <not supported>      branches                 
   <not supported>      branch-misses            

       3.680585844 seconds time elapsed                                          ( +-  0.52% )


 Performance counter stats for './mandelbrot_omp 0.175 0.375 -0.1 0.1 8192 8' (10 runs):

     111987.952828      task-clock (msec)         #    7.648 CPUs utilized            ( +-  0.10% )
               273      context-switches          #    0.002 K/sec                    ( +-  2.44% )
                 8      cpu-migrations            #    0.000 K/sec                    ( +-  6.62% )
                75      page-faults               #    0.001 K/sec                    ( +-  0.41% )
   <not supported>      cycles                   
   <not supported>      stalled-cycles-frontend  
   <not supported>      stalled-cycles-backend   
   <not supported>      instructions             
   <not supported>      branches                 
   <not supported>      branch-misses            

      14.643520684 seconds time elapsed                                          ( +-  0.10% )


 Performance counter stats for './mandelbrot_omp 0.175 0.375 -0.1 0.1 16 16' (10 runs):

          1.437740      task-clock (msec)         #    1.211 CPUs utilized            ( +-  2.02% )
                48      context-switches          #    0.033 M/sec                    ( +-  0.55% )
                28      cpu-migrations            #    0.020 M/sec                    ( +-  3.73% )
                92      page-faults               #    0.064 M/sec                    ( +-  0.38% )
   <not supported>      cycles                   
   <not supported>      stalled-cycles-frontend  
   <not supported>      stalled-cycles-backend   
   <not supported>      instructions             
   <not supported>      branches                 
   <not supported>      branch-misses            

       0.001187581 seconds time elapsed                                          ( +-  1.11% )


 Performance counter stats for './mandelbrot_omp 0.175 0.375 -0.1 0.1 32 16' (10 runs):

          2.576802      task-clock (msec)         #    1.432 CPUs utilized            ( +-  0.80% )
                48      context-switches          #    0.019 M/sec                    ( +-  0.32% )
                27      cpu-migrations            #    0.011 M/sec                    ( +-  2.25% )
                92      page-faults               #    0.036 M/sec                    ( +-  0.23% )
   <not supported>      cycles                   
   <not supported>      stalled-cycles-frontend  
   <not supported>      stalled-cycles-backend   
   <not supported>      instructions             
   <not supported>      branches                 
   <not supported>      branch-misses            

       0.001799544 seconds time elapsed                                          ( +-  1.32% )


 Performance counter stats for './mandelbrot_omp 0.175 0.375 -0.1 0.1 64 16' (10 runs):

          7.608946      task-clock (msec)         #    2.601 CPUs utilized            ( +-  1.41% )
                48      context-switches          #    0.006 M/sec                    ( +-  0.77% )
                32      cpu-migrations            #    0.004 M/sec                    ( +-  3.55% )
                92      page-faults               #    0.012 M/sec                    ( +-  0.19% )
   <not supported>      cycles                   
   <not supported>      stalled-cycles-frontend  
   <not supported>      stalled-cycles-backend   
   <not supported>      instructions             
   <not supported>      branches                 
   <not supported>      branch-misses            

       0.002925940 seconds time elapsed                                          ( +-  5.62% )


 Performance counter stats for './mandelbrot_omp 0.175 0.375 -0.1 0.1 128 16' (10 runs):

         27.337422      task-clock (msec)         #    3.945 CPUs utilized            ( +-  1.08% )
                47      context-switches          #    0.002 M/sec                    ( +-  0.50% )
                35      cpu-migrations            #    0.001 M/sec                    ( +-  3.19% )
                92      page-faults               #    0.003 M/sec                    ( +-  0.36% )
   <not supported>      cycles                   
   <not supported>      stalled-cycles-frontend  
   <not supported>      stalled-cycles-backend   
   <not supported>      instructions             
   <not supported>      branches                 
   <not supported>      branch-misses            

       0.006929836 seconds time elapsed                                          ( +-  4.44% )


 Performance counter stats for './mandelbrot_omp 0.175 0.375 -0.1 0.1 256 16' (10 runs):

        110.854727      task-clock (msec)         #    5.651 CPUs utilized            ( +-  1.01% )
                49      context-switches          #    0.446 K/sec                    ( +-  1.01% )
                36      cpu-migrations            #    0.321 K/sec                    ( +-  3.77% )
                92      page-faults               #    0.834 K/sec                    ( +-  0.33% )
   <not supported>      cycles                   
   <not supported>      stalled-cycles-frontend  
   <not supported>      stalled-cycles-backend   
   <not supported>      instructions             
   <not supported>      branches                 
   <not supported>      branch-misses            

       0.019616402 seconds time elapsed                                          ( +-  2.67% )


 Performance counter stats for './mandelbrot_omp 0.175 0.375 -0.1 0.1 512 16' (10 runs):

        441.478063      task-clock (msec)         #    6.742 CPUs utilized            ( +-  0.15% )
                63      context-switches          #    0.142 K/sec                    ( +-  1.36% )
                38      cpu-migrations            #    0.087 K/sec                    ( +-  1.82% )
                92      page-faults               #    0.207 K/sec                    ( +-  0.29% )
   <not supported>      cycles                   
   <not supported>      stalled-cycles-frontend  
   <not supported>      stalled-cycles-backend   
   <not supported>      instructions             
   <not supported>      branches                 
   <not supported>      branch-misses            

       0.065485802 seconds time elapsed                                          ( +-  1.47% )


 Performance counter stats for './mandelbrot_omp 0.175 0.375 -0.1 0.1 1024 16' (10 runs):

       1771.066418      task-clock (msec)         #    7.367 CPUs utilized            ( +-  0.20% )
               118      context-switches          #    0.067 K/sec                    ( +-  2.68% )
                43      cpu-migrations            #    0.024 K/sec                    ( +-  1.65% )
                92      page-faults               #    0.052 K/sec                    ( +-  0.24% )
   <not supported>      cycles                   
   <not supported>      stalled-cycles-frontend  
   <not supported>      stalled-cycles-backend   
   <not supported>      instructions             
   <not supported>      branches                 
   <not supported>      branch-misses            

       0.240419783 seconds time elapsed                                          ( +-  0.76% )


 Performance counter stats for './mandelbrot_omp 0.175 0.375 -0.1 0.1 2048 16' (10 runs):

       7109.874810      task-clock (msec)         #    7.632 CPUs utilized            ( +-  0.08% )
               367      context-switches          #    0.052 K/sec                    ( +-  2.51% )
                53      cpu-migrations            #    0.007 K/sec                    ( +-  4.17% )
                92      page-faults               #    0.013 K/sec                    ( +-  0.47% )
   <not supported>      cycles                   
   <not supported>      stalled-cycles-frontend  
   <not supported>      stalled-cycles-backend   
   <not supported>      instructions             
   <not supported>      branches                 
   <not supported>      branch-misses            

       0.931552843 seconds time elapsed                                          ( +-  0.49% )


 Performance counter stats for './mandelbrot_omp 0.175 0.375 -0.1 0.1 4096 16' (10 runs):

      28560.920563      task-clock (msec)         #    7.856 CPUs utilized            ( +-  0.04% )
             1,681      context-switches          #    0.059 K/sec                    ( +-  1.20% )
                60      cpu-migrations            #    0.002 K/sec                    ( +-  5.35% )
                92      page-faults               #    0.003 K/sec                    ( +-  0.16% )
   <not supported>      cycles                   
   <not supported>      stalled-cycles-frontend  
   <not supported>      stalled-cycles-backend   
   <not supported>      instructions             
   <not supported>      branches                 
   <not supported>      branch-misses            

       3.635784150 seconds time elapsed                                          ( +-  0.14% )


 Performance counter stats for './mandelbrot_omp 0.175 0.375 -0.1 0.1 8192 16' (10 runs):

     114409.706414      task-clock (msec)         #    7.924 CPUs utilized            ( +-  0.04% )
             7,003      context-switches          #    0.061 K/sec                    ( +-  0.23% )
                81      cpu-migrations            #    0.001 K/sec                    ( +-  4.35% )
                92      page-faults               #    0.001 K/sec                    ( +-  0.34% )
   <not supported>      cycles                   
   <not supported>      stalled-cycles-frontend  
   <not supported>      stalled-cycles-backend   
   <not supported>      instructions             
   <not supported>      branches                 
   <not supported>      branch-misses            

      14.438719489 seconds time elapsed                                          ( +-  0.20% )


 Performance counter stats for './mandelbrot_omp 0.175 0.375 -0.1 0.1 16 32' (10 runs):

          2.079408      task-clock (msec)         #    1.313 CPUs utilized            ( +-  2.61% )
                94      context-switches          #    0.045 M/sec                    ( +-  0.91% )
                53      cpu-migrations            #    0.025 M/sec                    ( +-  2.12% )
               126      page-faults               #    0.060 M/sec                    ( +-  0.29% )
   <not supported>      cycles                   
   <not supported>      stalled-cycles-frontend  
   <not supported>      stalled-cycles-backend   
   <not supported>      instructions             
   <not supported>      branches                 
   <not supported>      branch-misses            

       0.001584106 seconds time elapsed                                          ( +-  1.57% )


 Performance counter stats for './mandelbrot_omp 0.175 0.375 -0.1 0.1 32 32' (10 runs):

          3.222169      task-clock (msec)         #    1.370 CPUs utilized            ( +-  1.50% )
                96      context-switches          #    0.030 M/sec                    ( +-  0.74% )
                57      cpu-migrations            #    0.018 M/sec                    ( +-  1.18% )
               127      page-faults               #    0.039 M/sec                    ( +-  0.17% )
   <not supported>      cycles                   
   <not supported>      stalled-cycles-frontend  
   <not supported>      stalled-cycles-backend   
   <not supported>      instructions             
   <not supported>      branches                 
   <not supported>      branch-misses            

       0.002352169 seconds time elapsed                                          ( +-  2.36% )


 Performance counter stats for './mandelbrot_omp 0.175 0.375 -0.1 0.1 64 32' (10 runs):

          7.911918      task-clock (msec)         #    2.332 CPUs utilized            ( +-  0.97% )
                92      context-switches          #    0.012 M/sec                    ( +-  1.97% )
                64      cpu-migrations            #    0.008 M/sec                    ( +-  5.60% )
               127      page-faults               #    0.016 M/sec                    ( +-  0.21% )
   <not supported>      cycles                   
   <not supported>      stalled-cycles-frontend  
   <not supported>      stalled-cycles-backend   
   <not supported>      instructions             
   <not supported>      branches                 
   <not supported>      branch-misses            

       0.003392503 seconds time elapsed                                          ( +-  6.29% )


 Performance counter stats for './mandelbrot_omp 0.175 0.375 -0.1 0.1 128 32' (10 runs):

         28.571104      task-clock (msec)         #    3.921 CPUs utilized            ( +-  2.77% )
                85      context-switches          #    0.003 M/sec                    ( +-  2.60% )
                74      cpu-migrations            #    0.003 M/sec                    ( +-  8.15% )
               127      page-faults               #    0.004 M/sec                    ( +-  0.24% )
   <not supported>      cycles                   
   <not supported>      stalled-cycles-frontend  
   <not supported>      stalled-cycles-backend   
   <not supported>      instructions             
   <not supported>      branches                 
   <not supported>      branch-misses            

       0.007287106 seconds time elapsed                                          ( +-  3.88% )


 Performance counter stats for './mandelbrot_omp 0.175 0.375 -0.1 0.1 256 32' (10 runs):

        108.720518      task-clock (msec)         #    5.483 CPUs utilized            ( +-  1.54% )
                88      context-switches          #    0.812 K/sec                    ( +-  2.33% )
                74      cpu-migrations            #    0.684 K/sec                    ( +-  2.32% )
               126      page-faults               #    0.001 M/sec                    ( +-  0.28% )
   <not supported>      cycles                   
   <not supported>      stalled-cycles-frontend  
   <not supported>      stalled-cycles-backend   
   <not supported>      instructions             
   <not supported>      branches                 
   <not supported>      branch-misses            

       0.019829237 seconds time elapsed                                          ( +-  5.34% )


 Performance counter stats for './mandelbrot_omp 0.175 0.375 -0.1 0.1 512 32' (10 runs):

        455.036378      task-clock (msec)         #    6.995 CPUs utilized            ( +-  1.04% )
               117      context-switches          #    0.258 K/sec                    ( +-  1.55% )
                90      cpu-migrations            #    0.197 K/sec                    ( +-  2.63% )
               126      page-faults               #    0.278 K/sec                    ( +-  0.32% )
   <not supported>      cycles                   
   <not supported>      stalled-cycles-frontend  
   <not supported>      stalled-cycles-backend   
   <not supported>      instructions             
   <not supported>      branches                 
   <not supported>      branch-misses            

       0.065048994 seconds time elapsed                                          ( +-  1.85% )


 Performance counter stats for './mandelbrot_omp 0.175 0.375 -0.1 0.1 1024 32' (10 runs):

       1801.688189      task-clock (msec)         #    7.717 CPUs utilized            ( +-  0.05% )
               230      context-switches          #    0.128 K/sec                    ( +-  1.25% )
                96      cpu-migrations            #    0.053 K/sec                    ( +-  2.26% )
               126      page-faults               #    0.070 K/sec                    ( +-  0.16% )
   <not supported>      cycles                   
   <not supported>      stalled-cycles-frontend  
   <not supported>      stalled-cycles-backend   
   <not supported>      instructions             
   <not supported>      branches                 
   <not supported>      branch-misses            

       0.233459850 seconds time elapsed                                          ( +-  0.38% )


 Performance counter stats for './mandelbrot_omp 0.175 0.375 -0.1 0.1 2048 32' (10 runs):

       7209.201949      task-clock (msec)         #    7.871 CPUs utilized            ( +-  0.03% )
               754      context-switches          #    0.105 K/sec                    ( +-  1.81% )
               115      cpu-migrations            #    0.016 K/sec                    ( +-  2.88% )
               126      page-faults               #    0.018 K/sec                    ( +-  0.13% )
   <not supported>      cycles                   
   <not supported>      stalled-cycles-frontend  
   <not supported>      stalled-cycles-backend   
   <not supported>      instructions             
   <not supported>      branches                 
   <not supported>      branch-misses            

       0.915904066 seconds time elapsed                                          ( +-  0.14% )


 Performance counter stats for './mandelbrot_omp 0.175 0.375 -0.1 0.1 4096 32' (10 runs):

      28875.023411      task-clock (msec)         #    7.933 CPUs utilized            ( +-  0.03% )
             3,250      context-switches          #    0.113 K/sec                    ( +-  0.96% )
               156      cpu-migrations            #    0.005 K/sec                    ( +-  4.00% )
               126      page-faults               #    0.004 K/sec                    ( +-  0.29% )
   <not supported>      cycles                   
   <not supported>      stalled-cycles-frontend  
   <not supported>      stalled-cycles-backend   
   <not supported>      instructions             
   <not supported>      branches                 
   <not supported>      branch-misses            

       3.639981357 seconds time elapsed                                          ( +-  0.09% )


 Performance counter stats for './mandelbrot_omp 0.175 0.375 -0.1 0.1 8192 32' (10 runs):

     115482.582369      task-clock (msec)         #    7.976 CPUs utilized            ( +-  0.02% )
            14,050      context-switches          #    0.122 K/sec                    ( +-  0.19% )
               161      cpu-migrations            #    0.001 K/sec                    ( +-  3.22% )
               126      page-faults               #    0.001 K/sec                    ( +-  0.31% )
   <not supported>      cycles                   
   <not supported>      stalled-cycles-frontend  
   <not supported>      stalled-cycles-backend   
   <not supported>      instructions             
   <not supported>      branches                 
   <not supported>      branch-misses            

      14.478744718 seconds time elapsed                                          ( +-  0.04% )

