
 Performance counter stats for './mandelbrot_omp -2.5 1.5 -2.0 2.0 16 1' (10 runs):

          0.392958      task-clock (msec)         #    0.150 CPUs utilized            ( +-  4.49% )
                 0      context-switches          #    0.254 K/sec                    ( +-100.00% )
                 0      cpu-migrations            #    0.000 K/sec                  
                60      page-faults               #    0.153 M/sec                    ( +-  0.58% )
   <not supported>      cycles                   
   <not supported>      stalled-cycles-frontend  
   <not supported>      stalled-cycles-backend   
   <not supported>      instructions             
   <not supported>      branches                 
   <not supported>      branch-misses            

       0.002627748 seconds time elapsed                                          ( +- 77.72% )


 Performance counter stats for './mandelbrot_omp -2.5 1.5 -2.0 2.0 32 1' (10 runs):

          0.540172      task-clock (msec)         #    0.714 CPUs utilized            ( +-  0.47% )
                 0      context-switches          #    0.000 K/sec                  
                 0      cpu-migrations            #    0.000 K/sec                  
                60      page-faults               #    0.112 M/sec                    ( +-  0.25% )
   <not supported>      cycles                   
   <not supported>      stalled-cycles-frontend  
   <not supported>      stalled-cycles-backend   
   <not supported>      instructions             
   <not supported>      branches                 
   <not supported>      branch-misses            

       0.000756559 seconds time elapsed                                          ( +-  0.81% )


 Performance counter stats for './mandelbrot_omp -2.5 1.5 -2.0 2.0 64 1' (10 runs):

          1.170541      task-clock (msec)         #    0.846 CPUs utilized            ( +-  0.18% )
                 0      context-switches          #    0.000 K/sec                  
                 0      cpu-migrations            #    0.000 K/sec                  
                60      page-faults               #    0.051 M/sec                    ( +-  0.43% )
   <not supported>      cycles                   
   <not supported>      stalled-cycles-frontend  
   <not supported>      stalled-cycles-backend   
   <not supported>      instructions             
   <not supported>      branches                 
   <not supported>      branch-misses            

       0.001383623 seconds time elapsed                                          ( +-  0.29% )


 Performance counter stats for './mandelbrot_omp -2.5 1.5 -2.0 2.0 128 1' (10 runs):

          3.622603      task-clock (msec)         #    0.937 CPUs utilized            ( +-  0.13% )
                 0      context-switches          #    0.000 K/sec                  
                 0      cpu-migrations            #    0.000 K/sec                  
                60      page-faults               #    0.016 M/sec                    ( +-  0.50% )
   <not supported>      cycles                   
   <not supported>      stalled-cycles-frontend  
   <not supported>      stalled-cycles-backend   
   <not supported>      instructions             
   <not supported>      branches                 
   <not supported>      branch-misses            

       0.003864689 seconds time elapsed                                          ( +-  0.22% )


 Performance counter stats for './mandelbrot_omp -2.5 1.5 -2.0 2.0 256 1' (10 runs):

         13.487688      task-clock (msec)         #    0.979 CPUs utilized            ( +-  0.11% )
                 0      context-switches          #    0.007 K/sec                    ( +-100.00% )
                 0      cpu-migrations            #    0.000 K/sec                  
                60      page-faults               #    0.004 M/sec                    ( +-  0.33% )
   <not supported>      cycles                   
   <not supported>      stalled-cycles-frontend  
   <not supported>      stalled-cycles-backend   
   <not supported>      instructions             
   <not supported>      branches                 
   <not supported>      branch-misses            

       0.013782734 seconds time elapsed                                          ( +-  0.12% )


 Performance counter stats for './mandelbrot_omp -2.5 1.5 -2.0 2.0 512 1' (10 runs):

         52.431401      task-clock (msec)         #    0.994 CPUs utilized            ( +-  0.06% )
                 0      context-switches          #    0.004 K/sec                    ( +-100.00% )
                 0      cpu-migrations            #    0.000 K/sec                  
                60      page-faults               #    0.001 M/sec                    ( +-  0.65% )
   <not supported>      cycles                   
   <not supported>      stalled-cycles-frontend  
   <not supported>      stalled-cycles-backend   
   <not supported>      instructions             
   <not supported>      branches                 
   <not supported>      branch-misses            

       0.052733042 seconds time elapsed                                          ( +-  0.06% )


 Performance counter stats for './mandelbrot_omp -2.5 1.5 -2.0 2.0 1024 1' (10 runs):

        207.540120      task-clock (msec)         #    0.999 CPUs utilized            ( +-  0.04% )
                 0      context-switches          #    0.001 K/sec                    ( +- 71.15% )
                 0      cpu-migrations            #    0.000 K/sec                  
                60      page-faults               #    0.287 K/sec                    ( +-  0.57% )
   <not supported>      cycles                   
   <not supported>      stalled-cycles-frontend  
   <not supported>      stalled-cycles-backend   
   <not supported>      instructions             
   <not supported>      branches                 
   <not supported>      branch-misses            

       0.207851353 seconds time elapsed                                          ( +-  0.04% )


 Performance counter stats for './mandelbrot_omp -2.5 1.5 -2.0 2.0 2048 1' (10 runs):

        828.565559      task-clock (msec)         #    1.000 CPUs utilized            ( +-  0.16% )
                 2      context-switches          #    0.002 K/sec                    ( +- 16.67% )
                 0      cpu-migrations            #    0.000 K/sec                  
                60      page-faults               #    0.072 K/sec                    ( +-  0.63% )
   <not supported>      cycles                   
   <not supported>      stalled-cycles-frontend  
   <not supported>      stalled-cycles-backend   
   <not supported>      instructions             
   <not supported>      branches                 
   <not supported>      branch-misses            

       0.828911235 seconds time elapsed                                          ( +-  0.16% )


 Performance counter stats for './mandelbrot_omp -2.5 1.5 -2.0 2.0 4096 1' (10 runs):

       3303.928057      task-clock (msec)         #    1.000 CPUs utilized            ( +-  0.02% )
                 6      context-switches          #    0.002 K/sec                    ( +-  5.88% )
                 0      cpu-migrations            #    0.000 K/sec                  
                60      page-faults               #    0.018 K/sec                    ( +-  0.30% )
   <not supported>      cycles                   
   <not supported>      stalled-cycles-frontend  
   <not supported>      stalled-cycles-backend   
   <not supported>      instructions             
   <not supported>      branches                 
   <not supported>      branch-misses            

       3.304331030 seconds time elapsed                                          ( +-  0.02% )


 Performance counter stats for './mandelbrot_omp -2.5 1.5 -2.0 2.0 8192 1' (10 runs):

      13251.340780      task-clock (msec)         #    1.000 CPUs utilized            ( +-  0.14% )
                23      context-switches          #    0.002 K/sec                    ( +-  1.25% )
                 0      cpu-migrations            #    0.000 K/sec                  
                60      page-faults               #    0.005 K/sec                    ( +-  0.42% )
   <not supported>      cycles                   
   <not supported>      stalled-cycles-frontend  
   <not supported>      stalled-cycles-backend   
   <not supported>      instructions             
   <not supported>      branches                 
   <not supported>      branch-misses            

      13.252014911 seconds time elapsed                                          ( +-  0.14% )


 Performance counter stats for './mandelbrot_omp -2.5 1.5 -2.0 2.0 16 2' (10 runs):

          0.495404      task-clock (msec)         #    0.767 CPUs utilized            ( +-  1.12% )
                 0      context-switches          #    0.000 K/sec                  
                 1      cpu-migrations            #    0.002 M/sec                  
                62      page-faults               #    0.126 M/sec                    ( +-  0.35% )
   <not supported>      cycles                   
   <not supported>      stalled-cycles-frontend  
   <not supported>      stalled-cycles-backend   
   <not supported>      instructions             
   <not supported>      branches                 
   <not supported>      branch-misses            

       0.000646243 seconds time elapsed                                          ( +-  1.91% )


 Performance counter stats for './mandelbrot_omp -2.5 1.5 -2.0 2.0 32 2' (10 runs):

          0.747884      task-clock (msec)         #    0.947 CPUs utilized            ( +-  0.90% )
                 0      context-switches          #    0.000 K/sec                  
                 1      cpu-migrations            #    0.001 M/sec                  
                62      page-faults               #    0.083 M/sec                    ( +-  0.24% )
   <not supported>      cycles                   
   <not supported>      stalled-cycles-frontend  
   <not supported>      stalled-cycles-backend   
   <not supported>      instructions             
   <not supported>      branches                 
   <not supported>      branch-misses            

       0.000789829 seconds time elapsed                                          ( +-  1.15% )


 Performance counter stats for './mandelbrot_omp -2.5 1.5 -2.0 2.0 64 2' (10 runs):

          1.292105      task-clock (msec)         #    1.224 CPUs utilized            ( +-  0.65% )
                 0      context-switches          #    0.077 K/sec                    ( +-100.00% )
                 1      cpu-migrations            #    0.774 K/sec                  
                62      page-faults               #    0.048 M/sec                    ( +-  0.51% )
   <not supported>      cycles                   
   <not supported>      stalled-cycles-frontend  
   <not supported>      stalled-cycles-backend   
   <not supported>      instructions             
   <not supported>      branches                 
   <not supported>      branch-misses            

       0.001055556 seconds time elapsed                                          ( +-  0.82% )


 Performance counter stats for './mandelbrot_omp -2.5 1.5 -2.0 2.0 128 2' (10 runs):

          3.899644      task-clock (msec)         #    1.644 CPUs utilized            ( +-  0.23% )
                 0      context-switches          #    0.000 K/sec                  
                 1      cpu-migrations            #    0.256 K/sec                  
                62      page-faults               #    0.016 M/sec                    ( +-  0.35% )
   <not supported>      cycles                   
   <not supported>      stalled-cycles-frontend  
   <not supported>      stalled-cycles-backend   
   <not supported>      instructions             
   <not supported>      branches                 
   <not supported>      branch-misses            

       0.002372666 seconds time elapsed                                          ( +-  0.54% )


 Performance counter stats for './mandelbrot_omp -2.5 1.5 -2.0 2.0 256 2' (10 runs):

         15.196621      task-clock (msec)         #    1.767 CPUs utilized            ( +-  8.61% )
                 0      context-switches          #    0.007 K/sec                    ( +-100.00% )
                 1      cpu-migrations            #    0.066 K/sec                  
                62      page-faults               #    0.004 M/sec                    ( +-  0.38% )
   <not supported>      cycles                   
   <not supported>      stalled-cycles-frontend  
   <not supported>      stalled-cycles-backend   
   <not supported>      instructions             
   <not supported>      branches                 
   <not supported>      branch-misses            

       0.008602326 seconds time elapsed                                          ( +- 13.80% )


 Performance counter stats for './mandelbrot_omp -2.5 1.5 -2.0 2.0 512 2' (10 runs):

         52.636890      task-clock (msec)         #    1.961 CPUs utilized            ( +-  0.12% )
                 0      context-switches          #    0.006 K/sec                    ( +-100.00% )
                 1      cpu-migrations            #    0.019 K/sec                  
                62      page-faults               #    0.001 M/sec                    ( +-  0.38% )
   <not supported>      cycles                   
   <not supported>      stalled-cycles-frontend  
   <not supported>      stalled-cycles-backend   
   <not supported>      instructions             
   <not supported>      branches                 
   <not supported>      branch-misses            

       0.026836897 seconds time elapsed                                          ( +-  0.13% )


 Performance counter stats for './mandelbrot_omp -2.5 1.5 -2.0 2.0 1024 2' (10 runs):

        208.800663      task-clock (msec)         #    1.989 CPUs utilized            ( +-  0.02% )
                 1      context-switches          #    0.003 K/sec                    ( +- 44.44% )
                 1      cpu-migrations            #    0.005 K/sec                  
                62      page-faults               #    0.299 K/sec                    ( +-  0.27% )
   <not supported>      cycles                   
   <not supported>      stalled-cycles-frontend  
   <not supported>      stalled-cycles-backend   
   <not supported>      instructions             
   <not supported>      branches                 
   <not supported>      branch-misses            

       0.104976353 seconds time elapsed                                          ( +-  0.02% )


 Performance counter stats for './mandelbrot_omp -2.5 1.5 -2.0 2.0 2048 2' (10 runs):

        828.334245      task-clock (msec)         #    1.997 CPUs utilized            ( +-  0.06% )
                 2      context-switches          #    0.003 K/sec                    ( +- 19.38% )
                 1      cpu-migrations            #    0.001 K/sec                  
                62      page-faults               #    0.075 K/sec                    ( +-  0.38% )
   <not supported>      cycles                   
   <not supported>      stalled-cycles-frontend  
   <not supported>      stalled-cycles-backend   
   <not supported>      instructions             
   <not supported>      branches                 
   <not supported>      branch-misses            

       0.414765437 seconds time elapsed                                          ( +-  0.06% )


 Performance counter stats for './mandelbrot_omp -2.5 1.5 -2.0 2.0 4096 2' (10 runs):

       3310.837600      task-clock (msec)         #    1.996 CPUs utilized            ( +-  0.15% )
                 8      context-switches          #    0.002 K/sec                    ( +-  6.72% )
                 1      cpu-migrations            #    0.000 K/sec                  
                62      page-faults               #    0.019 K/sec                    ( +-  0.45% )
   <not supported>      cycles                   
   <not supported>      stalled-cycles-frontend  
   <not supported>      stalled-cycles-backend   
   <not supported>      instructions             
   <not supported>      branches                 
   <not supported>      branch-misses            

       1.658580650 seconds time elapsed                                          ( +-  0.29% )


 Performance counter stats for './mandelbrot_omp -2.5 1.5 -2.0 2.0 8192 2' (10 runs):

      13215.749222      task-clock (msec)         #    1.998 CPUs utilized            ( +-  0.06% )
                30      context-switches          #    0.002 K/sec                    ( +-  1.83% )
                 1      cpu-migrations            #    0.000 K/sec                  
                63      page-faults               #    0.005 K/sec                    ( +-  0.26% )
   <not supported>      cycles                   
   <not supported>      stalled-cycles-frontend  
   <not supported>      stalled-cycles-backend   
   <not supported>      instructions             
   <not supported>      branches                 
   <not supported>      branch-misses            

       6.612955758 seconds time elapsed                                          ( +-  0.11% )


 Performance counter stats for './mandelbrot_omp -2.5 1.5 -2.0 2.0 16 4' (10 runs):

          0.663150      task-clock (msec)         #    0.971 CPUs utilized            ( +-  2.75% )
                 0      context-switches          #    0.000 K/sec                  
                 3      cpu-migrations            #    0.005 M/sec                  
                66      page-faults               #    0.100 M/sec                    ( +-  0.44% )
   <not supported>      cycles                   
   <not supported>      stalled-cycles-frontend  
   <not supported>      stalled-cycles-backend   
   <not supported>      instructions             
   <not supported>      branches                 
   <not supported>      branch-misses            

       0.000683278 seconds time elapsed                                          ( +-  1.48% )


 Performance counter stats for './mandelbrot_omp -2.5 1.5 -2.0 2.0 32 4' (10 runs):

          1.111641      task-clock (msec)         #    1.452 CPUs utilized            ( +-  0.78% )
                 0      context-switches          #    0.000 K/sec                  
                 3      cpu-migrations            #    0.003 M/sec                  
                66      page-faults               #    0.060 M/sec                    ( +-  0.25% )
   <not supported>      cycles                   
   <not supported>      stalled-cycles-frontend  
   <not supported>      stalled-cycles-backend   
   <not supported>      instructions             
   <not supported>      branches                 
   <not supported>      branch-misses            

       0.000765514 seconds time elapsed                                          ( +-  1.00% )


 Performance counter stats for './mandelbrot_omp -2.5 1.5 -2.0 2.0 64 4' (10 runs):

          1.927155      task-clock (msec)         #    1.925 CPUs utilized            ( +-  0.52% )
                 0      context-switches          #    0.104 K/sec                    ( +- 66.67% )
                 3      cpu-migrations            #    0.002 M/sec                  
                66      page-faults               #    0.034 M/sec                    ( +-  0.50% )
   <not supported>      cycles                   
   <not supported>      stalled-cycles-frontend  
   <not supported>      stalled-cycles-backend   
   <not supported>      instructions             
   <not supported>      branches                 
   <not supported>      branch-misses            

       0.001000893 seconds time elapsed                                          ( +-  0.86% )


 Performance counter stats for './mandelbrot_omp -2.5 1.5 -2.0 2.0 128 4' (10 runs):

          4.610556      task-clock (msec)         #    2.736 CPUs utilized            ( +-  0.13% )
                 0      context-switches          #    0.000 K/sec                  
                 3      cpu-migrations            #    0.651 K/sec                  
                66      page-faults               #    0.014 M/sec                    ( +-  0.59% )
   <not supported>      cycles                   
   <not supported>      stalled-cycles-frontend  
   <not supported>      stalled-cycles-backend   
   <not supported>      instructions             
   <not supported>      branches                 
   <not supported>      branch-misses            

       0.001685000 seconds time elapsed                                          ( +-  0.71% )


 Performance counter stats for './mandelbrot_omp -2.5 1.5 -2.0 2.0 256 4' (10 runs):

         14.779832      task-clock (msec)         #    3.519 CPUs utilized            ( +-  0.24% )
                 0      context-switches          #    0.000 K/sec                  
                 3      cpu-migrations            #    0.203 K/sec                  
                66      page-faults               #    0.004 M/sec                    ( +-  0.45% )
   <not supported>      cycles                   
   <not supported>      stalled-cycles-frontend  
   <not supported>      stalled-cycles-backend   
   <not supported>      instructions             
   <not supported>      branches                 
   <not supported>      branch-misses            

       0.004200220 seconds time elapsed                                          ( +-  0.25% )


 Performance counter stats for './mandelbrot_omp -2.5 1.5 -2.0 2.0 512 4' (10 runs):

         54.901228      task-clock (msec)         #    3.848 CPUs utilized            ( +-  0.08% )
                 0      context-switches          #    0.002 K/sec                    ( +-100.00% )
                 3      cpu-migrations            #    0.055 K/sec                  
                66      page-faults               #    0.001 M/sec                    ( +-  0.30% )
   <not supported>      cycles                   
   <not supported>      stalled-cycles-frontend  
   <not supported>      stalled-cycles-backend   
   <not supported>      instructions             
   <not supported>      branches                 
   <not supported>      branch-misses            

       0.014267603 seconds time elapsed                                          ( +-  0.09% )


 Performance counter stats for './mandelbrot_omp -2.5 1.5 -2.0 2.0 1024 4' (10 runs):

        215.992945      task-clock (msec)         #    3.861 CPUs utilized            ( +-  0.35% )
                 3      context-switches          #    0.013 K/sec                    ( +- 11.66% )
                 3      cpu-migrations            #    0.014 K/sec                    ( +-  3.23% )
                66      page-faults               #    0.307 K/sec                    ( +-  0.51% )
   <not supported>      cycles                   
   <not supported>      stalled-cycles-frontend  
   <not supported>      stalled-cycles-backend   
   <not supported>      instructions             
   <not supported>      branches                 
   <not supported>      branch-misses            

       0.055939584 seconds time elapsed                                          ( +-  0.65% )


 Performance counter stats for './mandelbrot_omp -2.5 1.5 -2.0 2.0 2048 4' (10 runs):

        832.788223      task-clock (msec)         #    3.981 CPUs utilized            ( +-  0.07% )
                 3      context-switches          #    0.004 K/sec                    ( +- 29.43% )
                 3      cpu-migrations            #    0.004 K/sec                  
                66      page-faults               #    0.079 K/sec                    ( +-  0.23% )
   <not supported>      cycles                   
   <not supported>      stalled-cycles-frontend  
   <not supported>      stalled-cycles-backend   
   <not supported>      instructions             
   <not supported>      branches                 
   <not supported>      branch-misses            

       0.209170983 seconds time elapsed                                          ( +-  0.16% )


 Performance counter stats for './mandelbrot_omp -2.5 1.5 -2.0 2.0 4096 4' (10 runs):

       3318.366277      task-clock (msec)         #    3.971 CPUs utilized            ( +-  0.14% )
                 8      context-switches          #    0.002 K/sec                    ( +- 11.39% )
                 3      cpu-migrations            #    0.001 K/sec                  
                66      page-faults               #    0.020 K/sec                    ( +-  0.30% )
   <not supported>      cycles                   
   <not supported>      stalled-cycles-frontend  
   <not supported>      stalled-cycles-backend   
   <not supported>      instructions             
   <not supported>      branches                 
   <not supported>      branch-misses            

       0.835624374 seconds time elapsed                                          ( +-  0.48% )


 Performance counter stats for './mandelbrot_omp -2.5 1.5 -2.0 2.0 8192 4' (10 runs):

      13272.872799      task-clock (msec)         #    3.969 CPUs utilized            ( +-  0.10% )
                29      context-switches          #    0.002 K/sec                    ( +-  4.73% )
                 3      cpu-migrations            #    0.000 K/sec                  
                66      page-faults               #    0.005 K/sec                    ( +-  0.25% )
   <not supported>      cycles                   
   <not supported>      stalled-cycles-frontend  
   <not supported>      stalled-cycles-backend   
   <not supported>      instructions             
   <not supported>      branches                 
   <not supported>      branch-misses            

       3.344545865 seconds time elapsed                                          ( +-  0.29% )


 Performance counter stats for './mandelbrot_omp -2.5 1.5 -2.0 2.0 16 8' (10 runs):

          1.321519      task-clock (msec)         #    1.594 CPUs utilized            ( +-  0.99% )
                 0      context-switches          #    0.000 K/sec                  
                 7      cpu-migrations            #    0.005 M/sec                  
                75      page-faults               #    0.057 M/sec                    ( +-  0.42% )
   <not supported>      cycles                   
   <not supported>      stalled-cycles-frontend  
   <not supported>      stalled-cycles-backend   
   <not supported>      instructions             
   <not supported>      branches                 
   <not supported>      branch-misses            

       0.000829202 seconds time elapsed                                          ( +-  1.41% )


 Performance counter stats for './mandelbrot_omp -2.5 1.5 -2.0 2.0 32 8' (10 runs):

          1.787376      task-clock (msec)         #    2.062 CPUs utilized            ( +-  1.37% )
                 0      context-switches          #    0.000 K/sec                  
                 7      cpu-migrations            #    0.004 M/sec                  
                76      page-faults               #    0.042 M/sec                    ( +-  0.22% )
   <not supported>      cycles                   
   <not supported>      stalled-cycles-frontend  
   <not supported>      stalled-cycles-backend   
   <not supported>      instructions             
   <not supported>      branches                 
   <not supported>      branch-misses            

       0.000866632 seconds time elapsed                                          ( +-  1.36% )


 Performance counter stats for './mandelbrot_omp -2.5 1.5 -2.0 2.0 64 8' (10 runs):

          4.039511      task-clock (msec)         #    3.207 CPUs utilized            ( +-  2.82% )
                 0      context-switches          #    0.000 K/sec                  
                 7      cpu-migrations            #    0.002 M/sec                    ( +-  1.41% )
                75      page-faults               #    0.019 M/sec                    ( +-  0.51% )
   <not supported>      cycles                   
   <not supported>      stalled-cycles-frontend  
   <not supported>      stalled-cycles-backend   
   <not supported>      instructions             
   <not supported>      branches                 
   <not supported>      branch-misses            

       0.001259486 seconds time elapsed                                          ( +-  9.34% )


 Performance counter stats for './mandelbrot_omp -2.5 1.5 -2.0 2.0 128 8' (10 runs):

          7.416575      task-clock (msec)         #    4.505 CPUs utilized            ( +-  0.47% )
                 0      context-switches          #    0.027 K/sec                    ( +- 66.67% )
                 7      cpu-migrations            #    0.944 K/sec                  
                75      page-faults               #    0.010 M/sec                    ( +-  0.39% )
   <not supported>      cycles                   
   <not supported>      stalled-cycles-frontend  
   <not supported>      stalled-cycles-backend   
   <not supported>      instructions             
   <not supported>      branches                 
   <not supported>      branch-misses            

       0.001646138 seconds time elapsed                                          ( +-  1.56% )


 Performance counter stats for './mandelbrot_omp -2.5 1.5 -2.0 2.0 256 8' (10 runs):

         18.490811      task-clock (msec)         #    6.190 CPUs utilized            ( +-  1.39% )
                 0      context-switches          #    0.027 K/sec                    ( +- 33.33% )
                 7      cpu-migrations            #    0.379 K/sec                  
                75      page-faults               #    0.004 M/sec                    ( +-  0.27% )
   <not supported>      cycles                   
   <not supported>      stalled-cycles-frontend  
   <not supported>      stalled-cycles-backend   
   <not supported>      instructions             
   <not supported>      branches                 
   <not supported>      branch-misses            

       0.002987123 seconds time elapsed                                          ( +-  1.05% )


 Performance counter stats for './mandelbrot_omp -2.5 1.5 -2.0 2.0 512 8' (10 runs):

         61.826835      task-clock (msec)         #    7.204 CPUs utilized            ( +-  1.38% )
                 3      context-switches          #    0.049 K/sec                    ( +- 26.76% )
                 7      cpu-migrations            #    0.113 K/sec                  
                74      page-faults               #    0.001 M/sec                    ( +-  0.46% )
   <not supported>      cycles                   
   <not supported>      stalled-cycles-frontend  
   <not supported>      stalled-cycles-backend   
   <not supported>      instructions             
   <not supported>      branches                 
   <not supported>      branch-misses            

       0.008581702 seconds time elapsed                                          ( +-  3.19% )


 Performance counter stats for './mandelbrot_omp -2.5 1.5 -2.0 2.0 1024 8' (10 runs):

        288.882259      task-clock (msec)         #    7.287 CPUs utilized            ( +-  0.98% )
                14      context-switches          #    0.047 K/sec                    ( +-  6.07% )
                 8      cpu-migrations            #    0.026 K/sec                    ( +-  2.22% )
                76      page-faults               #    0.261 K/sec                    ( +-  0.30% )
   <not supported>      cycles                   
   <not supported>      stalled-cycles-frontend  
   <not supported>      stalled-cycles-backend   
   <not supported>      instructions             
   <not supported>      branches                 
   <not supported>      branch-misses            

       0.039641742 seconds time elapsed                                          ( +-  4.47% )


 Performance counter stats for './mandelbrot_omp -2.5 1.5 -2.0 2.0 2048 8' (10 runs):

       1096.170851      task-clock (msec)         #    7.647 CPUs utilized            ( +-  0.17% )
                30      context-switches          #    0.027 K/sec                    ( +-  4.19% )
                 7      cpu-migrations            #    0.006 K/sec                  
                75      page-faults               #    0.069 K/sec                    ( +-  0.29% )
   <not supported>      cycles                   
   <not supported>      stalled-cycles-frontend  
   <not supported>      stalled-cycles-backend   
   <not supported>      instructions             
   <not supported>      branches                 
   <not supported>      branch-misses            

       0.143345036 seconds time elapsed                                          ( +-  0.18% )


 Performance counter stats for './mandelbrot_omp -2.5 1.5 -2.0 2.0 4096 8' (10 runs):

       4313.372501      task-clock (msec)         #    7.633 CPUs utilized            ( +-  0.08% )
                39      context-switches          #    0.009 K/sec                    ( +-  4.37% )
                 7      cpu-migrations            #    0.002 K/sec                    ( +-  4.13% )
                75      page-faults               #    0.017 K/sec                    ( +-  0.40% )
   <not supported>      cycles                   
   <not supported>      stalled-cycles-frontend  
   <not supported>      stalled-cycles-backend   
   <not supported>      instructions             
   <not supported>      branches                 
   <not supported>      branch-misses            

       0.565118887 seconds time elapsed                                          ( +-  0.15% )


 Performance counter stats for './mandelbrot_omp -2.5 1.5 -2.0 2.0 8192 8' (10 runs):

      17143.014577      task-clock (msec)         #    7.647 CPUs utilized            ( +-  0.04% )
                68      context-switches          #    0.004 K/sec                    ( +-  4.21% )
                 7      cpu-migrations            #    0.000 K/sec                    ( +-  1.41% )
                75      page-faults               #    0.004 K/sec                    ( +-  0.35% )
   <not supported>      cycles                   
   <not supported>      stalled-cycles-frontend  
   <not supported>      stalled-cycles-backend   
   <not supported>      instructions             
   <not supported>      branches                 
   <not supported>      branch-misses            

       2.241899999 seconds time elapsed                                          ( +-  0.05% )


 Performance counter stats for './mandelbrot_omp -2.5 1.5 -2.0 2.0 16 16' (10 runs):

          1.175679      task-clock (msec)         #    1.054 CPUs utilized            ( +-  4.31% )
                48      context-switches          #    0.041 M/sec                    ( +-  0.28% )
                29      cpu-migrations            #    0.024 M/sec                    ( +-  2.06% )
                92      page-faults               #    0.079 M/sec                    ( +-  0.24% )
   <not supported>      cycles                   
   <not supported>      stalled-cycles-frontend  
   <not supported>      stalled-cycles-backend   
   <not supported>      instructions             
   <not supported>      branches                 
   <not supported>      branch-misses            

       0.001115376 seconds time elapsed                                          ( +-  1.91% )


 Performance counter stats for './mandelbrot_omp -2.5 1.5 -2.0 2.0 32 16' (10 runs):

          1.272150      task-clock (msec)         #    1.092 CPUs utilized            ( +-  1.80% )
                47      context-switches          #    0.037 M/sec                    ( +-  0.72% )
                26      cpu-migrations            #    0.020 M/sec                    ( +-  3.05% )
                92      page-faults               #    0.072 M/sec                    ( +-  0.32% )
   <not supported>      cycles                   
   <not supported>      stalled-cycles-frontend  
   <not supported>      stalled-cycles-backend   
   <not supported>      instructions             
   <not supported>      branches                 
   <not supported>      branch-misses            

       0.001164945 seconds time elapsed                                          ( +-  2.08% )


 Performance counter stats for './mandelbrot_omp -2.5 1.5 -2.0 2.0 64 16' (10 runs):

          2.000194      task-clock (msec)         #    1.371 CPUs utilized            ( +-  1.31% )
                46      context-switches          #    0.023 M/sec                    ( +-  1.54% )
                29      cpu-migrations            #    0.014 M/sec                    ( +-  1.54% )
                92      page-faults               #    0.046 M/sec                    ( +-  0.27% )
   <not supported>      cycles                   
   <not supported>      stalled-cycles-frontend  
   <not supported>      stalled-cycles-backend   
   <not supported>      instructions             
   <not supported>      branches                 
   <not supported>      branch-misses            

       0.001459138 seconds time elapsed                                          ( +-  0.67% )


 Performance counter stats for './mandelbrot_omp -2.5 1.5 -2.0 2.0 128 16' (10 runs):

          4.627881      task-clock (msec)         #    1.323 CPUs utilized            ( +-  1.07% )
                47      context-switches          #    0.010 M/sec                    ( +-  1.33% )
                29      cpu-migrations            #    0.006 M/sec                    ( +-  2.60% )
                92      page-faults               #    0.020 M/sec                    ( +-  0.24% )
   <not supported>      cycles                   
   <not supported>      stalled-cycles-frontend  
   <not supported>      stalled-cycles-backend   
   <not supported>      instructions             
   <not supported>      branches                 
   <not supported>      branch-misses            

       0.003497838 seconds time elapsed                                          ( +-  1.87% )


 Performance counter stats for './mandelbrot_omp -2.5 1.5 -2.0 2.0 256 16' (10 runs):

         17.120422      task-clock (msec)         #    4.281 CPUs utilized            ( +-  0.57% )
                46      context-switches          #    0.003 M/sec                    ( +-  2.20% )
                35      cpu-migrations            #    0.002 M/sec                    ( +-  2.66% )
                92      page-faults               #    0.005 M/sec                    ( +-  0.18% )
   <not supported>      cycles                   
   <not supported>      stalled-cycles-frontend  
   <not supported>      stalled-cycles-backend   
   <not supported>      instructions             
   <not supported>      branches                 
   <not supported>      branch-misses            

       0.003998824 seconds time elapsed                                          ( +-  1.72% )


 Performance counter stats for './mandelbrot_omp -2.5 1.5 -2.0 2.0 512 16' (10 runs):

         67.455593      task-clock (msec)         #    5.626 CPUs utilized            ( +-  1.15% )
                44      context-switches          #    0.660 K/sec                    ( +-  3.66% )
                36      cpu-migrations            #    0.528 K/sec                    ( +-  3.03% )
                92      page-faults               #    0.001 M/sec                    ( +-  0.33% )
   <not supported>      cycles                   
   <not supported>      stalled-cycles-frontend  
   <not supported>      stalled-cycles-backend   
   <not supported>      instructions             
   <not supported>      branches                 
   <not supported>      branch-misses            

       0.011989757 seconds time elapsed                                          ( +-  3.32% )


 Performance counter stats for './mandelbrot_omp -2.5 1.5 -2.0 2.0 1024 16' (10 runs):

        272.953202      task-clock (msec)         #    6.403 CPUs utilized            ( +-  0.32% )
                57      context-switches          #    0.207 K/sec                    ( +-  0.96% )
                41      cpu-migrations            #    0.149 K/sec                    ( +-  1.43% )
                92      page-faults               #    0.337 K/sec                    ( +-  0.32% )
   <not supported>      cycles                   
   <not supported>      stalled-cycles-frontend  
   <not supported>      stalled-cycles-backend   
   <not supported>      instructions             
   <not supported>      branches                 
   <not supported>      branch-misses            

       0.042628893 seconds time elapsed                                          ( +-  1.47% )


 Performance counter stats for './mandelbrot_omp -2.5 1.5 -2.0 2.0 2048 16' (10 runs):

       1124.045800      task-clock (msec)         #    7.106 CPUs utilized            ( +-  1.28% )
                94      context-switches          #    0.084 K/sec                    ( +-  1.39% )
                41      cpu-migrations            #    0.036 K/sec                    ( +-  2.16% )
                92      page-faults               #    0.082 K/sec                    ( +-  0.33% )
   <not supported>      cycles                   
   <not supported>      stalled-cycles-frontend  
   <not supported>      stalled-cycles-backend   
   <not supported>      instructions             
   <not supported>      branches                 
   <not supported>      branch-misses            

       0.158187526 seconds time elapsed                                          ( +-  1.45% )


 Performance counter stats for './mandelbrot_omp -2.5 1.5 -2.0 2.0 4096 16' (10 runs):

       4417.472091      task-clock (msec)         #    7.498 CPUs utilized            ( +-  0.78% )
               225      context-switches          #    0.051 K/sec                    ( +-  2.60% )
                47      cpu-migrations            #    0.011 K/sec                    ( +-  2.06% )
                92      page-faults               #    0.021 K/sec                    ( +-  0.30% )
   <not supported>      cycles                   
   <not supported>      stalled-cycles-frontend  
   <not supported>      stalled-cycles-backend   
   <not supported>      instructions             
   <not supported>      branches                 
   <not supported>      branch-misses            

       0.589180674 seconds time elapsed                                          ( +-  0.63% )


 Performance counter stats for './mandelbrot_omp -2.5 1.5 -2.0 2.0 8192 16' (10 runs):

      17769.785360      task-clock (msec)         #    7.820 CPUs utilized            ( +-  0.23% )
             1,017      context-switches          #    0.057 K/sec                    ( +-  2.08% )
                60      cpu-migrations            #    0.003 K/sec                    ( +-  3.84% )
                92      page-faults               #    0.005 K/sec                    ( +-  0.42% )
   <not supported>      cycles                   
   <not supported>      stalled-cycles-frontend  
   <not supported>      stalled-cycles-backend   
   <not supported>      instructions             
   <not supported>      branches                 
   <not supported>      branch-misses            

       2.272364569 seconds time elapsed                                          ( +-  0.41% )


 Performance counter stats for './mandelbrot_omp -2.5 1.5 -2.0 2.0 16 32' (10 runs):

          1.560505      task-clock (msec)         #    1.152 CPUs utilized            ( +-  2.99% )
                96      context-switches          #    0.061 M/sec                    ( +-  0.21% )
                55      cpu-migrations            #    0.035 M/sec                    ( +-  1.68% )
               127      page-faults               #    0.081 M/sec                    ( +-  0.17% )
   <not supported>      cycles                   
   <not supported>      stalled-cycles-frontend  
   <not supported>      stalled-cycles-backend   
   <not supported>      instructions             
   <not supported>      branches                 
   <not supported>      branch-misses            

       0.001354700 seconds time elapsed                                          ( +-  1.81% )


 Performance counter stats for './mandelbrot_omp -2.5 1.5 -2.0 2.0 32 32' (10 runs):

          1.725093      task-clock (msec)         #    1.121 CPUs utilized            ( +-  1.72% )
                85      context-switches          #    0.049 M/sec                    ( +-  3.51% )
                48      cpu-migrations            #    0.028 M/sec                    ( +-  3.75% )
               126      page-faults               #    0.073 M/sec                    ( +-  0.36% )
   <not supported>      cycles                   
   <not supported>      stalled-cycles-frontend  
   <not supported>      stalled-cycles-backend   
   <not supported>      instructions             
   <not supported>      branches                 
   <not supported>      branch-misses            

       0.001539295 seconds time elapsed                                          ( +-  0.60% )


 Performance counter stats for './mandelbrot_omp -2.5 1.5 -2.0 2.0 64 32' (10 runs):

          2.451479      task-clock (msec)         #    1.248 CPUs utilized            ( +-  1.37% )
                87      context-switches          #    0.036 M/sec                    ( +-  2.89% )
                54      cpu-migrations            #    0.022 M/sec                    ( +-  2.41% )
               126      page-faults               #    0.052 M/sec                    ( +-  0.27% )
   <not supported>      cycles                   
   <not supported>      stalled-cycles-frontend  
   <not supported>      stalled-cycles-backend   
   <not supported>      instructions             
   <not supported>      branches                 
   <not supported>      branch-misses            

       0.001964758 seconds time elapsed                                          ( +-  0.98% )


 Performance counter stats for './mandelbrot_omp -2.5 1.5 -2.0 2.0 128 32' (10 runs):

          5.153950      task-clock (msec)         #    1.519 CPUs utilized            ( +-  1.22% )
                86      context-switches          #    0.017 M/sec                    ( +-  2.74% )
                58      cpu-migrations            #    0.011 M/sec                    ( +-  4.35% )
               126      page-faults               #    0.025 M/sec                    ( +-  0.21% )
   <not supported>      cycles                   
   <not supported>      stalled-cycles-frontend  
   <not supported>      stalled-cycles-backend   
   <not supported>      instructions             
   <not supported>      branches                 
   <not supported>      branch-misses            

       0.003393206 seconds time elapsed                                          ( +-  3.44% )


 Performance counter stats for './mandelbrot_omp -2.5 1.5 -2.0 2.0 256 32' (10 runs):

         15.594520      task-clock (msec)         #    1.815 CPUs utilized            ( +-  1.49% )
                91      context-switches          #    0.006 M/sec                    ( +-  2.84% )
                61      cpu-migrations            #    0.004 M/sec                    ( +-  3.91% )
               126      page-faults               #    0.008 M/sec                    ( +-  0.13% )
   <not supported>      cycles                   
   <not supported>      stalled-cycles-frontend  
   <not supported>      stalled-cycles-backend   
   <not supported>      instructions             
   <not supported>      branches                 
   <not supported>      branch-misses            

       0.008591893 seconds time elapsed                                          ( +-  5.80% )


 Performance counter stats for './mandelbrot_omp -2.5 1.5 -2.0 2.0 512 32' (10 runs):

         64.914036      task-clock (msec)         #    4.495 CPUs utilized            ( +-  1.44% )
                91      context-switches          #    0.001 M/sec                    ( +-  3.02% )
                72      cpu-migrations            #    0.001 M/sec                    ( +-  3.83% )
               127      page-faults               #    0.002 M/sec                    ( +-  0.26% )
   <not supported>      cycles                   
   <not supported>      stalled-cycles-frontend  
   <not supported>      stalled-cycles-backend   
   <not supported>      instructions             
   <not supported>      branches                 
   <not supported>      branch-misses            

       0.014441930 seconds time elapsed                                          ( +-  4.87% )


 Performance counter stats for './mandelbrot_omp -2.5 1.5 -2.0 2.0 1024 32' (10 runs):

        277.683201      task-clock (msec)         #    6.901 CPUs utilized            ( +-  0.49% )
                93      context-switches          #    0.335 K/sec                    ( +-  3.44% )
                77      cpu-migrations            #    0.278 K/sec                    ( +-  3.21% )
               126      page-faults               #    0.454 K/sec                    ( +-  0.11% )
   <not supported>      cycles                   
   <not supported>      stalled-cycles-frontend  
   <not supported>      stalled-cycles-backend   
   <not supported>      instructions             
   <not supported>      branches                 
   <not supported>      branch-misses            

       0.040239594 seconds time elapsed                                          ( +-  0.88% )


 Performance counter stats for './mandelbrot_omp -2.5 1.5 -2.0 2.0 2048 32' (10 runs):

       1126.817687      task-clock (msec)         #    7.492 CPUs utilized            ( +-  0.77% )
               165      context-switches          #    0.146 K/sec                    ( +-  2.12% )
                85      cpu-migrations            #    0.076 K/sec                    ( +-  2.15% )
               127      page-faults               #    0.112 K/sec                    ( +-  0.24% )
   <not supported>      cycles                   
   <not supported>      stalled-cycles-frontend  
   <not supported>      stalled-cycles-backend   
   <not supported>      instructions             
   <not supported>      branches                 
   <not supported>      branch-misses            

       0.150404683 seconds time elapsed                                          ( +-  1.39% )


 Performance counter stats for './mandelbrot_omp -2.5 1.5 -2.0 2.0 4096 32' (10 runs):

       4476.382480      task-clock (msec)         #    7.813 CPUs utilized            ( +-  0.07% )
               476      context-switches          #    0.106 K/sec                    ( +-  1.65% )
               111      cpu-migrations            #    0.025 K/sec                    ( +-  3.21% )
               127      page-faults               #    0.028 K/sec                    ( +-  0.23% )
   <not supported>      cycles                   
   <not supported>      stalled-cycles-frontend  
   <not supported>      stalled-cycles-backend   
   <not supported>      instructions             
   <not supported>      branches                 
   <not supported>      branch-misses            

       0.572927119 seconds time elapsed                                          ( +-  0.19% )


 Performance counter stats for './mandelbrot_omp -2.5 1.5 -2.0 2.0 8192 32' (10 runs):

      17919.425073      task-clock (msec)         #    7.935 CPUs utilized            ( +-  0.04% )
             1,948      context-switches          #    0.109 K/sec                    ( +-  1.08% )
               140      cpu-migrations            #    0.008 K/sec                    ( +-  2.57% )
               127      page-faults               #    0.007 K/sec                    ( +-  0.21% )
   <not supported>      cycles                   
   <not supported>      stalled-cycles-frontend  
   <not supported>      stalled-cycles-backend   
   <not supported>      instructions             
   <not supported>      branches                 
   <not supported>      branch-misses            

       2.258415080 seconds time elapsed                                          ( +-  0.08% )

