
 Performance counter stats for './mandelbrot_omp -0.8 -0.7 0.05 0.15 16 1' (10 runs):

          0.670346      task-clock (msec)         #    0.760 CPUs utilized            ( +-  0.28% )
                 0      context-switches          #    0.000 K/sec                  
                 0      cpu-migrations            #    0.000 K/sec                  
                60      page-faults               #    0.090 M/sec                    ( +-  0.25% )
   <not supported>      cycles                   
   <not supported>      stalled-cycles-frontend  
   <not supported>      stalled-cycles-backend   
   <not supported>      instructions             
   <not supported>      branches                 
   <not supported>      branch-misses            

       0.000882288 seconds time elapsed                                          ( +-  0.41% )


 Performance counter stats for './mandelbrot_omp -0.8 -0.7 0.05 0.15 32 1' (10 runs):

          1.769914      task-clock (msec)         #    0.886 CPUs utilized            ( +-  0.25% )
                 0      context-switches          #    0.000 K/sec                  
                 0      cpu-migrations            #    0.000 K/sec                  
                60      page-faults               #    0.034 M/sec                    ( +-  0.56% )
   <not supported>      cycles                   
   <not supported>      stalled-cycles-frontend  
   <not supported>      stalled-cycles-backend   
   <not supported>      instructions             
   <not supported>      branches                 
   <not supported>      branch-misses            

       0.001997720 seconds time elapsed                                          ( +-  0.43% )


 Performance counter stats for './mandelbrot_omp -0.8 -0.7 0.05 0.15 64 1' (10 runs):

          6.091101      task-clock (msec)         #    0.961 CPUs utilized            ( +-  0.10% )
                 0      context-switches          #    0.000 K/sec                  
                 0      cpu-migrations            #    0.000 K/sec                  
                60      page-faults               #    0.010 M/sec                    ( +-  0.39% )
   <not supported>      cycles                   
   <not supported>      stalled-cycles-frontend  
   <not supported>      stalled-cycles-backend   
   <not supported>      instructions             
   <not supported>      branches                 
   <not supported>      branch-misses            

       0.006339901 seconds time elapsed                                          ( +-  0.15% )


 Performance counter stats for './mandelbrot_omp -0.8 -0.7 0.05 0.15 128 1' (10 runs):

         23.392130      task-clock (msec)         #    0.989 CPUs utilized            ( +-  0.05% )
                 0      context-switches          #    0.000 K/sec                  
                 0      cpu-migrations            #    0.000 K/sec                  
                60      page-faults               #    0.003 M/sec                    ( +-  0.71% )
   <not supported>      cycles                   
   <not supported>      stalled-cycles-frontend  
   <not supported>      stalled-cycles-backend   
   <not supported>      instructions             
   <not supported>      branches                 
   <not supported>      branch-misses            

       0.023664058 seconds time elapsed                                          ( +-  0.06% )


 Performance counter stats for './mandelbrot_omp -0.8 -0.7 0.05 0.15 256 1' (10 runs):

         92.344363      task-clock (msec)         #    0.997 CPUs utilized            ( +-  0.02% )
                 0      context-switches          #    0.001 K/sec                    ( +-100.00% )
                 0      cpu-migrations            #    0.000 K/sec                  
                60      page-faults               #    0.654 K/sec                    ( +-  0.27% )
   <not supported>      cycles                   
   <not supported>      stalled-cycles-frontend  
   <not supported>      stalled-cycles-backend   
   <not supported>      instructions             
   <not supported>      branches                 
   <not supported>      branch-misses            

       0.092665255 seconds time elapsed                                          ( +-  0.02% )


 Performance counter stats for './mandelbrot_omp -0.8 -0.7 0.05 0.15 512 1' (10 runs):

        368.151499      task-clock (msec)         #    0.999 CPUs utilized            ( +-  0.04% )
                 0      context-switches          #    0.001 K/sec                    ( +- 44.72% )
                 0      cpu-migrations            #    0.000 K/sec                  
                60      page-faults               #    0.164 K/sec                    ( +-  0.35% )
   <not supported>      cycles                   
   <not supported>      stalled-cycles-frontend  
   <not supported>      stalled-cycles-backend   
   <not supported>      instructions             
   <not supported>      branches                 
   <not supported>      branch-misses            

       0.368489553 seconds time elapsed                                          ( +-  0.05% )


 Performance counter stats for './mandelbrot_omp -0.8 -0.7 0.05 0.15 1024 1' (10 runs):

       1474.709155      task-clock (msec)         #    1.000 CPUs utilized            ( +-  0.20% )
                 3      context-switches          #    0.002 K/sec                    ( +- 11.11% )
                 0      cpu-migrations            #    0.000 K/sec                  
                60      page-faults               #    0.041 K/sec                    ( +-  0.43% )
   <not supported>      cycles                   
   <not supported>      stalled-cycles-frontend  
   <not supported>      stalled-cycles-backend   
   <not supported>      instructions             
   <not supported>      branches                 
   <not supported>      branch-misses            

       1.475059229 seconds time elapsed                                          ( +-  0.20% )


 Performance counter stats for './mandelbrot_omp -0.8 -0.7 0.05 0.15 2048 1' (10 runs):

       5886.315458      task-clock (msec)         #    1.000 CPUs utilized            ( +-  0.09% )
                10      context-switches          #    0.002 K/sec                    ( +-  2.07% )
                 0      cpu-migrations            #    0.000 K/sec                  
                60      page-faults               #    0.010 K/sec                    ( +-  0.61% )
   <not supported>      cycles                   
   <not supported>      stalled-cycles-frontend  
   <not supported>      stalled-cycles-backend   
   <not supported>      instructions             
   <not supported>      branches                 
   <not supported>      branch-misses            

       5.886791215 seconds time elapsed                                          ( +-  0.09% )


 Performance counter stats for './mandelbrot_omp -0.8 -0.7 0.05 0.15 4096 1' (10 runs):

      23591.641154      task-clock (msec)         #    1.000 CPUs utilized            ( +-  0.07% )
                42      context-switches          #    0.002 K/sec                    ( +-  0.74% )
                 0      cpu-migrations            #    0.000 K/sec                  
                60      page-faults               #    0.003 K/sec                    ( +-  0.52% )
   <not supported>      cycles                   
   <not supported>      stalled-cycles-frontend  
   <not supported>      stalled-cycles-backend   
   <not supported>      instructions             
   <not supported>      branches                 
   <not supported>      branch-misses            

      23.592572253 seconds time elapsed                                          ( +-  0.07% )


 Performance counter stats for './mandelbrot_omp -0.8 -0.7 0.05 0.15 8192 1' (10 runs):

      94299.558620      task-clock (msec)         #    1.000 CPUs utilized            ( +-  0.03% )
               166      context-switches          #    0.002 K/sec                    ( +-  0.15% )
                 0      cpu-migrations            #    0.000 K/sec                  
                60      page-faults               #    0.001 K/sec                    ( +-  0.46% )
   <not supported>      cycles                   
   <not supported>      stalled-cycles-frontend  
   <not supported>      stalled-cycles-backend   
   <not supported>      instructions             
   <not supported>      branches                 
   <not supported>      branch-misses            

      94.302152811 seconds time elapsed                                          ( +-  0.03% )


 Performance counter stats for './mandelbrot_omp -0.8 -0.7 0.05 0.15 16 2' (10 runs):

          0.784260      task-clock (msec)         #    1.013 CPUs utilized            ( +-  0.54% )
                 0      context-switches          #    0.000 K/sec                  
                 1      cpu-migrations            #    0.001 M/sec                  
                62      page-faults               #    0.080 M/sec                    ( +-  0.36% )
   <not supported>      cycles                   
   <not supported>      stalled-cycles-frontend  
   <not supported>      stalled-cycles-backend   
   <not supported>      instructions             
   <not supported>      branches                 
   <not supported>      branch-misses            

       0.000774541 seconds time elapsed                                          ( +-  0.57% )


 Performance counter stats for './mandelbrot_omp -0.8 -0.7 0.05 0.15 32 2' (10 runs):

          1.968975      task-clock (msec)         #    1.416 CPUs utilized            ( +-  0.19% )
                 0      context-switches          #    0.000 K/sec                  
                 1      cpu-migrations            #    0.508 K/sec                  
                62      page-faults               #    0.032 M/sec                    ( +-  0.51% )
   <not supported>      cycles                   
   <not supported>      stalled-cycles-frontend  
   <not supported>      stalled-cycles-backend   
   <not supported>      instructions             
   <not supported>      branches                 
   <not supported>      branch-misses            

       0.001390728 seconds time elapsed                                          ( +-  0.48% )


 Performance counter stats for './mandelbrot_omp -0.8 -0.7 0.05 0.15 64 2' (10 runs):

          6.348492      task-clock (msec)         #    1.754 CPUs utilized            ( +-  0.19% )
                 0      context-switches          #    0.000 K/sec                  
                 1      cpu-migrations            #    0.158 K/sec                  
                62      page-faults               #    0.010 M/sec                    ( +-  0.34% )
   <not supported>      cycles                   
   <not supported>      stalled-cycles-frontend  
   <not supported>      stalled-cycles-backend   
   <not supported>      instructions             
   <not supported>      branches                 
   <not supported>      branch-misses            

       0.003619030 seconds time elapsed                                          ( +-  0.40% )


 Performance counter stats for './mandelbrot_omp -0.8 -0.7 0.05 0.15 128 2' (10 runs):

         23.848938      task-clock (msec)         #    1.920 CPUs utilized            ( +-  0.53% )
                 0      context-switches          #    0.008 K/sec                    ( +-100.00% )
                 1      cpu-migrations            #    0.042 K/sec                  
                62      page-faults               #    0.003 M/sec                    ( +-  0.49% )
   <not supported>      cycles                   
   <not supported>      stalled-cycles-frontend  
   <not supported>      stalled-cycles-backend   
   <not supported>      instructions             
   <not supported>      branches                 
   <not supported>      branch-misses            

       0.012421115 seconds time elapsed                                          ( +-  0.52% )


 Performance counter stats for './mandelbrot_omp -0.8 -0.7 0.05 0.15 256 2' (10 runs):

         92.667549      task-clock (msec)         #    1.976 CPUs utilized            ( +-  0.06% )
                 0      context-switches          #    0.001 K/sec                    ( +-100.00% )
                 1      cpu-migrations            #    0.014 K/sec                    ( +- 11.75% )
                62      page-faults               #    0.672 K/sec                    ( +-  0.25% )
   <not supported>      cycles                   
   <not supported>      stalled-cycles-frontend  
   <not supported>      stalled-cycles-backend   
   <not supported>      instructions             
   <not supported>      branches                 
   <not supported>      branch-misses            

       0.046887450 seconds time elapsed                                          ( +-  0.05% )


 Performance counter stats for './mandelbrot_omp -0.8 -0.7 0.05 0.15 512 2' (10 runs):

        368.554145      task-clock (msec)         #    1.994 CPUs utilized            ( +-  0.04% )
                 1      context-switches          #    0.002 K/sec                    ( +- 48.59% )
                 1      cpu-migrations            #    0.003 K/sec                    ( +-  9.09% )
                63      page-faults               #    0.170 K/sec                    ( +-  0.36% )
   <not supported>      cycles                   
   <not supported>      stalled-cycles-frontend  
   <not supported>      stalled-cycles-backend   
   <not supported>      instructions             
   <not supported>      branches                 
   <not supported>      branch-misses            

       0.184841483 seconds time elapsed                                          ( +-  0.04% )


 Performance counter stats for './mandelbrot_omp -0.8 -0.7 0.05 0.15 1024 2' (10 runs):

       1471.322453      task-clock (msec)         #    1.998 CPUs utilized            ( +-  0.04% )
                 4      context-switches          #    0.002 K/sec                    ( +-  9.76% )
                 1      cpu-migrations            #    0.001 K/sec                  
                62      page-faults               #    0.042 K/sec                    ( +-  0.40% )
   <not supported>      cycles                   
   <not supported>      stalled-cycles-frontend  
   <not supported>      stalled-cycles-backend   
   <not supported>      instructions             
   <not supported>      branches                 
   <not supported>      branch-misses            

       0.736429992 seconds time elapsed                                          ( +-  0.06% )


 Performance counter stats for './mandelbrot_omp -0.8 -0.7 0.05 0.15 2048 2' (10 runs):

       5889.570324      task-clock (msec)         #    1.996 CPUs utilized            ( +-  0.10% )
                14      context-switches          #    0.002 K/sec                    ( +-  3.14% )
                 1      cpu-migrations            #    0.000 K/sec                    ( +-  9.09% )
                63      page-faults               #    0.011 K/sec                    ( +-  0.27% )
   <not supported>      cycles                   
   <not supported>      stalled-cycles-frontend  
   <not supported>      stalled-cycles-backend   
   <not supported>      instructions             
   <not supported>      branches                 
   <not supported>      branch-misses            

       2.950725439 seconds time elapsed                                          ( +-  0.19% )


 Performance counter stats for './mandelbrot_omp -0.8 -0.7 0.05 0.15 4096 2' (10 runs):

      23549.892792      task-clock (msec)         #    1.996 CPUs utilized            ( +-  0.05% )
                54      context-switches          #    0.002 K/sec                    ( +-  0.90% )
                 1      cpu-migrations            #    0.000 K/sec                  
                62      page-faults               #    0.003 K/sec                    ( +-  0.56% )
   <not supported>      cycles                   
   <not supported>      stalled-cycles-frontend  
   <not supported>      stalled-cycles-backend   
   <not supported>      instructions             
   <not supported>      branches                 
   <not supported>      branch-misses            

      11.797576243 seconds time elapsed                                          ( +-  0.10% )


 Performance counter stats for './mandelbrot_omp -0.8 -0.7 0.05 0.15 8192 2' (10 runs):

      94204.461689      task-clock (msec)         #    1.999 CPUs utilized            ( +-  0.03% )
               213      context-switches          #    0.002 K/sec                    ( +-  0.27% )
                 1      cpu-migrations            #    0.000 K/sec                    ( +-  9.09% )
                62      page-faults               #    0.001 K/sec                    ( +-  0.47% )
   <not supported>      cycles                   
   <not supported>      stalled-cycles-frontend  
   <not supported>      stalled-cycles-backend   
   <not supported>      instructions             
   <not supported>      branches                 
   <not supported>      branch-misses            

      47.128738053 seconds time elapsed                                          ( +-  0.03% )


 Performance counter stats for './mandelbrot_omp -0.8 -0.7 0.05 0.15 16 4' (10 runs):

          0.925136      task-clock (msec)         #    1.261 CPUs utilized            ( +-  0.71% )
                 0      context-switches          #    0.000 K/sec                  
                 3      cpu-migrations            #    0.003 M/sec                  
                66      page-faults               #    0.071 M/sec                    ( +-  0.62% )
   <not supported>      cycles                   
   <not supported>      stalled-cycles-frontend  
   <not supported>      stalled-cycles-backend   
   <not supported>      instructions             
   <not supported>      branches                 
   <not supported>      branch-misses            

       0.000733816 seconds time elapsed                                          ( +-  1.62% )


 Performance counter stats for './mandelbrot_omp -0.8 -0.7 0.05 0.15 32 4' (10 runs):

          2.293643      task-clock (msec)         #    2.165 CPUs utilized            ( +-  0.35% )
                 0      context-switches          #    0.000 K/sec                  
                 3      cpu-migrations            #    0.001 M/sec                  
                66      page-faults               #    0.029 M/sec                    ( +-  0.23% )
   <not supported>      cycles                   
   <not supported>      stalled-cycles-frontend  
   <not supported>      stalled-cycles-backend   
   <not supported>      instructions             
   <not supported>      branches                 
   <not supported>      branch-misses            

       0.001059356 seconds time elapsed                                          ( +-  0.70% )


 Performance counter stats for './mandelbrot_omp -0.8 -0.7 0.05 0.15 64 4' (10 runs):

          7.193180      task-clock (msec)         #    3.084 CPUs utilized            ( +-  0.24% )
                 0      context-switches          #    0.000 K/sec                  
                 3      cpu-migrations            #    0.417 K/sec                  
                66      page-faults               #    0.009 M/sec                    ( +-  0.74% )
   <not supported>      cycles                   
   <not supported>      stalled-cycles-frontend  
   <not supported>      stalled-cycles-backend   
   <not supported>      instructions             
   <not supported>      branches                 
   <not supported>      branch-misses            

       0.002332420 seconds time elapsed                                          ( +-  0.32% )


 Performance counter stats for './mandelbrot_omp -0.8 -0.7 0.05 0.15 128 4' (10 runs):

         24.773864      task-clock (msec)         #    3.671 CPUs utilized            ( +-  0.14% )
                 0      context-switches          #    0.012 K/sec                    ( +- 50.92% )
                 3      cpu-migrations            #    0.121 K/sec                  
                66      page-faults               #    0.003 M/sec                    ( +-  0.35% )
   <not supported>      cycles                   
   <not supported>      stalled-cycles-frontend  
   <not supported>      stalled-cycles-backend   
   <not supported>      instructions             
   <not supported>      branches                 
   <not supported>      branch-misses            

       0.006749014 seconds time elapsed                                          ( +-  0.30% )


 Performance counter stats for './mandelbrot_omp -0.8 -0.7 0.05 0.15 256 4' (10 runs):

         94.532011      task-clock (msec)         #    3.900 CPUs utilized            ( +-  0.04% )
                 0      context-switches          #    0.002 K/sec                    ( +- 66.67% )
                 3      cpu-migrations            #    0.032 K/sec                  
                66      page-faults               #    0.698 K/sec                    ( +-  0.32% )
   <not supported>      cycles                   
   <not supported>      stalled-cycles-frontend  
   <not supported>      stalled-cycles-backend   
   <not supported>      instructions             
   <not supported>      branches                 
   <not supported>      branch-misses            

       0.024241573 seconds time elapsed                                          ( +-  0.08% )


 Performance counter stats for './mandelbrot_omp -0.8 -0.7 0.05 0.15 512 4' (10 runs):

        369.194648      task-clock (msec)         #    3.971 CPUs utilized            ( +-  0.02% )
                 1      context-switches          #    0.002 K/sec                    ( +- 65.11% )
                 3      cpu-migrations            #    0.008 K/sec                  
                66      page-faults               #    0.179 K/sec                    ( +-  0.48% )
   <not supported>      cycles                   
   <not supported>      stalled-cycles-frontend  
   <not supported>      stalled-cycles-backend   
   <not supported>      instructions             
   <not supported>      branches                 
   <not supported>      branch-misses            

       0.092982021 seconds time elapsed                                          ( +-  0.02% )


 Performance counter stats for './mandelbrot_omp -0.8 -0.7 0.05 0.15 1024 4' (10 runs):

       1476.170422      task-clock (msec)         #    3.977 CPUs utilized            ( +-  0.13% )
                 5      context-switches          #    0.003 K/sec                    ( +- 24.72% )
                 3      cpu-migrations            #    0.002 K/sec                  
                66      page-faults               #    0.045 K/sec                    ( +-  0.55% )
   <not supported>      cycles                   
   <not supported>      stalled-cycles-frontend  
   <not supported>      stalled-cycles-backend   
   <not supported>      instructions             
   <not supported>      branches                 
   <not supported>      branch-misses            

       0.371207089 seconds time elapsed                                          ( +-  0.47% )


 Performance counter stats for './mandelbrot_omp -0.8 -0.7 0.05 0.15 2048 4' (10 runs):

       5900.354718      task-clock (msec)         #    3.966 CPUs utilized            ( +-  0.12% )
                15      context-switches          #    0.002 K/sec                    ( +-  8.49% )
                 3      cpu-migrations            #    0.001 K/sec                    ( +-  4.63% )
                66      page-faults               #    0.011 K/sec                    ( +-  0.55% )
   <not supported>      cycles                   
   <not supported>      stalled-cycles-frontend  
   <not supported>      stalled-cycles-backend   
   <not supported>      instructions             
   <not supported>      branches                 
   <not supported>      branch-misses            

       1.487916144 seconds time elapsed                                          ( +-  0.36% )


 Performance counter stats for './mandelbrot_omp -0.8 -0.7 0.05 0.15 4096 4' (10 runs):

      23593.207673      task-clock (msec)         #    3.975 CPUs utilized            ( +-  0.07% )
                52      context-switches          #    0.002 K/sec                    ( +-  1.29% )
                 3      cpu-migrations            #    0.000 K/sec                  
                66      page-faults               #    0.003 K/sec                    ( +-  0.39% )
   <not supported>      cycles                   
   <not supported>      stalled-cycles-frontend  
   <not supported>      stalled-cycles-backend   
   <not supported>      instructions             
   <not supported>      branches                 
   <not supported>      branch-misses            

       5.935317578 seconds time elapsed                                          ( +-  0.20% )


 Performance counter stats for './mandelbrot_omp -0.8 -0.7 0.05 0.15 8192 4' (10 runs):

      94198.232000      task-clock (msec)         #    3.990 CPUs utilized            ( +-  0.03% )
               192      context-switches          #    0.002 K/sec                    ( +-  0.38% )
                 3      cpu-migrations            #    0.000 K/sec                  
                66      page-faults               #    0.001 K/sec                    ( +-  0.33% )
   <not supported>      cycles                   
   <not supported>      stalled-cycles-frontend  
   <not supported>      stalled-cycles-backend   
   <not supported>      instructions             
   <not supported>      branches                 
   <not supported>      branch-misses            

      23.611401584 seconds time elapsed                                          ( +-  0.07% )


 Performance counter stats for './mandelbrot_omp -0.8 -0.7 0.05 0.15 16 8' (10 runs):

          1.670160      task-clock (msec)         #    1.974 CPUs utilized            ( +-  1.21% )
                 0      context-switches          #    0.000 K/sec                  
                 7      cpu-migrations            #    0.004 M/sec                  
                75      page-faults               #    0.045 M/sec                    ( +-  0.22% )
   <not supported>      cycles                   
   <not supported>      stalled-cycles-frontend  
   <not supported>      stalled-cycles-backend   
   <not supported>      instructions             
   <not supported>      branches                 
   <not supported>      branch-misses            

       0.000845930 seconds time elapsed                                          ( +-  1.54% )


 Performance counter stats for './mandelbrot_omp -0.8 -0.7 0.05 0.15 32 8' (10 runs):

          2.992303      task-clock (msec)         #    2.968 CPUs utilized            ( +-  1.11% )
                 0      context-switches          #    0.000 K/sec                  
                 7      cpu-migrations            #    0.002 M/sec                  
                76      page-faults               #    0.025 M/sec                    ( +-  0.30% )
   <not supported>      cycles                   
   <not supported>      stalled-cycles-frontend  
   <not supported>      stalled-cycles-backend   
   <not supported>      instructions             
   <not supported>      branches                 
   <not supported>      branch-misses            

       0.001008208 seconds time elapsed                                          ( +-  1.86% )


 Performance counter stats for './mandelbrot_omp -0.8 -0.7 0.05 0.15 64 8' (10 runs):

          8.818938      task-clock (msec)         #    5.045 CPUs utilized            ( +-  3.13% )
                 0      context-switches          #    0.034 K/sec                    ( +- 50.92% )
                 7      cpu-migrations            #    0.794 K/sec                  
                75      page-faults               #    0.009 M/sec                    ( +-  0.22% )
   <not supported>      cycles                   
   <not supported>      stalled-cycles-frontend  
   <not supported>      stalled-cycles-backend   
   <not supported>      instructions             
   <not supported>      branches                 
   <not supported>      branch-misses            

       0.001748177 seconds time elapsed                                          ( +-  2.29% )


 Performance counter stats for './mandelbrot_omp -0.8 -0.7 0.05 0.15 128 8' (10 runs):

         29.190021      task-clock (msec)         #    6.650 CPUs utilized            ( +-  1.87% )
                 1      context-switches          #    0.038 K/sec                    ( +- 16.32% )
                 7      cpu-migrations            #    0.240 K/sec                  
                75      page-faults               #    0.003 M/sec                    ( +-  0.46% )
   <not supported>      cycles                   
   <not supported>      stalled-cycles-frontend  
   <not supported>      stalled-cycles-backend   
   <not supported>      instructions             
   <not supported>      branches                 
   <not supported>      branch-misses            

       0.004389467 seconds time elapsed                                          ( +-  1.58% )


 Performance counter stats for './mandelbrot_omp -0.8 -0.7 0.05 0.15 256 8' (10 runs):

         98.871391      task-clock (msec)         #    7.565 CPUs utilized            ( +-  0.24% )
                 4      context-switches          #    0.043 K/sec                    ( +-  7.79% )
                 7      cpu-migrations            #    0.071 K/sec                  
                75      page-faults               #    0.762 K/sec                    ( +-  0.28% )
   <not supported>      cycles                   
   <not supported>      stalled-cycles-frontend  
   <not supported>      stalled-cycles-backend   
   <not supported>      instructions             
   <not supported>      branches                 
   <not supported>      branch-misses            

       0.013069223 seconds time elapsed                                          ( +-  0.24% )


 Performance counter stats for './mandelbrot_omp -0.8 -0.7 0.05 0.15 512 8' (10 runs):

        384.939782      task-clock (msec)         #    7.672 CPUs utilized            ( +-  0.68% )
                17      context-switches          #    0.045 K/sec                    ( +-  5.63% )
                 7      cpu-migrations            #    0.018 K/sec                  
                74      page-faults               #    0.193 K/sec                    ( +-  0.46% )
   <not supported>      cycles                   
   <not supported>      stalled-cycles-frontend  
   <not supported>      stalled-cycles-backend   
   <not supported>      instructions             
   <not supported>      branches                 
   <not supported>      branch-misses            

       0.050175871 seconds time elapsed                                          ( +-  2.01% )


 Performance counter stats for './mandelbrot_omp -0.8 -0.7 0.05 0.15 1024 8' (10 runs):

       1862.635698      task-clock (msec)         #    7.626 CPUs utilized            ( +-  0.10% )
                34      context-switches          #    0.018 K/sec                    ( +-  4.62% )
                 7      cpu-migrations            #    0.004 K/sec                  
                75      page-faults               #    0.040 K/sec                    ( +-  0.40% )
   <not supported>      cycles                   
   <not supported>      stalled-cycles-frontend  
   <not supported>      stalled-cycles-backend   
   <not supported>      instructions             
   <not supported>      branches                 
   <not supported>      branch-misses            

       0.244263150 seconds time elapsed                                          ( +-  0.14% )


 Performance counter stats for './mandelbrot_omp -0.8 -0.7 0.05 0.15 2048 8' (10 runs):

       7461.624940      task-clock (msec)         #    7.560 CPUs utilized            ( +-  0.73% )
                46      context-switches          #    0.006 K/sec                    ( +-  4.07% )
                 7      cpu-migrations            #    0.001 K/sec                  
                75      page-faults               #    0.010 K/sec                    ( +-  0.52% )
   <not supported>      cycles                   
   <not supported>      stalled-cycles-frontend  
   <not supported>      stalled-cycles-backend   
   <not supported>      instructions             
   <not supported>      branches                 
   <not supported>      branch-misses            

       0.987025900 seconds time elapsed                                          ( +-  1.74% )


 Performance counter stats for './mandelbrot_omp -0.8 -0.7 0.05 0.15 4096 8' (10 runs):

      29455.587988      task-clock (msec)         #    7.611 CPUs utilized            ( +-  0.03% )
               102      context-switches          #    0.003 K/sec                    ( +-  5.26% )
                 8      cpu-migrations            #    0.000 K/sec                    ( +-  2.22% )
                75      page-faults               #    0.003 K/sec                    ( +-  0.20% )
   <not supported>      cycles                   
   <not supported>      stalled-cycles-frontend  
   <not supported>      stalled-cycles-backend   
   <not supported>      instructions             
   <not supported>      branches                 
   <not supported>      branch-misses            

       3.870369476 seconds time elapsed                                          ( +-  0.02% )


 Performance counter stats for './mandelbrot_omp -0.8 -0.7 0.05 0.15 8192 8' (10 runs):

     117728.692258      task-clock (msec)         #    7.615 CPUs utilized            ( +-  0.02% )
               297      context-switches          #    0.003 K/sec                    ( +-  4.25% )
                 9      cpu-migrations            #    0.000 K/sec                    ( +-  8.93% )
                75      page-faults               #    0.001 K/sec                    ( +-  0.40% )
   <not supported>      cycles                   
   <not supported>      stalled-cycles-frontend  
   <not supported>      stalled-cycles-backend   
   <not supported>      instructions             
   <not supported>      branches                 
   <not supported>      branch-misses            

      15.460016660 seconds time elapsed                                          ( +-  0.04% )


 Performance counter stats for './mandelbrot_omp -0.8 -0.7 0.05 0.15 16 16' (10 runs):

          1.405187      task-clock (msec)         #    1.160 CPUs utilized            ( +-  1.20% )
                47      context-switches          #    0.033 M/sec                    ( +-  1.52% )
                26      cpu-migrations            #    0.019 M/sec                    ( +-  2.22% )
                92      page-faults               #    0.066 M/sec                    ( +-  0.27% )
   <not supported>      cycles                   
   <not supported>      stalled-cycles-frontend  
   <not supported>      stalled-cycles-backend   
   <not supported>      instructions             
   <not supported>      branches                 
   <not supported>      branch-misses            

       0.001211881 seconds time elapsed                                          ( +-  0.94% )


 Performance counter stats for './mandelbrot_omp -0.8 -0.7 0.05 0.15 32 16' (10 runs):

          2.620826      task-clock (msec)         #    1.404 CPUs utilized            ( +-  0.78% )
                48      context-switches          #    0.018 M/sec                    ( +-  0.32% )
                28      cpu-migrations            #    0.010 M/sec                    ( +-  3.22% )
                92      page-faults               #    0.035 M/sec                    ( +-  0.34% )
   <not supported>      cycles                   
   <not supported>      stalled-cycles-frontend  
   <not supported>      stalled-cycles-backend   
   <not supported>      instructions             
   <not supported>      branches                 
   <not supported>      branch-misses            

       0.001867107 seconds time elapsed                                          ( +-  1.56% )


 Performance counter stats for './mandelbrot_omp -0.8 -0.7 0.05 0.15 64 16' (10 runs):

          7.802173      task-clock (msec)         #    2.238 CPUs utilized            ( +-  1.10% )
                47      context-switches          #    0.006 M/sec                    ( +-  1.34% )
                33      cpu-migrations            #    0.004 M/sec                    ( +-  4.40% )
                92      page-faults               #    0.012 M/sec                    ( +-  0.18% )
   <not supported>      cycles                   
   <not supported>      stalled-cycles-frontend  
   <not supported>      stalled-cycles-backend   
   <not supported>      instructions             
   <not supported>      branches                 
   <not supported>      branch-misses            

       0.003486751 seconds time elapsed                                          ( +-  1.81% )


 Performance counter stats for './mandelbrot_omp -0.8 -0.7 0.05 0.15 128 16' (10 runs):

         28.952129      task-clock (msec)         #    4.458 CPUs utilized            ( +-  0.85% )
                46      context-switches          #    0.002 M/sec                    ( +-  1.19% )
                37      cpu-migrations            #    0.001 M/sec                    ( +-  3.69% )
                92      page-faults               #    0.003 M/sec                    ( +-  0.39% )
   <not supported>      cycles                   
   <not supported>      stalled-cycles-frontend  
   <not supported>      stalled-cycles-backend   
   <not supported>      instructions             
   <not supported>      branches                 
   <not supported>      branch-misses            

       0.006494956 seconds time elapsed                                          ( +-  2.50% )


 Performance counter stats for './mandelbrot_omp -0.8 -0.7 0.05 0.15 256 16' (10 runs):

        178.164934      task-clock (msec)         #    6.105 CPUs utilized            ( +- 35.40% )
                48      context-switches          #    0.268 K/sec                    ( +-  4.61% )
                35      cpu-migrations            #    0.195 K/sec                    ( +-  3.50% )
                92      page-faults               #    0.515 K/sec                    ( +-  0.32% )
   <not supported>      cycles                   
   <not supported>      stalled-cycles-frontend  
   <not supported>      stalled-cycles-backend   
   <not supported>      instructions             
   <not supported>      branches                 
   <not supported>      branch-misses            

       0.029181491 seconds time elapsed                                          ( +- 32.61% )


 Performance counter stats for './mandelbrot_omp -0.8 -0.7 0.05 0.15 512 16' (10 runs):

        468.459694      task-clock (msec)         #    6.771 CPUs utilized            ( +-  0.27% )
                66      context-switches          #    0.141 K/sec                    ( +-  1.97% )
                41      cpu-migrations            #    0.088 K/sec                    ( +-  1.66% )
                92      page-faults               #    0.197 K/sec                    ( +-  0.18% )
   <not supported>      cycles                   
   <not supported>      stalled-cycles-frontend  
   <not supported>      stalled-cycles-backend   
   <not supported>      instructions             
   <not supported>      branches                 
   <not supported>      branch-misses            

       0.069186680 seconds time elapsed                                          ( +-  0.94% )


 Performance counter stats for './mandelbrot_omp -0.8 -0.7 0.05 0.15 1024 16' (10 runs):

       1879.339298      task-clock (msec)         #    7.419 CPUs utilized            ( +-  0.21% )
               122      context-switches          #    0.065 K/sec                    ( +-  2.22% )
                42      cpu-migrations            #    0.022 K/sec                    ( +-  2.17% )
                92      page-faults               #    0.049 K/sec                    ( +-  0.33% )
   <not supported>      cycles                   
   <not supported>      stalled-cycles-frontend  
   <not supported>      stalled-cycles-backend   
   <not supported>      instructions             
   <not supported>      branches                 
   <not supported>      branch-misses            

       0.253297642 seconds time elapsed                                          ( +-  0.45% )


 Performance counter stats for './mandelbrot_omp -0.8 -0.7 0.05 0.15 2048 16' (10 runs):

       7593.294717      task-clock (msec)         #    7.606 CPUs utilized            ( +-  0.86% )
               375      context-switches          #    0.049 K/sec                    ( +-  2.86% )
                55      cpu-migrations            #    0.007 K/sec                    ( +-  3.66% )
                92      page-faults               #    0.012 K/sec                    ( +-  0.34% )
   <not supported>      cycles                   
   <not supported>      stalled-cycles-frontend  
   <not supported>      stalled-cycles-backend   
   <not supported>      instructions             
   <not supported>      branches                 
   <not supported>      branch-misses            

       0.998358864 seconds time elapsed                                          ( +-  1.31% )


 Performance counter stats for './mandelbrot_omp -0.8 -0.7 0.05 0.15 4096 16' (10 runs):

      30247.241306      task-clock (msec)         #    7.865 CPUs utilized            ( +-  0.04% )
             1,754      context-switches          #    0.058 K/sec                    ( +-  1.16% )
                62      cpu-migrations            #    0.002 K/sec                    ( +-  4.06% )
                92      page-faults               #    0.003 K/sec                    ( +-  0.40% )
   <not supported>      cycles                   
   <not supported>      stalled-cycles-frontend  
   <not supported>      stalled-cycles-backend   
   <not supported>      instructions             
   <not supported>      branches                 
   <not supported>      branch-misses            

       3.845741916 seconds time elapsed                                          ( +-  0.14% )


 Performance counter stats for './mandelbrot_omp -0.8 -0.7 0.05 0.15 8192 16' (10 runs):

     121188.191923      task-clock (msec)         #    7.944 CPUs utilized            ( +-  0.07% )
             7,394      context-switches          #    0.061 K/sec                    ( +-  0.29% )
                95      cpu-migrations            #    0.001 K/sec                    ( +-  5.09% )
                92      page-faults               #    0.001 K/sec                    ( +-  0.25% )
   <not supported>      cycles                   
   <not supported>      stalled-cycles-frontend  
   <not supported>      stalled-cycles-backend   
   <not supported>      instructions             
   <not supported>      branches                 
   <not supported>      branch-misses            

      15.255033455 seconds time elapsed                                          ( +-  0.09% )


 Performance counter stats for './mandelbrot_omp -0.8 -0.7 0.05 0.15 16 32' (10 runs):

          1.821160      task-clock (msec)         #    1.139 CPUs utilized            ( +-  2.05% )
                86      context-switches          #    0.047 M/sec                    ( +-  4.19% )
                48      cpu-migrations            #    0.026 M/sec                    ( +-  3.58% )
               126      page-faults               #    0.069 M/sec                    ( +-  0.30% )
   <not supported>      cycles                   
   <not supported>      stalled-cycles-frontend  
   <not supported>      stalled-cycles-backend   
   <not supported>      instructions             
   <not supported>      branches                 
   <not supported>      branch-misses            

       0.001599075 seconds time elapsed                                          ( +-  1.04% )


 Performance counter stats for './mandelbrot_omp -0.8 -0.7 0.05 0.15 32 32' (10 runs):

          3.149382      task-clock (msec)         #    1.286 CPUs utilized            ( +-  1.41% )
                93      context-switches          #    0.029 M/sec                    ( +-  2.72% )
                59      cpu-migrations            #    0.019 M/sec                    ( +-  3.66% )
               127      page-faults               #    0.040 M/sec                    ( +-  0.17% )
   <not supported>      cycles                   
   <not supported>      stalled-cycles-frontend  
   <not supported>      stalled-cycles-backend   
   <not supported>      instructions             
   <not supported>      branches                 
   <not supported>      branch-misses            

       0.002449029 seconds time elapsed                                          ( +-  0.74% )


 Performance counter stats for './mandelbrot_omp -0.8 -0.7 0.05 0.15 64 32' (10 runs):

          8.078482      task-clock (msec)         #    1.844 CPUs utilized            ( +-  1.62% )
                94      context-switches          #    0.012 M/sec                    ( +-  1.77% )
                60      cpu-migrations            #    0.007 M/sec                    ( +-  4.33% )
               127      page-faults               #    0.016 M/sec                    ( +-  0.27% )
   <not supported>      cycles                   
   <not supported>      stalled-cycles-frontend  
   <not supported>      stalled-cycles-backend   
   <not supported>      instructions             
   <not supported>      branches                 
   <not supported>      branch-misses            

       0.004380685 seconds time elapsed                                          ( +-  3.46% )


 Performance counter stats for './mandelbrot_omp -0.8 -0.7 0.05 0.15 128 32' (10 runs):

         29.439149      task-clock (msec)         #    4.414 CPUs utilized            ( +-  0.97% )
                83      context-switches          #    0.003 M/sec                    ( +-  2.93% )
                79      cpu-migrations            #    0.003 M/sec                    ( +-  7.83% )
               126      page-faults               #    0.004 M/sec                    ( +-  0.19% )
   <not supported>      cycles                   
   <not supported>      stalled-cycles-frontend  
   <not supported>      stalled-cycles-backend   
   <not supported>      instructions             
   <not supported>      branches                 
   <not supported>      branch-misses            

       0.006668968 seconds time elapsed                                          ( +-  2.44% )


 Performance counter stats for './mandelbrot_omp -0.8 -0.7 0.05 0.15 256 32' (10 runs):

        115.562242      task-clock (msec)         #    5.899 CPUs utilized            ( +-  0.77% )
                92      context-switches          #    0.794 K/sec                    ( +-  2.34% )
                72      cpu-migrations            #    0.627 K/sec                    ( +-  2.58% )
               127      page-faults               #    0.001 M/sec                    ( +-  0.17% )
   <not supported>      cycles                   
   <not supported>      stalled-cycles-frontend  
   <not supported>      stalled-cycles-backend   
   <not supported>      instructions             
   <not supported>      branches                 
   <not supported>      branch-misses            

       0.019590930 seconds time elapsed                                          ( +-  1.54% )


 Performance counter stats for './mandelbrot_omp -0.8 -0.7 0.05 0.15 512 32' (10 runs):

        476.444321      task-clock (msec)         #    7.256 CPUs utilized            ( +-  0.12% )
               118      context-switches          #    0.249 K/sec                    ( +-  2.30% )
                87      cpu-migrations            #    0.183 K/sec                    ( +-  1.62% )
               126      page-faults               #    0.265 K/sec                    ( +-  0.21% )
   <not supported>      cycles                   
   <not supported>      stalled-cycles-frontend  
   <not supported>      stalled-cycles-backend   
   <not supported>      instructions             
   <not supported>      branches                 
   <not supported>      branch-misses            

       0.065663220 seconds time elapsed                                          ( +-  0.81% )


 Performance counter stats for './mandelbrot_omp -0.8 -0.7 0.05 0.15 1024 32' (10 runs):

       1917.507193      task-clock (msec)         #    7.697 CPUs utilized            ( +-  0.70% )
               232      context-switches          #    0.121 K/sec                    ( +-  1.42% )
                93      cpu-migrations            #    0.049 K/sec                    ( +-  2.52% )
               126      page-faults               #    0.066 K/sec                    ( +-  0.27% )
   <not supported>      cycles                   
   <not supported>      stalled-cycles-frontend  
   <not supported>      stalled-cycles-backend   
   <not supported>      instructions             
   <not supported>      branches                 
   <not supported>      branch-misses            

       0.249126172 seconds time elapsed                                          ( +-  0.72% )


 Performance counter stats for './mandelbrot_omp -0.8 -0.7 0.05 0.15 2048 32' (10 runs):

       7636.153892      task-clock (msec)         #    7.859 CPUs utilized            ( +-  0.04% )
               812      context-switches          #    0.106 K/sec                    ( +-  1.86% )
               116      cpu-migrations            #    0.015 K/sec                    ( +-  4.33% )
               127      page-faults               #    0.017 K/sec                    ( +-  0.24% )
   <not supported>      cycles                   
   <not supported>      stalled-cycles-frontend  
   <not supported>      stalled-cycles-backend   
   <not supported>      instructions             
   <not supported>      branches                 
   <not supported>      branch-misses            

       0.971625903 seconds time elapsed                                          ( +-  0.16% )


 Performance counter stats for './mandelbrot_omp -0.8 -0.7 0.05 0.15 4096 32' (10 runs):

      30552.539074      task-clock (msec)         #    7.953 CPUs utilized            ( +-  0.03% )
             3,542      context-switches          #    0.116 K/sec                    ( +-  0.45% )
               144      cpu-migrations            #    0.005 K/sec                    ( +-  4.09% )
               126      page-faults               #    0.004 K/sec                    ( +-  0.36% )
   <not supported>      cycles                   
   <not supported>      stalled-cycles-frontend  
   <not supported>      stalled-cycles-backend   
   <not supported>      instructions             
   <not supported>      branches                 
   <not supported>      branch-misses            

       3.841547162 seconds time elapsed                                          ( +-  0.07% )


 Performance counter stats for './mandelbrot_omp -0.8 -0.7 0.05 0.15 8192 32' (10 runs):

     122371.967181      task-clock (msec)         #    7.980 CPUs utilized            ( +-  0.05% )
            14,989      context-switches          #    0.122 K/sec                    ( +-  0.16% )
               149      cpu-migrations            #    0.001 K/sec                    ( +-  4.13% )
               126      page-faults               #    0.001 K/sec                    ( +-  0.27% )
   <not supported>      cycles                   
   <not supported>      stalled-cycles-frontend  
   <not supported>      stalled-cycles-backend   
   <not supported>      instructions             
   <not supported>      branches                 
   <not supported>      branch-misses            

      15.333998233 seconds time elapsed                                          ( +-  0.06% )

