
 Performance counter stats for './mandelbrot_omp -0.188 -0.012 0.554 0.754 16 1' (10 runs):

          0.764082      task-clock (msec)         #    0.762 CPUs utilized            ( +-  1.50% )
                 0      context-switches          #    0.000 K/sec                  
                 0      cpu-migrations            #    0.000 K/sec                  
                60      page-faults               #    0.079 M/sec                    ( +-  0.37% )
   <not supported>      cycles                   
   <not supported>      stalled-cycles-frontend  
   <not supported>      stalled-cycles-backend   
   <not supported>      instructions             
   <not supported>      branches                 
   <not supported>      branch-misses            

       0.001002186 seconds time elapsed                                          ( +-  1.37% )


 Performance counter stats for './mandelbrot_omp -0.188 -0.012 0.554 0.754 32 1' (10 runs):

          2.010163      task-clock (msec)         #    0.894 CPUs utilized            ( +-  0.63% )
                 0      context-switches          #    0.000 K/sec                  
                 0      cpu-migrations            #    0.000 K/sec                  
                60      page-faults               #    0.030 M/sec                    ( +-  0.72% )
   <not supported>      cycles                   
   <not supported>      stalled-cycles-frontend  
   <not supported>      stalled-cycles-backend   
   <not supported>      instructions             
   <not supported>      branches                 
   <not supported>      branch-misses            

       0.002248116 seconds time elapsed                                          ( +-  0.72% )


 Performance counter stats for './mandelbrot_omp -0.188 -0.012 0.554 0.754 64 1' (10 runs):

          6.955974      task-clock (msec)         #    0.964 CPUs utilized            ( +-  0.44% )
                 0      context-switches          #    0.014 K/sec                    ( +-100.00% )
                 0      cpu-migrations            #    0.000 K/sec                  
                60      page-faults               #    0.009 M/sec                    ( +-  0.52% )
   <not supported>      cycles                   
   <not supported>      stalled-cycles-frontend  
   <not supported>      stalled-cycles-backend   
   <not supported>      instructions             
   <not supported>      branches                 
   <not supported>      branch-misses            

       0.007218995 seconds time elapsed                                          ( +-  0.42% )


 Performance counter stats for './mandelbrot_omp -0.188 -0.012 0.554 0.754 128 1' (10 runs):

         26.745224      task-clock (msec)         #    0.990 CPUs utilized            ( +-  0.52% )
                 0      context-switches          #    0.004 K/sec                    ( +-100.00% )
                 0      cpu-migrations            #    0.000 K/sec                  
                60      page-faults               #    0.002 M/sec                    ( +-  0.39% )
   <not supported>      cycles                   
   <not supported>      stalled-cycles-frontend  
   <not supported>      stalled-cycles-backend   
   <not supported>      instructions             
   <not supported>      branches                 
   <not supported>      branch-misses            

       0.027016803 seconds time elapsed                                          ( +-  0.50% )


 Performance counter stats for './mandelbrot_omp -0.188 -0.012 0.554 0.754 256 1' (10 runs):

        105.861559      task-clock (msec)         #    0.997 CPUs utilized            ( +-  0.39% )
                 0      context-switches          #    0.003 K/sec                    ( +- 71.15% )
                 0      cpu-migrations            #    0.000 K/sec                  
                60      page-faults               #    0.566 K/sec                    ( +-  0.39% )
   <not supported>      cycles                   
   <not supported>      stalled-cycles-frontend  
   <not supported>      stalled-cycles-backend   
   <not supported>      instructions             
   <not supported>      branches                 
   <not supported>      branch-misses            

       0.106205640 seconds time elapsed                                          ( +-  0.39% )


 Performance counter stats for './mandelbrot_omp -0.188 -0.012 0.554 0.754 512 1' (10 runs):

        418.717144      task-clock (msec)         #    0.999 CPUs utilized            ( +-  0.04% )
                 1      context-switches          #    0.002 K/sec                    ( +- 37.19% )
                 0      cpu-migrations            #    0.000 K/sec                  
                60      page-faults               #    0.144 K/sec                    ( +-  0.54% )
   <not supported>      cycles                   
   <not supported>      stalled-cycles-frontend  
   <not supported>      stalled-cycles-backend   
   <not supported>      instructions             
   <not supported>      branches                 
   <not supported>      branch-misses            

       0.419071257 seconds time elapsed                                          ( +-  0.05% )


 Performance counter stats for './mandelbrot_omp -0.188 -0.012 0.554 0.754 1024 1' (10 runs):

       1674.496090      task-clock (msec)         #    1.000 CPUs utilized            ( +-  0.05% )
                 3      context-switches          #    0.002 K/sec                    ( +- 10.84% )
                 0      cpu-migrations            #    0.000 K/sec                  
                60      page-faults               #    0.036 K/sec                    ( +-  0.43% )
   <not supported>      cycles                   
   <not supported>      stalled-cycles-frontend  
   <not supported>      stalled-cycles-backend   
   <not supported>      instructions             
   <not supported>      branches                 
   <not supported>      branch-misses            

       1.674953267 seconds time elapsed                                          ( +-  0.05% )


 Performance counter stats for './mandelbrot_omp -0.188 -0.012 0.554 0.754 2048 1' (10 runs):

       6756.457967      task-clock (msec)         #    1.000 CPUs utilized            ( +-  0.78% )
                12      context-switches          #    0.002 K/sec                    ( +-  2.77% )
                 0      cpu-migrations            #    0.000 K/sec                  
                60      page-faults               #    0.009 K/sec                    ( +-  0.17% )
   <not supported>      cycles                   
   <not supported>      stalled-cycles-frontend  
   <not supported>      stalled-cycles-backend   
   <not supported>      instructions             
   <not supported>      branches                 
   <not supported>      branch-misses            

       6.757069822 seconds time elapsed                                          ( +-  0.78% )


 Performance counter stats for './mandelbrot_omp -0.188 -0.012 0.554 0.754 4096 1' (10 runs):

      27228.282474      task-clock (msec)         #    1.000 CPUs utilized            ( +-  0.56% )
                48      context-switches          #    0.002 K/sec                    ( +-  0.61% )
                 0      cpu-migrations            #    0.000 K/sec                  
                60      page-faults               #    0.002 K/sec                    ( +-  0.50% )
   <not supported>      cycles                   
   <not supported>      stalled-cycles-frontend  
   <not supported>      stalled-cycles-backend   
   <not supported>      instructions             
   <not supported>      branches                 
   <not supported>      branch-misses            

      27.229563441 seconds time elapsed                                          ( +-  0.56% )


 Performance counter stats for './mandelbrot_omp -0.188 -0.012 0.554 0.754 8192 1' (10 runs):

     108991.363749      task-clock (msec)         #    1.000 CPUs utilized            ( +-  0.27% )
               191      context-switches          #    0.002 K/sec                    ( +-  0.25% )
                 0      cpu-migrations            #    0.000 K/sec                  
                60      page-faults               #    0.001 K/sec                    ( +-  0.60% )
   <not supported>      cycles                   
   <not supported>      stalled-cycles-frontend  
   <not supported>      stalled-cycles-backend   
   <not supported>      instructions             
   <not supported>      branches                 
   <not supported>      branch-misses            

     108.994885655 seconds time elapsed                                          ( +-  0.27% )


 Performance counter stats for './mandelbrot_omp -0.188 -0.012 0.554 0.754 16 2' (10 runs):

          0.894988      task-clock (msec)         #    0.943 CPUs utilized            ( +-  1.72% )
                 0      context-switches          #    0.000 K/sec                  
                 1      cpu-migrations            #    0.001 M/sec                  
                62      page-faults               #    0.070 M/sec                    ( +-  0.26% )
   <not supported>      cycles                   
   <not supported>      stalled-cycles-frontend  
   <not supported>      stalled-cycles-backend   
   <not supported>      instructions             
   <not supported>      branches                 
   <not supported>      branch-misses            

       0.000948752 seconds time elapsed                                          ( +-  1.77% )


 Performance counter stats for './mandelbrot_omp -0.188 -0.012 0.554 0.754 32 2' (10 runs):

          2.251201      task-clock (msec)         #    1.364 CPUs utilized            ( +-  1.44% )
                 0      context-switches          #    0.044 K/sec                    ( +-100.00% )
                 1      cpu-migrations            #    0.444 K/sec                  
                62      page-faults               #    0.028 M/sec                    ( +-  0.48% )
   <not supported>      cycles                   
   <not supported>      stalled-cycles-frontend  
   <not supported>      stalled-cycles-backend   
   <not supported>      instructions             
   <not supported>      branches                 
   <not supported>      branch-misses            

       0.001650520 seconds time elapsed                                          ( +-  1.16% )


 Performance counter stats for './mandelbrot_omp -0.188 -0.012 0.554 0.754 64 2' (10 runs):

          7.140747      task-clock (msec)         #    1.734 CPUs utilized            ( +-  0.18% )
                 0      context-switches          #    0.000 K/sec                  
                 1      cpu-migrations            #    0.140 K/sec                  
                62      page-faults               #    0.009 M/sec                    ( +-  0.29% )
   <not supported>      cycles                   
   <not supported>      stalled-cycles-frontend  
   <not supported>      stalled-cycles-backend   
   <not supported>      instructions             
   <not supported>      branches                 
   <not supported>      branch-misses            

       0.004118073 seconds time elapsed                                          ( +-  0.35% )


 Performance counter stats for './mandelbrot_omp -0.188 -0.012 0.554 0.754 128 2' (10 runs):

         27.356824      task-clock (msec)         #    1.907 CPUs utilized            ( +-  0.24% )
                 0      context-switches          #    0.000 K/sec                  
                 1      cpu-migrations            #    0.037 K/sec                  
                62      page-faults               #    0.002 M/sec                    ( +-  0.32% )
   <not supported>      cycles                   
   <not supported>      stalled-cycles-frontend  
   <not supported>      stalled-cycles-backend   
   <not supported>      instructions             
   <not supported>      branches                 
   <not supported>      branch-misses            

       0.014344137 seconds time elapsed                                          ( +-  0.28% )


 Performance counter stats for './mandelbrot_omp -0.188 -0.012 0.554 0.754 256 2' (10 runs):

        109.968933      task-clock (msec)         #    1.953 CPUs utilized            ( +-  0.99% )
                 1      context-switches          #    0.006 K/sec                    ( +- 42.86% )
                 1      cpu-migrations            #    0.010 K/sec                    ( +-  9.09% )
                62      page-faults               #    0.564 K/sec                    ( +-  0.54% )
   <not supported>      cycles                   
   <not supported>      stalled-cycles-frontend  
   <not supported>      stalled-cycles-backend   
   <not supported>      instructions             
   <not supported>      branches                 
   <not supported>      branch-misses            

       0.056300567 seconds time elapsed                                          ( +-  1.74% )


 Performance counter stats for './mandelbrot_omp -0.188 -0.012 0.554 0.754 512 2' (10 runs):

        420.325010      task-clock (msec)         #    1.993 CPUs utilized            ( +-  0.07% )
                 1      context-switches          #    0.003 K/sec                    ( +- 40.82% )
                 1      cpu-migrations            #    0.002 K/sec                  
                62      page-faults               #    0.148 K/sec                    ( +-  0.35% )
   <not supported>      cycles                   
   <not supported>      stalled-cycles-frontend  
   <not supported>      stalled-cycles-backend   
   <not supported>      instructions             
   <not supported>      branches                 
   <not supported>      branch-misses            

       0.210858124 seconds time elapsed                                          ( +-  0.07% )


 Performance counter stats for './mandelbrot_omp -0.188 -0.012 0.554 0.754 1024 2' (10 runs):

       1678.426941      task-clock (msec)         #    1.998 CPUs utilized            ( +-  0.05% )
                 4      context-switches          #    0.002 K/sec                    ( +- 12.83% )
                 1      cpu-migrations            #    0.001 K/sec                  
                62      page-faults               #    0.037 K/sec                    ( +-  0.56% )
   <not supported>      cycles                   
   <not supported>      stalled-cycles-frontend  
   <not supported>      stalled-cycles-backend   
   <not supported>      instructions             
   <not supported>      branches                 
   <not supported>      branch-misses            

       0.840095648 seconds time elapsed                                          ( +-  0.05% )


 Performance counter stats for './mandelbrot_omp -0.188 -0.012 0.554 0.754 2048 2' (10 runs):

       6822.299018      task-clock (msec)         #    1.970 CPUs utilized            ( +-  0.68% )
                16      context-switches          #    0.002 K/sec                    ( +-  2.73% )
                 1      cpu-migrations            #    0.000 K/sec                    ( +-  9.09% )
                62      page-faults               #    0.009 K/sec                    ( +-  0.29% )
   <not supported>      cycles                   
   <not supported>      stalled-cycles-frontend  
   <not supported>      stalled-cycles-backend   
   <not supported>      instructions             
   <not supported>      branches                 
   <not supported>      branch-misses            

       3.463857465 seconds time elapsed                                          ( +-  1.34% )


 Performance counter stats for './mandelbrot_omp -0.188 -0.012 0.554 0.754 4096 2' (10 runs):

      27585.974687      task-clock (msec)         #    1.979 CPUs utilized            ( +-  0.78% )
                62      context-switches          #    0.002 K/sec                    ( +-  1.02% )
                 1      cpu-migrations            #    0.000 K/sec                    ( +- 16.67% )
                62      page-faults               #    0.002 K/sec                    ( +-  0.38% )
   <not supported>      cycles                   
   <not supported>      stalled-cycles-frontend  
   <not supported>      stalled-cycles-backend   
   <not supported>      instructions             
   <not supported>      branches                 
   <not supported>      branch-misses            

      13.937608044 seconds time elapsed                                          ( +-  1.19% )


 Performance counter stats for './mandelbrot_omp -0.188 -0.012 0.554 0.754 8192 2' (10 runs):

     111619.056454      task-clock (msec)         #    1.972 CPUs utilized            ( +-  0.77% )
               248      context-switches          #    0.002 K/sec                    ( +-  0.57% )
                 1      cpu-migrations            #    0.000 K/sec                    ( +-  9.09% )
                62      page-faults               #    0.001 K/sec                    ( +-  0.47% )
   <not supported>      cycles                   
   <not supported>      stalled-cycles-frontend  
   <not supported>      stalled-cycles-backend   
   <not supported>      instructions             
   <not supported>      branches                 
   <not supported>      branch-misses            

      56.613239121 seconds time elapsed                                          ( +-  1.18% )


 Performance counter stats for './mandelbrot_omp -0.188 -0.012 0.554 0.754 16 4' (10 runs):

          1.232014      task-clock (msec)         #    1.164 CPUs utilized            ( +-  2.54% )
                 0      context-switches          #    0.000 K/sec                  
                 3      cpu-migrations            #    0.002 M/sec                  
                66      page-faults               #    0.054 M/sec                    ( +-  0.20% )
   <not supported>      cycles                   
   <not supported>      stalled-cycles-frontend  
   <not supported>      stalled-cycles-backend   
   <not supported>      instructions             
   <not supported>      branches                 
   <not supported>      branch-misses            

       0.001058285 seconds time elapsed                                          ( +-  7.17% )


 Performance counter stats for './mandelbrot_omp -0.188 -0.012 0.554 0.754 32 4' (10 runs):

          2.299053      task-clock (msec)         #    2.008 CPUs utilized            ( +-  0.67% )
                 0      context-switches          #    0.000 K/sec                  
                 3      cpu-migrations            #    0.001 M/sec                  
                67      page-faults               #    0.029 M/sec                    ( +-  0.25% )
   <not supported>      cycles                   
   <not supported>      stalled-cycles-frontend  
   <not supported>      stalled-cycles-backend   
   <not supported>      instructions             
   <not supported>      branches                 
   <not supported>      branch-misses            

       0.001145129 seconds time elapsed                                          ( +-  1.14% )


 Performance counter stats for './mandelbrot_omp -0.188 -0.012 0.554 0.754 64 4' (10 runs):

          8.103214      task-clock (msec)         #    2.851 CPUs utilized            ( +-  2.57% )
                 0      context-switches          #    0.000 K/sec                  
                 3      cpu-migrations            #    0.370 K/sec                  
                66      page-faults               #    0.008 M/sec                    ( +-  0.30% )
   <not supported>      cycles                   
   <not supported>      stalled-cycles-frontend  
   <not supported>      stalled-cycles-backend   
   <not supported>      instructions             
   <not supported>      branches                 
   <not supported>      branch-misses            

       0.002841871 seconds time elapsed                                          ( +-  2.51% )


 Performance counter stats for './mandelbrot_omp -0.188 -0.012 0.554 0.754 128 4' (10 runs):

         28.378626      task-clock (msec)         #    3.650 CPUs utilized            ( +-  1.16% )
                 0      context-switches          #    0.018 K/sec                    ( +- 33.33% )
                 3      cpu-migrations            #    0.106 K/sec                  
                66      page-faults               #    0.002 M/sec                    ( +-  0.53% )
   <not supported>      cycles                   
   <not supported>      stalled-cycles-frontend  
   <not supported>      stalled-cycles-backend   
   <not supported>      instructions             
   <not supported>      branches                 
   <not supported>      branch-misses            

       0.007774073 seconds time elapsed                                          ( +-  1.15% )


 Performance counter stats for './mandelbrot_omp -0.188 -0.012 0.554 0.754 256 4' (10 runs):

        111.325085      task-clock (msec)         #    3.806 CPUs utilized            ( +-  0.93% )
                 1      context-switches          #    0.012 K/sec                    ( +- 36.35% )
                 3      cpu-migrations            #    0.027 K/sec                  
                66      page-faults               #    0.591 K/sec                    ( +-  0.44% )
   <not supported>      cycles                   
   <not supported>      stalled-cycles-frontend  
   <not supported>      stalled-cycles-backend   
   <not supported>      instructions             
   <not supported>      branches                 
   <not supported>      branch-misses            

       0.029252001 seconds time elapsed                                          ( +-  1.51% )


 Performance counter stats for './mandelbrot_omp -0.188 -0.012 0.554 0.754 512 4' (10 runs):

        430.033656      task-clock (msec)         #    3.928 CPUs utilized            ( +-  0.87% )
                 2      context-switches          #    0.003 K/sec                    ( +- 37.52% )
                 3      cpu-migrations            #    0.007 K/sec                  
                66      page-faults               #    0.154 K/sec                    ( +-  0.27% )
   <not supported>      cycles                   
   <not supported>      stalled-cycles-frontend  
   <not supported>      stalled-cycles-backend   
   <not supported>      instructions             
   <not supported>      branches                 
   <not supported>      branch-misses            

       0.109469386 seconds time elapsed                                          ( +-  1.54% )


 Performance counter stats for './mandelbrot_omp -0.188 -0.012 0.554 0.754 1024 4' (10 runs):

       1734.491714      task-clock (msec)         #    3.894 CPUs utilized            ( +-  0.76% )
                 6      context-switches          #    0.004 K/sec                    ( +- 10.72% )
                 3      cpu-migrations            #    0.002 K/sec                  
                66      page-faults               #    0.038 K/sec                    ( +-  0.55% )
   <not supported>      cycles                   
   <not supported>      stalled-cycles-frontend  
   <not supported>      stalled-cycles-backend   
   <not supported>      instructions             
   <not supported>      branches                 
   <not supported>      branch-misses            

       0.445461581 seconds time elapsed                                          ( +-  1.46% )


 Performance counter stats for './mandelbrot_omp -0.188 -0.012 0.554 0.754 2048 4' (10 runs):

       6964.281674      task-clock (msec)         #    3.854 CPUs utilized            ( +-  0.88% )
                18      context-switches          #    0.003 K/sec                    ( +-  4.24% )
                 3      cpu-migrations            #    0.000 K/sec                  
                66      page-faults               #    0.009 K/sec                    ( +-  0.30% )
   <not supported>      cycles                   
   <not supported>      stalled-cycles-frontend  
   <not supported>      stalled-cycles-backend   
   <not supported>      instructions             
   <not supported>      branches                 
   <not supported>      branch-misses            

       1.807170078 seconds time elapsed                                          ( +-  1.62% )


 Performance counter stats for './mandelbrot_omp -0.188 -0.012 0.554 0.754 4096 4' (10 runs):

      28338.870972      task-clock (msec)         #    3.832 CPUs utilized            ( +-  1.09% )
                59      context-switches          #    0.002 K/sec                    ( +-  1.80% )
                 3      cpu-migrations            #    0.000 K/sec                    ( +-  4.17% )
                67      page-faults               #    0.002 K/sec                    ( +-  0.23% )
   <not supported>      cycles                   
   <not supported>      stalled-cycles-frontend  
   <not supported>      stalled-cycles-backend   
   <not supported>      instructions             
   <not supported>      branches                 
   <not supported>      branch-misses            

       7.394431723 seconds time elapsed                                          ( +-  2.15% )


 Performance counter stats for './mandelbrot_omp -0.188 -0.012 0.554 0.754 8192 4' (10 runs):

     116916.592994      task-clock (msec)         #    3.797 CPUs utilized            ( +-  1.18% )
               233      context-switches          #    0.002 K/sec                    ( +-  1.68% )
                 4      cpu-migrations            #    0.000 K/sec                    ( +-  6.39% )
                66      page-faults               #    0.001 K/sec                    ( +-  0.44% )
   <not supported>      cycles                   
   <not supported>      stalled-cycles-frontend  
   <not supported>      stalled-cycles-backend   
   <not supported>      instructions             
   <not supported>      branches                 
   <not supported>      branch-misses            

      30.795220257 seconds time elapsed                                          ( +-  1.53% )


 Performance counter stats for './mandelbrot_omp -0.188 -0.012 0.554 0.754 16 8' (10 runs):

          2.373028      task-clock (msec)         #    1.876 CPUs utilized            ( +-  5.24% )
                 0      context-switches          #    0.042 K/sec                    ( +-100.00% )
                 7      cpu-migrations            #    0.003 M/sec                  
                75      page-faults               #    0.032 M/sec                    ( +-  0.27% )
   <not supported>      cycles                   
   <not supported>      stalled-cycles-frontend  
   <not supported>      stalled-cycles-backend   
   <not supported>      instructions             
   <not supported>      branches                 
   <not supported>      branch-misses            

       0.001264700 seconds time elapsed                                          ( +-  7.45% )


 Performance counter stats for './mandelbrot_omp -0.188 -0.012 0.554 0.754 32 8' (10 runs):

          3.706934      task-clock (msec)         #    2.692 CPUs utilized            ( +-  1.33% )
                 0      context-switches          #    0.000 K/sec                  
                 7      cpu-migrations            #    0.002 M/sec                  
                75      page-faults               #    0.020 M/sec                    ( +-  0.40% )
   <not supported>      cycles                   
   <not supported>      stalled-cycles-frontend  
   <not supported>      stalled-cycles-backend   
   <not supported>      instructions             
   <not supported>      branches                 
   <not supported>      branch-misses            

       0.001376957 seconds time elapsed                                          ( +-  1.58% )


 Performance counter stats for './mandelbrot_omp -0.188 -0.012 0.554 0.754 64 8' (10 runs):

          9.206878      task-clock (msec)         #    4.443 CPUs utilized            ( +-  1.97% )
                 0      context-switches          #    0.022 K/sec                    ( +- 66.67% )
                 7      cpu-migrations            #    0.760 K/sec                  
                75      page-faults               #    0.008 M/sec                    ( +-  0.29% )
   <not supported>      cycles                   
   <not supported>      stalled-cycles-frontend  
   <not supported>      stalled-cycles-backend   
   <not supported>      instructions             
   <not supported>      branches                 
   <not supported>      branch-misses            

       0.002072103 seconds time elapsed                                          ( +-  1.78% )


 Performance counter stats for './mandelbrot_omp -0.188 -0.012 0.554 0.754 128 8' (10 runs):

         34.347300      task-clock (msec)         #    6.332 CPUs utilized            ( +-  2.89% )
                 1      context-switches          #    0.032 K/sec                    ( +-  9.09% )
                 7      cpu-migrations            #    0.204 K/sec                  
                75      page-faults               #    0.002 M/sec                    ( +-  0.61% )
   <not supported>      cycles                   
   <not supported>      stalled-cycles-frontend  
   <not supported>      stalled-cycles-backend   
   <not supported>      instructions             
   <not supported>      branches                 
   <not supported>      branch-misses            

       0.005424497 seconds time elapsed                                          ( +-  2.54% )


 Performance counter stats for './mandelbrot_omp -0.188 -0.012 0.554 0.754 256 8' (10 runs):

        120.297556      task-clock (msec)         #    7.141 CPUs utilized            ( +-  2.00% )
                 7      context-switches          #    0.056 K/sec                    ( +- 13.72% )
                 7      cpu-migrations            #    0.059 K/sec                    ( +-  1.41% )
                75      page-faults               #    0.626 K/sec                    ( +-  0.44% )
   <not supported>      cycles                   
   <not supported>      stalled-cycles-frontend  
   <not supported>      stalled-cycles-backend   
   <not supported>      instructions             
   <not supported>      branches                 
   <not supported>      branch-misses            

       0.016846280 seconds time elapsed                                          ( +-  3.15% )


 Performance counter stats for './mandelbrot_omp -0.188 -0.012 0.554 0.754 512 8' (10 runs):

        540.964705      task-clock (msec)         #    7.663 CPUs utilized            ( +-  0.26% )
                20      context-switches          #    0.037 K/sec                    ( +-  6.28% )
                 7      cpu-migrations            #    0.013 K/sec                    ( +-  2.09% )
                75      page-faults               #    0.139 K/sec                    ( +-  0.37% )
   <not supported>      cycles                   
   <not supported>      stalled-cycles-frontend  
   <not supported>      stalled-cycles-backend   
   <not supported>      instructions             
   <not supported>      branches                 
   <not supported>      branch-misses            

       0.070596475 seconds time elapsed                                          ( +-  0.31% )


 Performance counter stats for './mandelbrot_omp -0.188 -0.012 0.554 0.754 1024 8' (10 runs):

       2125.418731      task-clock (msec)         #    7.655 CPUs utilized            ( +-  0.04% )
                31      context-switches          #    0.015 K/sec                    ( +-  5.29% )
                 7      cpu-migrations            #    0.003 K/sec                    ( +-  2.78% )
                75      page-faults               #    0.035 K/sec                    ( +-  0.40% )
   <not supported>      cycles                   
   <not supported>      stalled-cycles-frontend  
   <not supported>      stalled-cycles-backend   
   <not supported>      instructions             
   <not supported>      branches                 
   <not supported>      branch-misses            

       0.277641321 seconds time elapsed                                          ( +-  0.27% )


 Performance counter stats for './mandelbrot_omp -0.188 -0.012 0.554 0.754 2048 8' (10 runs):

       8496.663770      task-clock (msec)         #    7.699 CPUs utilized            ( +-  0.35% )
                45      context-switches          #    0.005 K/sec                    ( +-  4.16% )
                 7      cpu-migrations            #    0.001 K/sec                  
                75      page-faults               #    0.009 K/sec                    ( +-  0.37% )
   <not supported>      cycles                   
   <not supported>      stalled-cycles-frontend  
   <not supported>      stalled-cycles-backend   
   <not supported>      instructions             
   <not supported>      branches                 
   <not supported>      branch-misses            

       1.103608742 seconds time elapsed                                          ( +-  0.03% )


 Performance counter stats for './mandelbrot_omp -0.188 -0.012 0.554 0.754 4096 8' (10 runs):

      33774.143670      task-clock (msec)         #    7.652 CPUs utilized            ( +-  0.07% )
               109      context-switches          #    0.003 K/sec                    ( +-  4.34% )
                 8      cpu-migrations            #    0.000 K/sec                    ( +-  2.91% )
                75      page-faults               #    0.002 K/sec                    ( +-  0.44% )
   <not supported>      cycles                   
   <not supported>      stalled-cycles-frontend  
   <not supported>      stalled-cycles-backend   
   <not supported>      instructions             
   <not supported>      branches                 
   <not supported>      branch-misses            

       4.413751674 seconds time elapsed                                          ( +-  0.09% )


 Performance counter stats for './mandelbrot_omp -0.188 -0.012 0.554 0.754 8192 8' (10 runs):

     135467.892645      task-clock (msec)         #    7.679 CPUs utilized            ( +-  0.40% )
               326      context-switches          #    0.002 K/sec                    ( +-  2.19% )
                 8      cpu-migrations            #    0.000 K/sec                    ( +-  6.38% )
                75      page-faults               #    0.001 K/sec                    ( +-  0.40% )
   <not supported>      cycles                   
   <not supported>      stalled-cycles-frontend  
   <not supported>      stalled-cycles-backend   
   <not supported>      instructions             
   <not supported>      branches                 
   <not supported>      branch-misses            

      17.642385603 seconds time elapsed                                          ( +-  0.08% )


 Performance counter stats for './mandelbrot_omp -0.188 -0.012 0.554 0.754 16 16' (10 runs):

          1.531473      task-clock (msec)         #    1.249 CPUs utilized            ( +-  1.94% )
                48      context-switches          #    0.031 M/sec                    ( +-  0.55% )
                28      cpu-migrations            #    0.018 M/sec                    ( +-  2.38% )
                92      page-faults               #    0.060 M/sec                    ( +-  0.39% )
   <not supported>      cycles                   
   <not supported>      stalled-cycles-frontend  
   <not supported>      stalled-cycles-backend   
   <not supported>      instructions             
   <not supported>      branches                 
   <not supported>      branch-misses            

       0.001226173 seconds time elapsed                                          ( +-  1.37% )


 Performance counter stats for './mandelbrot_omp -0.188 -0.012 0.554 0.754 32 16' (10 runs):

          2.862776      task-clock (msec)         #    1.507 CPUs utilized            ( +-  0.88% )
                47      context-switches          #    0.017 M/sec                    ( +-  1.22% )
                27      cpu-migrations            #    0.009 M/sec                    ( +-  2.35% )
                92      page-faults               #    0.032 M/sec                    ( +-  0.36% )
   <not supported>      cycles                   
   <not supported>      stalled-cycles-frontend  
   <not supported>      stalled-cycles-backend   
   <not supported>      instructions             
   <not supported>      branches                 
   <not supported>      branch-misses            

       0.001900171 seconds time elapsed                                          ( +-  1.24% )


 Performance counter stats for './mandelbrot_omp -0.188 -0.012 0.554 0.754 64 16' (10 runs):

          9.044831      task-clock (msec)         #    2.935 CPUs utilized            ( +-  0.89% )
                46      context-switches          #    0.005 M/sec                    ( +-  2.25% )
                37      cpu-migrations            #    0.004 M/sec                    ( +-  4.32% )
                92      page-faults               #    0.010 M/sec                    ( +-  0.38% )
   <not supported>      cycles                   
   <not supported>      stalled-cycles-frontend  
   <not supported>      stalled-cycles-backend   
   <not supported>      instructions             
   <not supported>      branches                 
   <not supported>      branch-misses            

       0.003082088 seconds time elapsed                                          ( +-  4.05% )


 Performance counter stats for './mandelbrot_omp -0.188 -0.012 0.554 0.754 128 16' (10 runs):

         32.936436      task-clock (msec)         #    3.683 CPUs utilized            ( +-  1.61% )
                47      context-switches          #    0.001 M/sec                    ( +-  0.97% )
                33      cpu-migrations            #    0.001 M/sec                    ( +-  2.20% )
                92      page-faults               #    0.003 M/sec                    ( +-  0.28% )
   <not supported>      cycles                   
   <not supported>      stalled-cycles-frontend  
   <not supported>      stalled-cycles-backend   
   <not supported>      instructions             
   <not supported>      branches                 
   <not supported>      branch-misses            

       0.008941772 seconds time elapsed                                          ( +-  4.99% )


 Performance counter stats for './mandelbrot_omp -0.188 -0.012 0.554 0.754 256 16' (10 runs):

        131.058888      task-clock (msec)         #    5.570 CPUs utilized            ( +-  0.40% )
                47      context-switches          #    0.358 K/sec                    ( +-  2.14% )
                34      cpu-migrations            #    0.256 K/sec                    ( +-  2.63% )
                92      page-faults               #    0.700 K/sec                    ( +-  0.39% )
   <not supported>      cycles                   
   <not supported>      stalled-cycles-frontend  
   <not supported>      stalled-cycles-backend   
   <not supported>      instructions             
   <not supported>      branches                 
   <not supported>      branch-misses            

       0.023529385 seconds time elapsed                                          ( +-  1.87% )


 Performance counter stats for './mandelbrot_omp -0.188 -0.012 0.554 0.754 512 16' (10 runs):

        531.601724      task-clock (msec)         #    6.924 CPUs utilized            ( +-  0.24% )
                70      context-switches          #    0.132 K/sec                    ( +-  1.50% )
                40      cpu-migrations            #    0.074 K/sec                    ( +-  3.27% )
                92      page-faults               #    0.173 K/sec                    ( +-  0.30% )
   <not supported>      cycles                   
   <not supported>      stalled-cycles-frontend  
   <not supported>      stalled-cycles-backend   
   <not supported>      instructions             
   <not supported>      branches                 
   <not supported>      branch-misses            

       0.076773140 seconds time elapsed                                          ( +-  1.66% )


 Performance counter stats for './mandelbrot_omp -0.188 -0.012 0.554 0.754 1024 16' (10 runs):

       2133.300625      task-clock (msec)         #    7.391 CPUs utilized            ( +-  0.13% )
               135      context-switches          #    0.063 K/sec                    ( +-  2.33% )
                41      cpu-migrations            #    0.019 K/sec                    ( +-  1.99% )
                92      page-faults               #    0.043 K/sec                    ( +-  0.23% )
   <not supported>      cycles                   
   <not supported>      stalled-cycles-frontend  
   <not supported>      stalled-cycles-backend   
   <not supported>      instructions             
   <not supported>      branches                 
   <not supported>      branch-misses            

       0.288641679 seconds time elapsed                                          ( +-  0.54% )


 Performance counter stats for './mandelbrot_omp -0.188 -0.012 0.554 0.754 2048 16' (10 runs):

       8760.132916      task-clock (msec)         #    7.606 CPUs utilized            ( +-  1.35% )
               462      context-switches          #    0.053 K/sec                    ( +-  2.60% )
                52      cpu-migrations            #    0.006 K/sec                    ( +-  3.61% )
                92      page-faults               #    0.011 K/sec                    ( +-  0.18% )
   <not supported>      cycles                   
   <not supported>      stalled-cycles-frontend  
   <not supported>      stalled-cycles-backend   
   <not supported>      instructions             
   <not supported>      branches                 
   <not supported>      branch-misses            

       1.151714636 seconds time elapsed                                          ( +-  1.98% )


 Performance counter stats for './mandelbrot_omp -0.188 -0.012 0.554 0.754 4096 16' (10 runs):

      34504.948477      task-clock (msec)         #    7.875 CPUs utilized            ( +-  0.21% )
             2,055      context-switches          #    0.060 K/sec                    ( +-  0.75% )
                64      cpu-migrations            #    0.002 K/sec                    ( +-  4.26% )
                92      page-faults               #    0.003 K/sec                    ( +-  0.30% )
   <not supported>      cycles                   
   <not supported>      stalled-cycles-frontend  
   <not supported>      stalled-cycles-backend   
   <not supported>      instructions             
   <not supported>      branches                 
   <not supported>      branch-misses            

       4.381528839 seconds time elapsed                                          ( +-  0.39% )


 Performance counter stats for './mandelbrot_omp -0.188 -0.012 0.554 0.754 8192 16' (10 runs):

     137815.321457      task-clock (msec)         #    7.953 CPUs utilized            ( +-  0.03% )
             8,471      context-switches          #    0.061 K/sec                    ( +-  0.24% )
                93      cpu-migrations            #    0.001 K/sec                    ( +-  4.84% )
                92      page-faults               #    0.001 K/sec                    ( +-  0.18% )
   <not supported>      cycles                   
   <not supported>      stalled-cycles-frontend  
   <not supported>      stalled-cycles-backend   
   <not supported>      instructions             
   <not supported>      branches                 
   <not supported>      branch-misses            

      17.328589358 seconds time elapsed                                          ( +-  0.07% )


 Performance counter stats for './mandelbrot_omp -0.188 -0.012 0.554 0.754 16 32' (10 runs):

          2.102319      task-clock (msec)         #    1.277 CPUs utilized            ( +-  1.55% )
                93      context-switches          #    0.044 M/sec                    ( +-  2.38% )
                53      cpu-migrations            #    0.025 M/sec                    ( +-  2.22% )
               127      page-faults               #    0.060 M/sec                    ( +-  0.20% )
   <not supported>      cycles                   
   <not supported>      stalled-cycles-frontend  
   <not supported>      stalled-cycles-backend   
   <not supported>      instructions             
   <not supported>      branches                 
   <not supported>      branch-misses            

       0.001646871 seconds time elapsed                                          ( +-  1.65% )


 Performance counter stats for './mandelbrot_omp -0.188 -0.012 0.554 0.754 32 32' (10 runs):

          3.476715      task-clock (msec)         #    1.486 CPUs utilized            ( +-  1.36% )
                94      context-switches          #    0.027 M/sec                    ( +-  2.04% )
                61      cpu-migrations            #    0.017 M/sec                    ( +-  4.56% )
               126      page-faults               #    0.036 M/sec                    ( +-  0.29% )
   <not supported>      cycles                   
   <not supported>      stalled-cycles-frontend  
   <not supported>      stalled-cycles-backend   
   <not supported>      instructions             
   <not supported>      branches                 
   <not supported>      branch-misses            

       0.002339843 seconds time elapsed                                          ( +-  3.79% )


 Performance counter stats for './mandelbrot_omp -0.188 -0.012 0.554 0.754 64 32' (10 runs):

          9.374417      task-clock (msec)         #    2.669 CPUs utilized            ( +-  1.21% )
                92      context-switches          #    0.010 M/sec                    ( +-  1.96% )
                62      cpu-migrations            #    0.007 M/sec                    ( +-  4.43% )
               127      page-faults               #    0.014 M/sec                    ( +-  0.20% )
   <not supported>      cycles                   
   <not supported>      stalled-cycles-frontend  
   <not supported>      stalled-cycles-backend   
   <not supported>      instructions             
   <not supported>      branches                 
   <not supported>      branch-misses            

       0.003512843 seconds time elapsed                                          ( +-  5.91% )


 Performance counter stats for './mandelbrot_omp -0.188 -0.012 0.554 0.754 128 32' (10 runs):

         33.063839      task-clock (msec)         #    4.224 CPUs utilized            ( +-  1.51% )
                86      context-switches          #    0.003 M/sec                    ( +-  2.95% )
                68      cpu-migrations            #    0.002 M/sec                    ( +-  4.05% )
               126      page-faults               #    0.004 M/sec                    ( +-  0.29% )
   <not supported>      cycles                   
   <not supported>      stalled-cycles-frontend  
   <not supported>      stalled-cycles-backend   
   <not supported>      instructions             
   <not supported>      branches                 
   <not supported>      branch-misses            

       0.007827081 seconds time elapsed                                          ( +-  3.68% )


 Performance counter stats for './mandelbrot_omp -0.188 -0.012 0.554 0.754 256 32' (10 runs):

        132.081880      task-clock (msec)         #    5.886 CPUs utilized            ( +-  0.69% )
                88      context-switches          #    0.670 K/sec                    ( +-  3.43% )
                71      cpu-migrations            #    0.541 K/sec                    ( +-  3.58% )
               127      page-faults               #    0.960 K/sec                    ( +-  0.20% )
   <not supported>      cycles                   
   <not supported>      stalled-cycles-frontend  
   <not supported>      stalled-cycles-backend   
   <not supported>      instructions             
   <not supported>      branches                 
   <not supported>      branch-misses            

       0.022439674 seconds time elapsed                                          ( +-  2.58% )


 Performance counter stats for './mandelbrot_omp -0.188 -0.012 0.554 0.754 512 32' (10 runs):

        541.106057      task-clock (msec)         #    7.290 CPUs utilized            ( +-  0.18% )
               124      context-switches          #    0.229 K/sec                    ( +-  2.35% )
                88      cpu-migrations            #    0.162 K/sec                    ( +-  2.66% )
               127      page-faults               #    0.234 K/sec                    ( +-  0.28% )
   <not supported>      cycles                   
   <not supported>      stalled-cycles-frontend  
   <not supported>      stalled-cycles-backend   
   <not supported>      instructions             
   <not supported>      branches                 
   <not supported>      branch-misses            

       0.074221413 seconds time elapsed                                          ( +-  1.07% )


 Performance counter stats for './mandelbrot_omp -0.188 -0.012 0.554 0.754 1024 32' (10 runs):

       2166.274673      task-clock (msec)         #    7.716 CPUs utilized            ( +-  0.09% )
               248      context-switches          #    0.114 K/sec                    ( +-  1.60% )
                93      cpu-migrations            #    0.043 K/sec                    ( +-  2.21% )
               127      page-faults               #    0.058 K/sec                    ( +-  0.21% )
   <not supported>      cycles                   
   <not supported>      stalled-cycles-frontend  
   <not supported>      stalled-cycles-backend   
   <not supported>      instructions             
   <not supported>      branches                 
   <not supported>      branch-misses            

       0.280764470 seconds time elapsed                                          ( +-  0.24% )


 Performance counter stats for './mandelbrot_omp -0.188 -0.012 0.554 0.754 2048 32' (10 runs):

       8753.068827      task-clock (msec)         #    7.885 CPUs utilized            ( +-  0.65% )
               916      context-switches          #    0.105 K/sec                    ( +-  1.70% )
               124      cpu-migrations            #    0.014 K/sec                    ( +-  2.03% )
               127      page-faults               #    0.015 K/sec                    ( +-  0.17% )
   <not supported>      cycles                   
   <not supported>      stalled-cycles-frontend  
   <not supported>      stalled-cycles-backend   
   <not supported>      instructions             
   <not supported>      branches                 
   <not supported>      branch-misses            

       1.110129809 seconds time elapsed                                          ( +-  0.66% )


 Performance counter stats for './mandelbrot_omp -0.188 -0.012 0.554 0.754 4096 32' (10 runs):

      34778.707213      task-clock (msec)         #    7.951 CPUs utilized            ( +-  0.03% )
             4,088      context-switches          #    0.118 K/sec                    ( +-  0.79% )
               144      cpu-migrations            #    0.004 K/sec                    ( +-  5.26% )
               127      page-faults               #    0.004 K/sec                    ( +-  0.17% )
   <not supported>      cycles                   
   <not supported>      stalled-cycles-frontend  
   <not supported>      stalled-cycles-backend   
   <not supported>      instructions             
   <not supported>      branches                 
   <not supported>      branch-misses            

       4.374008886 seconds time elapsed                                          ( +-  0.06% )


 Performance counter stats for './mandelbrot_omp -0.188 -0.012 0.554 0.754 8192 32' (10 runs):

     139159.337760      task-clock (msec)         #    7.975 CPUs utilized            ( +-  0.04% )
            17,037      context-switches          #    0.122 K/sec                    ( +-  0.10% )
               160      cpu-migrations            #    0.001 K/sec                    ( +-  2.95% )
               126      page-faults               #    0.001 K/sec                    ( +-  0.32% )
   <not supported>      cycles                   
   <not supported>      stalled-cycles-frontend  
   <not supported>      stalled-cycles-backend   
   <not supported>      instructions             
   <not supported>      branches                 
   <not supported>      branch-misses            

      17.450521875 seconds time elapsed                                          ( +-  0.05% )

