
 Performance counter stats for './mandelbrot_seq 0.175 0.375 -0.1 0.1 16 1' (10 runs):

          0.573992      task-clock (msec)         #    0.666 CPUs utilized            ( +-  0.76% )
                 0      context-switches          #    0.000 K/sec                  
                 0      cpu-migrations            #    0.000 K/sec                  
                45      page-faults               #    0.079 M/sec                    ( +-  0.44% )
   <not supported>      cycles                   
   <not supported>      stalled-cycles-frontend  
   <not supported>      stalled-cycles-backend   
   <not supported>      instructions             
   <not supported>      branches                 
   <not supported>      branch-misses            

       0.000861341 seconds time elapsed                                          ( +-  1.22% )


 Performance counter stats for './mandelbrot_seq 0.175 0.375 -0.1 0.1 32 1' (10 runs):

          1.606768      task-clock (msec)         #    0.845 CPUs utilized            ( +-  0.36% )
                 0      context-switches          #    0.000 K/sec                  
                 0      cpu-migrations            #    0.000 K/sec                  
                45      page-faults               #    0.028 M/sec                    ( +-  0.29% )
   <not supported>      cycles                   
   <not supported>      stalled-cycles-frontend  
   <not supported>      stalled-cycles-backend   
   <not supported>      instructions             
   <not supported>      branches                 
   <not supported>      branch-misses            

       0.001900519 seconds time elapsed                                          ( +-  0.69% )


 Performance counter stats for './mandelbrot_seq 0.175 0.375 -0.1 0.1 64 1' (10 runs):

          5.678929      task-clock (msec)         #    0.948 CPUs utilized            ( +-  0.19% )
                 0      context-switches          #    0.000 K/sec                  
                 0      cpu-migrations            #    0.000 K/sec                  
                45      page-faults               #    0.008 M/sec                    ( +-  0.70% )
   <not supported>      cycles                   
   <not supported>      stalled-cycles-frontend  
   <not supported>      stalled-cycles-backend   
   <not supported>      instructions             
   <not supported>      branches                 
   <not supported>      branch-misses            

       0.005991335 seconds time elapsed                                          ( +-  0.25% )


 Performance counter stats for './mandelbrot_seq 0.175 0.375 -0.1 0.1 128 1' (10 runs):

         21.956089      task-clock (msec)         #    0.984 CPUs utilized            ( +-  0.12% )
                 0      context-switches          #    0.009 K/sec                    ( +-100.00% )
                 0      cpu-migrations            #    0.005 K/sec                    ( +-100.00% )
                45      page-faults               #    0.002 M/sec                    ( +-  0.40% )
   <not supported>      cycles                   
   <not supported>      stalled-cycles-frontend  
   <not supported>      stalled-cycles-backend   
   <not supported>      instructions             
   <not supported>      branches                 
   <not supported>      branch-misses            

       0.022314435 seconds time elapsed                                          ( +-  0.13% )


 Performance counter stats for './mandelbrot_seq 0.175 0.375 -0.1 0.1 256 1' (10 runs):

         86.630952      task-clock (msec)         #    0.995 CPUs utilized            ( +-  0.22% )
                 0      context-switches          #    0.002 K/sec                    ( +-100.00% )
                 0      cpu-migrations            #    0.000 K/sec                  
                45      page-faults               #    0.517 K/sec                    ( +-  0.65% )
   <not supported>      cycles                   
   <not supported>      stalled-cycles-frontend  
   <not supported>      stalled-cycles-backend   
   <not supported>      instructions             
   <not supported>      branches                 
   <not supported>      branch-misses            

       0.087050599 seconds time elapsed                                          ( +-  0.24% )


 Performance counter stats for './mandelbrot_seq 0.175 0.375 -0.1 0.1 512 1' (10 runs):

        343.397788      task-clock (msec)         #    0.999 CPUs utilized            ( +-  0.09% )
                 1      context-switches          #    0.002 K/sec                    ( +- 37.19% )
                 0      cpu-migrations            #    0.000 K/sec                  
                45      page-faults               #    0.132 K/sec                    ( +-  0.49% )
   <not supported>      cycles                   
   <not supported>      stalled-cycles-frontend  
   <not supported>      stalled-cycles-backend   
   <not supported>      instructions             
   <not supported>      branches                 
   <not supported>      branch-misses            

       0.343803264 seconds time elapsed                                          ( +-  0.09% )


 Performance counter stats for './mandelbrot_seq 0.175 0.375 -0.1 0.1 1024 1' (10 runs):

       1374.803396      task-clock (msec)         #    1.000 CPUs utilized            ( +-  0.26% )
                 2      context-switches          #    0.002 K/sec                    ( +-  8.94% )
                 0      cpu-migrations            #    0.000 K/sec                  
                46      page-faults               #    0.033 K/sec                    ( +-  0.59% )
   <not supported>      cycles                   
   <not supported>      stalled-cycles-frontend  
   <not supported>      stalled-cycles-backend   
   <not supported>      instructions             
   <not supported>      branches                 
   <not supported>      branch-misses            

       1.375230710 seconds time elapsed                                          ( +-  0.26% )


 Performance counter stats for './mandelbrot_seq 0.175 0.375 -0.1 0.1 2048 1' (10 runs):

       5482.198774      task-clock (msec)         #    1.000 CPUs utilized            ( +-  0.10% )
                 9      context-switches          #    0.002 K/sec                    ( +-  2.84% )
                 0      cpu-migrations            #    0.000 K/sec                  
                45      page-faults               #    0.008 K/sec                    ( +-  0.62% )
   <not supported>      cycles                   
   <not supported>      stalled-cycles-frontend  
   <not supported>      stalled-cycles-backend   
   <not supported>      instructions             
   <not supported>      branches                 
   <not supported>      branch-misses            

       5.482837030 seconds time elapsed                                          ( +-  0.10% )


 Performance counter stats for './mandelbrot_seq 0.175 0.375 -0.1 0.1 4096 1' (10 runs):

      21896.313211      task-clock (msec)         #    1.000 CPUs utilized            ( +-  0.02% )
                38      context-switches          #    0.002 K/sec                    ( +-  0.58% )
                 0      cpu-migrations            #    0.000 K/sec                  
                45      page-faults               #    0.002 K/sec                    ( +-  0.52% )
   <not supported>      cycles                   
   <not supported>      stalled-cycles-frontend  
   <not supported>      stalled-cycles-backend   
   <not supported>      instructions             
   <not supported>      branches                 
   <not supported>      branch-misses            

      21.897393118 seconds time elapsed                                          ( +-  0.02% )


 Performance counter stats for './mandelbrot_seq 0.175 0.375 -0.1 0.1 8192 1' (10 runs):

      89078.643910      task-clock (msec)         #    1.000 CPUs utilized            ( +-  0.29% )
               157      context-switches          #    0.002 K/sec                    ( +-  0.43% )
                 0      cpu-migrations            #    0.000 K/sec                  
                46      page-faults               #    0.001 K/sec                    ( +-  0.37% )
   <not supported>      cycles                   
   <not supported>      stalled-cycles-frontend  
   <not supported>      stalled-cycles-backend   
   <not supported>      instructions             
   <not supported>      branches                 
   <not supported>      branch-misses            

      89.081800838 seconds time elapsed                                          ( +-  0.29% )

