
 Performance counter stats for './mandelbrot_seq -2.5 1.5 -2.0 2.0 16 1' (10 runs):

          0.272802      task-clock (msec)         #    0.542 CPUs utilized            ( +-  3.71% )
                 0      context-switches          #    0.367 K/sec                    ( +-100.00% )
                 0      cpu-migrations            #    0.000 K/sec                  
                46      page-faults               #    0.167 M/sec                    ( +-  0.75% )
   <not supported>      cycles                   
   <not supported>      stalled-cycles-frontend  
   <not supported>      stalled-cycles-backend   
   <not supported>      instructions             
   <not supported>      branches                 
   <not supported>      branch-misses            

       0.000503614 seconds time elapsed                                          ( +-  4.10% )


 Performance counter stats for './mandelbrot_seq -2.5 1.5 -2.0 2.0 32 1' (10 runs):

          0.421027      task-clock (msec)         #    0.588 CPUs utilized            ( +-  0.49% )
                 0      context-switches          #    0.000 K/sec                  
                 0      cpu-migrations            #    0.000 K/sec                  
                45      page-faults               #    0.107 M/sec                    ( +-  0.55% )
   <not supported>      cycles                   
   <not supported>      stalled-cycles-frontend  
   <not supported>      stalled-cycles-backend   
   <not supported>      instructions             
   <not supported>      branches                 
   <not supported>      branch-misses            

       0.000715462 seconds time elapsed                                          ( +-  1.53% )


 Performance counter stats for './mandelbrot_seq -2.5 1.5 -2.0 2.0 64 1' (10 runs):

          1.034781      task-clock (msec)         #    0.779 CPUs utilized            ( +-  0.40% )
                 0      context-switches          #    0.000 K/sec                  
                 0      cpu-migrations            #    0.000 K/sec                  
                45      page-faults               #    0.044 M/sec                    ( +-  0.64% )
   <not supported>      cycles                   
   <not supported>      stalled-cycles-frontend  
   <not supported>      stalled-cycles-backend   
   <not supported>      instructions             
   <not supported>      branches                 
   <not supported>      branch-misses            

       0.001328693 seconds time elapsed                                          ( +-  0.89% )


 Performance counter stats for './mandelbrot_seq -2.5 1.5 -2.0 2.0 128 1' (10 runs):

          3.382003      task-clock (msec)         #    0.916 CPUs utilized            ( +-  0.37% )
                 0      context-switches          #    0.000 K/sec                  
                 0      cpu-migrations            #    0.000 K/sec                  
                46      page-faults               #    0.013 M/sec                    ( +-  0.36% )
   <not supported>      cycles                   
   <not supported>      stalled-cycles-frontend  
   <not supported>      stalled-cycles-backend   
   <not supported>      instructions             
   <not supported>      branches                 
   <not supported>      branch-misses            

       0.003692847 seconds time elapsed                                          ( +-  0.37% )


 Performance counter stats for './mandelbrot_seq -2.5 1.5 -2.0 2.0 256 1' (10 runs):

         12.680448      task-clock (msec)         #    0.974 CPUs utilized            ( +-  0.14% )
                 0      context-switches          #    0.000 K/sec                  
                 0      cpu-migrations            #    0.000 K/sec                  
                45      page-faults               #    0.004 M/sec                    ( +-  0.55% )
   <not supported>      cycles                   
   <not supported>      stalled-cycles-frontend  
   <not supported>      stalled-cycles-backend   
   <not supported>      instructions             
   <not supported>      branches                 
   <not supported>      branch-misses            

       0.013013590 seconds time elapsed                                          ( +-  0.14% )


 Performance counter stats for './mandelbrot_seq -2.5 1.5 -2.0 2.0 512 1' (10 runs):

         49.746733      task-clock (msec)         #    0.993 CPUs utilized            ( +-  0.18% )
                 0      context-switches          #    0.000 K/sec                  
                 0      cpu-migrations            #    0.004 K/sec                    ( +- 66.67% )
                46      page-faults               #    0.915 K/sec                    ( +-  0.49% )
   <not supported>      cycles                   
   <not supported>      stalled-cycles-frontend  
   <not supported>      stalled-cycles-backend   
   <not supported>      instructions             
   <not supported>      branches                 
   <not supported>      branch-misses            

       0.050100595 seconds time elapsed                                          ( +-  0.18% )


 Performance counter stats for './mandelbrot_seq -2.5 1.5 -2.0 2.0 1024 1' (10 runs):

        196.221715      task-clock (msec)         #    0.998 CPUs utilized            ( +-  0.05% )
                 0      context-switches          #    0.002 K/sec                    ( +- 71.15% )
                 0      cpu-migrations            #    0.000 K/sec                  
                45      page-faults               #    0.231 K/sec                    ( +-  0.57% )
   <not supported>      cycles                   
   <not supported>      stalled-cycles-frontend  
   <not supported>      stalled-cycles-backend   
   <not supported>      instructions             
   <not supported>      branches                 
   <not supported>      branch-misses            

       0.196620107 seconds time elapsed                                          ( +-  0.05% )


 Performance counter stats for './mandelbrot_seq -2.5 1.5 -2.0 2.0 2048 1' (10 runs):

        784.803064      task-clock (msec)         #    1.000 CPUs utilized            ( +-  0.13% )
                 1      context-switches          #    0.002 K/sec                    ( +- 23.08% )
                 0      cpu-migrations            #    0.000 K/sec                  
                45      page-faults               #    0.057 K/sec                    ( +-  0.45% )
   <not supported>      cycles                   
   <not supported>      stalled-cycles-frontend  
   <not supported>      stalled-cycles-backend   
   <not supported>      instructions             
   <not supported>      branches                 
   <not supported>      branch-misses            

       0.785181749 seconds time elapsed                                          ( +-  0.14% )


 Performance counter stats for './mandelbrot_seq -2.5 1.5 -2.0 2.0 4096 1' (10 runs):

       3132.619447      task-clock (msec)         #    1.000 CPUs utilized            ( +-  0.15% )
                 6      context-switches          #    0.002 K/sec                    ( +-  4.07% )
                 0      cpu-migrations            #    0.000 K/sec                  
                45      page-faults               #    0.014 K/sec                    ( +-  0.56% )
   <not supported>      cycles                   
   <not supported>      stalled-cycles-frontend  
   <not supported>      stalled-cycles-backend   
   <not supported>      instructions             
   <not supported>      branches                 
   <not supported>      branch-misses            

       3.133099787 seconds time elapsed                                          ( +-  0.15% )


 Performance counter stats for './mandelbrot_seq -2.5 1.5 -2.0 2.0 8192 1' (10 runs):

      12511.074821      task-clock (msec)         #    1.000 CPUs utilized            ( +-  0.09% )
                22      context-switches          #    0.002 K/sec                    ( +-  1.44% )
                 0      cpu-migrations            #    0.000 K/sec                  
                45      page-faults               #    0.004 K/sec                    ( +-  0.57% )
   <not supported>      cycles                   
   <not supported>      stalled-cycles-frontend  
   <not supported>      stalled-cycles-backend   
   <not supported>      instructions             
   <not supported>      branches                 
   <not supported>      branch-misses            

      12.511799974 seconds time elapsed                                          ( +-  0.09% )

