
 Performance counter stats for './mandelbrot_seq -0.8 -0.7 0.05 0.15 16 1' (10 runs):

          0.583862      task-clock (msec)         #    0.664 CPUs utilized            ( +-  1.01% )
                 0      context-switches          #    0.171 K/sec                    ( +-100.00% )
                 0      cpu-migrations            #    0.000 K/sec                  
                45      page-faults               #    0.078 M/sec                    ( +-  0.49% )
   <not supported>      cycles                   
   <not supported>      stalled-cycles-frontend  
   <not supported>      stalled-cycles-backend   
   <not supported>      instructions             
   <not supported>      branches                 
   <not supported>      branch-misses            

       0.000878786 seconds time elapsed                                          ( +-  1.99% )


 Performance counter stats for './mandelbrot_seq -0.8 -0.7 0.05 0.15 32 1' (10 runs):

          1.658269      task-clock (msec)         #    0.854 CPUs utilized            ( +-  0.39% )
                 0      context-switches          #    0.000 K/sec                  
                 0      cpu-migrations            #    0.000 K/sec                  
                45      page-faults               #    0.027 M/sec                    ( +-  0.47% )
   <not supported>      cycles                   
   <not supported>      stalled-cycles-frontend  
   <not supported>      stalled-cycles-backend   
   <not supported>      instructions             
   <not supported>      branches                 
   <not supported>      branch-misses            

       0.001941518 seconds time elapsed                                          ( +-  0.36% )


 Performance counter stats for './mandelbrot_seq -0.8 -0.7 0.05 0.15 64 1' (10 runs):

          5.961073      task-clock (msec)         #    0.952 CPUs utilized            ( +-  0.17% )
                 0      context-switches          #    0.000 K/sec                  
                 0      cpu-migrations            #    0.000 K/sec                  
                45      page-faults               #    0.008 M/sec                    ( +-  0.49% )
   <not supported>      cycles                   
   <not supported>      stalled-cycles-frontend  
   <not supported>      stalled-cycles-backend   
   <not supported>      instructions             
   <not supported>      branches                 
   <not supported>      branch-misses            

       0.006261633 seconds time elapsed                                          ( +-  0.20% )


 Performance counter stats for './mandelbrot_seq -0.8 -0.7 0.05 0.15 128 1' (10 runs):

         23.064064      task-clock (msec)         #    0.986 CPUs utilized            ( +-  0.09% )
                 0      context-switches          #    0.000 K/sec                  
                 0      cpu-migrations            #    0.000 K/sec                  
                45      page-faults               #    0.002 M/sec                    ( +-  0.57% )
   <not supported>      cycles                   
   <not supported>      stalled-cycles-frontend  
   <not supported>      stalled-cycles-backend   
   <not supported>      instructions             
   <not supported>      branches                 
   <not supported>      branch-misses            

       0.023401196 seconds time elapsed                                          ( +-  0.11% )


 Performance counter stats for './mandelbrot_seq -0.8 -0.7 0.05 0.15 256 1' (10 runs):

         91.426989      task-clock (msec)         #    0.995 CPUs utilized            ( +-  0.04% )
                 0      context-switches          #    0.002 K/sec                    ( +- 66.67% )
                 0      cpu-migrations            #    0.000 K/sec                  
                45      page-faults               #    0.497 K/sec                    ( +-  0.36% )
   <not supported>      cycles                   
   <not supported>      stalled-cycles-frontend  
   <not supported>      stalled-cycles-backend   
   <not supported>      instructions             
   <not supported>      branches                 
   <not supported>      branch-misses            

       0.091845772 seconds time elapsed                                          ( +-  0.04% )


 Performance counter stats for './mandelbrot_seq -0.8 -0.7 0.05 0.15 512 1' (10 runs):

        365.270691      task-clock (msec)         #    0.999 CPUs utilized            ( +-  0.15% )
                 1      context-switches          #    0.002 K/sec                    ( +- 37.19% )
                 0      cpu-migrations            #    0.000 K/sec                  
                46      page-faults               #    0.125 K/sec                    ( +-  0.48% )
   <not supported>      cycles                   
   <not supported>      stalled-cycles-frontend  
   <not supported>      stalled-cycles-backend   
   <not supported>      instructions             
   <not supported>      branches                 
   <not supported>      branch-misses            

       0.365672805 seconds time elapsed                                          ( +-  0.15% )


 Performance counter stats for './mandelbrot_seq -0.8 -0.7 0.05 0.15 1024 1' (10 runs):

       1452.921103      task-clock (msec)         #    1.000 CPUs utilized            ( +-  0.03% )
                 2      context-switches          #    0.002 K/sec                    ( +- 10.75% )
                 0      cpu-migrations            #    0.000 K/sec                  
                45      page-faults               #    0.031 K/sec                    ( +-  0.47% )
   <not supported>      cycles                   
   <not supported>      stalled-cycles-frontend  
   <not supported>      stalled-cycles-backend   
   <not supported>      instructions             
   <not supported>      branches                 
   <not supported>      branch-misses            

       1.453421384 seconds time elapsed                                          ( +-  0.03% )


 Performance counter stats for './mandelbrot_seq -0.8 -0.7 0.05 0.15 2048 1' (10 runs):

       5810.820541      task-clock (msec)         #    1.000 CPUs utilized            ( +-  0.07% )
                10      context-switches          #    0.002 K/sec                    ( +-  2.53% )
                 0      cpu-migrations            #    0.000 K/sec                  
                46      page-faults               #    0.008 K/sec                    ( +-  0.49% )
   <not supported>      cycles                   
   <not supported>      stalled-cycles-frontend  
   <not supported>      stalled-cycles-backend   
   <not supported>      instructions             
   <not supported>      branches                 
   <not supported>      branch-misses            

       5.811490089 seconds time elapsed                                          ( +-  0.07% )


 Performance counter stats for './mandelbrot_seq -0.8 -0.7 0.05 0.15 4096 1' (10 runs):

      23240.483234      task-clock (msec)         #    1.000 CPUs utilized            ( +-  0.03% )
                41      context-switches          #    0.002 K/sec                    ( +-  0.61% )
                 0      cpu-migrations            #    0.000 K/sec                  
                45      page-faults               #    0.002 K/sec                    ( +-  0.47% )
   <not supported>      cycles                   
   <not supported>      stalled-cycles-frontend  
   <not supported>      stalled-cycles-backend   
   <not supported>      instructions             
   <not supported>      branches                 
   <not supported>      branch-misses            

      23.241720724 seconds time elapsed                                          ( +-  0.03% )


 Performance counter stats for './mandelbrot_seq -0.8 -0.7 0.05 0.15 8192 1' (10 runs):

      93910.196718      task-clock (msec)         #    1.000 CPUs utilized            ( +-  0.21% )
               165      context-switches          #    0.002 K/sec                    ( +-  0.26% )
                 0      cpu-migrations            #    0.000 K/sec                  
                45      page-faults               #    0.000 K/sec                    ( +-  0.47% )
   <not supported>      cycles                   
   <not supported>      stalled-cycles-frontend  
   <not supported>      stalled-cycles-backend   
   <not supported>      instructions             
   <not supported>      branches                 
   <not supported>      branch-misses            

      93.913289639 seconds time elapsed                                          ( +-  0.21% )

