
 Performance counter stats for './mandelbrot_seq -0.188 -0.012 0.554 0.754 16 1' (10 runs):

          0.600197      task-clock (msec)         #    0.753 CPUs utilized            ( +-  0.41% )
                 0      context-switches          #    0.000 K/sec                  
                 0      cpu-migrations            #    0.000 K/sec                  
                45      page-faults               #    0.075 M/sec                    ( +-  0.47% )
   <not supported>      cycles                   
   <not supported>      stalled-cycles-frontend  
   <not supported>      stalled-cycles-backend   
   <not supported>      instructions             
   <not supported>      branches                 
   <not supported>      branch-misses            

       0.000796964 seconds time elapsed                                          ( +-  0.55% )


 Performance counter stats for './mandelbrot_seq -0.188 -0.012 0.554 0.754 32 1' (10 runs):

          1.839328      task-clock (msec)         #    0.880 CPUs utilized            ( +-  0.30% )
                 0      context-switches          #    0.000 K/sec                  
                 0      cpu-migrations            #    0.000 K/sec                  
                45      page-faults               #    0.025 M/sec                    ( +-  0.49% )
   <not supported>      cycles                   
   <not supported>      stalled-cycles-frontend  
   <not supported>      stalled-cycles-backend   
   <not supported>      instructions             
   <not supported>      branches                 
   <not supported>      branch-misses            

       0.002089421 seconds time elapsed                                          ( +-  0.68% )


 Performance counter stats for './mandelbrot_seq -0.188 -0.012 0.554 0.754 64 1' (10 runs):

          6.719603      task-clock (msec)         #    0.963 CPUs utilized            ( +-  0.16% )
                 0      context-switches          #    0.015 K/sec                    ( +-100.00% )
                 0      cpu-migrations            #    0.000 K/sec                  
                45      page-faults               #    0.007 M/sec                    ( +-  0.33% )
   <not supported>      cycles                   
   <not supported>      stalled-cycles-frontend  
   <not supported>      stalled-cycles-backend   
   <not supported>      instructions             
   <not supported>      branches                 
   <not supported>      branch-misses            

       0.006978790 seconds time elapsed                                          ( +-  0.19% )


 Performance counter stats for './mandelbrot_seq -0.188 -0.012 0.554 0.754 128 1' (10 runs):

         26.168699      task-clock (msec)         #    0.989 CPUs utilized            ( +-  0.04% )
                 0      context-switches          #    0.008 K/sec                    ( +- 66.67% )
                 0      cpu-migrations            #    0.000 K/sec                  
                45      page-faults               #    0.002 M/sec                    ( +-  0.44% )
   <not supported>      cycles                   
   <not supported>      stalled-cycles-frontend  
   <not supported>      stalled-cycles-backend   
   <not supported>      instructions             
   <not supported>      branches                 
   <not supported>      branch-misses            

       0.026455921 seconds time elapsed                                          ( +-  0.08% )


 Performance counter stats for './mandelbrot_seq -0.188 -0.012 0.554 0.754 256 1' (10 runs):

        103.715822      task-clock (msec)         #    0.997 CPUs utilized            ( +-  0.03% )
                 0      context-switches          #    0.001 K/sec                    ( +-100.00% )
                 0      cpu-migrations            #    0.000 K/sec                  
                45      page-faults               #    0.438 K/sec                    ( +-  0.49% )
   <not supported>      cycles                   
   <not supported>      stalled-cycles-frontend  
   <not supported>      stalled-cycles-backend   
   <not supported>      instructions             
   <not supported>      branches                 
   <not supported>      branch-misses            

       0.104030025 seconds time elapsed                                          ( +-  0.03% )


 Performance counter stats for './mandelbrot_seq -0.188 -0.012 0.554 0.754 512 1' (10 runs):

        413.798111      task-clock (msec)         #    0.999 CPUs utilized            ( +-  0.02% )
                 1      context-switches          #    0.002 K/sec                    ( +- 37.19% )
                 0      cpu-migrations            #    0.000 K/sec                  
                45      page-faults               #    0.108 K/sec                    ( +-  0.45% )
   <not supported>      cycles                   
   <not supported>      stalled-cycles-frontend  
   <not supported>      stalled-cycles-backend   
   <not supported>      instructions             
   <not supported>      branches                 
   <not supported>      branch-misses            

       0.414118989 seconds time elapsed                                          ( +-  0.02% )


 Performance counter stats for './mandelbrot_seq -0.188 -0.012 0.554 0.754 1024 1' (10 runs):

       1653.445532      task-clock (msec)         #    1.000 CPUs utilized            ( +-  0.01% )
                 3      context-switches          #    0.002 K/sec                    ( +- 10.84% )
                 0      cpu-migrations            #    0.000 K/sec                    ( +-100.00% )
                45      page-faults               #    0.027 K/sec                    ( +-  0.67% )
   <not supported>      cycles                   
   <not supported>      stalled-cycles-frontend  
   <not supported>      stalled-cycles-backend   
   <not supported>      instructions             
   <not supported>      branches                 
   <not supported>      branch-misses            

       1.653800111 seconds time elapsed                                          ( +-  0.01% )


 Performance counter stats for './mandelbrot_seq -0.188 -0.012 0.554 0.754 2048 1' (10 runs):

       6614.083888      task-clock (msec)         #    1.000 CPUs utilized            ( +-  0.05% )
                12      context-switches          #    0.002 K/sec                    ( +-  2.67% )
                 0      cpu-migrations            #    0.000 K/sec                  
                46      page-faults               #    0.007 K/sec                    ( +-  0.33% )
   <not supported>      cycles                   
   <not supported>      stalled-cycles-frontend  
   <not supported>      stalled-cycles-backend   
   <not supported>      instructions             
   <not supported>      branches                 
   <not supported>      branch-misses            

       6.614587082 seconds time elapsed                                          ( +-  0.05% )


 Performance counter stats for './mandelbrot_seq -0.188 -0.012 0.554 0.754 4096 1' (10 runs):

      26472.171350      task-clock (msec)         #    1.000 CPUs utilized            ( +-  0.06% )
                46      context-switches          #    0.002 K/sec                    ( +-  0.78% )
                 0      cpu-migrations            #    0.000 K/sec                  
                45      page-faults               #    0.002 K/sec                    ( +-  0.44% )
   <not supported>      cycles                   
   <not supported>      stalled-cycles-frontend  
   <not supported>      stalled-cycles-backend   
   <not supported>      instructions             
   <not supported>      branches                 
   <not supported>      branch-misses            

      26.473140397 seconds time elapsed                                          ( +-  0.06% )


 Performance counter stats for './mandelbrot_seq -0.188 -0.012 0.554 0.754 8192 1' (10 runs):

     105988.736599      task-clock (msec)         #    1.000 CPUs utilized            ( +-  0.04% )
               186      context-switches          #    0.002 K/sec                    ( +-  0.09% )
                 0      cpu-migrations            #    0.000 K/sec                  
                45      page-faults               #    0.000 K/sec                    ( +-  0.52% )
   <not supported>      cycles                   
   <not supported>      stalled-cycles-frontend  
   <not supported>      stalled-cycles-backend   
   <not supported>      instructions             
   <not supported>      branches                 
   <not supported>      branch-misses            

     105.991550272 seconds time elapsed                                          ( +-  0.04% )

